2026-05-14 09:46:16.4284|WARN|LoginRequestHandler|User tried to login with an invalid session. ( Session: tJo6T3QSMQgMjzMc1_iQP85OEcvWv4_C )
2026-05-14 09:46:59.7289|WARN|LoginRequestHandler|User tried to login with an invalid session. ( Session: HGwEkjGSa5HlrvhJZdzh7ymt8BHjGFLF )
2026-05-14 09:47:18.2925|WARN|LoginRequestHandler|User tried to login with an invalid session. ( Session: tyhQv1kVKK6KyEnPgnsZH_0zHlowZA8z )
2026-05-14 09:57:52.3370|WARN|LoginRequestHandler|User tried to login with an invalid session. ( Session: K9DwMvKo0SWjhQXQ865VdfXaswhipgjn )
2026-05-14 09:58:14.2682|WARN|LoginRequestHandler|User tried to login with an invalid session. ( Session: q72l7Ad7plS-5MyJq5Iho4grQLJBaNRj )
2026-05-14 10:08:48.2881|WARN|LoginRequestHandler|User tried to login with an invalid session. ( Session: PJ7h76eWeAOsCoDfxIG-UL3xXOQ6qdCq )
2026-05-14 10:19:36.0858|WARN|LoginRequestHandler|User tried to login with an invalid session. ( Session: fV9z3JH04HgJXfULVHVR1HOd_OV8KpNA )
2026-05-14 10:34:31.2375|WARN|LoginRequestHandler|User tried to login with an invalid session. ( Session: KB6exsW-wkLdLQL24V0ee2_lGlJ68CFz )
2026-05-14 10:40:55.2589|WARN|LoginRequestHandler|User tried to login with an invalid session. ( Session: ZbqLXHPQtA8Q-UPGYOZhd0gHPTrqdcZU )
2026-05-14 10:41:11.2654|WARN|LoginRequestHandler|User tried to login with an invalid session. ( Session: Xh5U85zHZ10ivKUHfKEjQI6YZVoVcYPA )
2026-05-14 11:07:09.7479|WARN|LoginRequestHandler|User tried to login with an invalid session. ( Session: peHG8qkNSBDoi4Aj4iaplsOKLehvos-b )
2026-05-14 11:22:10.4483|WARN|LoginRequestHandler|User tried to login with an invalid session. ( Session: h1EFZtqlqd_3qJAQcukpRc1eCPpqsYiZ )
2026-05-14 11:23:43.4849|WARN|LoginRequestHandler|User tried to login with an invalid session. ( Session: h49uVEze9dNCDo-OxT5jGMBc0EO_hxKp )
2026-05-14 12:12:56.9297|WARN|LoginRequestHandler|User tried to login with an invalid session. ( Session: c6a7d90bbd0f4e9884645e2c28c86ac6 )
2026-05-14 12:22:51.3606|WARN|LoginRequestHandler|User tried to login with an invalid session. ( Session: 4e88e537a7124e2f8c7959758f88e3bd )
2026-05-14 14:13:32.5295|WARN|LoginRequestHandler|User tried to login with an invalid session. ( Session: c3abe070618741a3be522bcf22ed3e66 )
2026-05-14 14:23:08.2736|WARN|LoginRequestHandler|User tried to login with an invalid session. ( Session: 1e16e17d72f943658dcb59f48c33ce0d )
2026-05-14 14:31:21.1694|WARN|LoginRequestHandler|User tried to login with an invalid session. ( Session: 7843798c4e514b0ea29367987322c303 )
2026-05-14 14:31:59.8930|WARN|LoginRequestHandler|User tried to login with an invalid session. ( Session: ef2123f3c09943b5b0f7c217631dbaba )
2026-05-14 16:13:40.3519|WARN|LoginRequestHandler|User tried to login with an invalid session. ( Session: 66eba4ff546f4759b6a43d31fef26da5 )
2026-05-14 16:16:21.8596|WARN|LoginRequestHandler|User tried to login with an invalid session. ( Session: ef46426da08e44f4934a801298729330 )
