2026-06-06 13:34:09.2234|WARN|MinigameDiagnostics|MINIGAME_DIAG|event=raw-unhandled-packet|handler=RawTcgPacketHandler|player=225|worldTunnel=n/a|tunnel=client-unhandled|opcode=98|packetName=ClientPathRequestPacket|payload=620001E10000000000000000000000000000000330C1C33C19CA3F646A17C40000803FD303BEC3500BA13FF01916C40000803F00000000;payloadTruncated=false
2026-06-06 13:34:18.1313|WARN|MinigameDiagnostics|MINIGAME_DIAG|event=raw-unhandled-packet|handler=RawTcgPacketHandler|player=225|worldTunnel=n/a|tunnel=client-unhandled|opcode=98|packetName=ClientPathRequestPacket|payload=620001E1000000000000000000000000000000CCB1B9C38409AB3F3FD91EC40000803F1462BCC3C0E5D43E83261FC40000803F00000000;payloadTruncated=false
2026-06-06 13:34:22.9277|WARN|MinigameDiagnostics|MINIGAME_DIAG|event=raw-unhandled-packet|handler=RawTcgPacketHandler|player=225|worldTunnel=n/a|tunnel=client-unhandled|opcode=98|packetName=ClientPathRequestPacket|payload=620001E100000000000000000000000000000039F1C6C3FE3EAB3F23B61EC40000803FF8E4C8C3E0249F3ED3BC1EC40000803F00000000;payloadTruncated=false
2026-06-06 13:36:15.7553|WARN|MinigameDiagnostics|MINIGAME_DIAG|event=raw-unhandled-packet|handler=RawTcgPacketHandler|player=225|worldTunnel=n/a|tunnel=client-unhandled|opcode=16|packetName=PacketClientLogout|payload=1000;payloadTruncated=false
2026-06-06 13:47:09.2015|WARN|MinigameDiagnostics|MINIGAME_DIAG|event=raw-unhandled-packet|handler=RawTcgPacketHandler|player=225|worldTunnel=n/a|tunnel=client-unhandled|opcode=98|packetName=ClientPathRequestPacket|payload=620001E1000000000000000000000000000000539DB6C32EA66F3FFDE319C40000803FE60DB5C32011343F94961CC40000803F00000000;payloadTruncated=false
2026-06-06 13:49:37.1320|WARN|MinigameDiagnostics|MINIGAME_DIAG|event=raw-unhandled-packet|handler=RawTcgPacketHandler|player=225|worldTunnel=n/a|tunnel=client-unhandled|opcode=98|packetName=ClientPathRequestPacket|payload=620001E1000000000000000000000000000000B10BB8C300FC033FD9FF19C40000803FA5AAB5C378A75D3F50BD1BC40000803F00000000;payloadTruncated=false
2026-06-06 13:51:11.2203|WARN|MinigameDiagnostics|MINIGAME_DIAG|event=raw-unhandled-packet|handler=RawTcgPacketHandler|player=225|worldTunnel=n/a|tunnel=client-unhandled|opcode=16|packetName=PacketClientLogout|payload=1000;payloadTruncated=false
2026-06-06 14:04:55.6390|WARN|MinigameDiagnostics|MINIGAME_DIAG|event=raw-unhandled-packet|handler=RawTcgPacketHandler|player=225|worldTunnel=n/a|tunnel=client-unhandled|opcode=16|packetName=PacketClientLogout|payload=1000;payloadTruncated=false
2026-06-06 14:14:10.5698|WARN|MinigameDiagnostics|MINIGAME_DIAG|event=raw-unhandled-packet|handler=RawTcgPacketHandler|player=225|worldTunnel=n/a|tunnel=client-unhandled|opcode=16|packetName=PacketClientLogout|payload=1000;payloadTruncated=false
2026-06-06 14:15:38.6478|WARN|MinigameDiagnostics|MINIGAME_DIAG|event=raw-unhandled-packet|handler=RawTcgPacketHandler|player=225|worldTunnel=n/a|tunnel=client-unhandled|opcode=98|packetName=ClientPathRequestPacket|payload=620001E1000000000000000000000000000000EE20BDC3F1140C40778117C40000803FA223F1C332594A4072C117C40000803F00000000;payloadTruncated=false
2026-06-06 14:22:43.4909|WARN|MinigameDiagnostics|MINIGAME_DIAG|event=raw-unhandled-packet|handler=RawTcgPacketHandler|player=225|worldTunnel=n/a|tunnel=client-unhandled|opcode=16|packetName=PacketClientLogout|payload=1000;payloadTruncated=false
2026-06-06 14:24:04.6322|WARN|MinigameDiagnostics|MINIGAME_DIAG|event=raw-unhandled-packet|handler=RawTcgPacketHandler|player=225|worldTunnel=n/a|tunnel=client-unhandled|opcode=16|packetName=PacketClientLogout|payload=1000;payloadTruncated=false
2026-06-06 14:32:54.8334|WARN|MinigameDiagnostics|MINIGAME_DIAG|event=raw-unhandled-packet|handler=RawTcgPacketHandler|player=225|worldTunnel=n/a|tunnel=client-unhandled|opcode=16|packetName=PacketClientLogout|payload=1000;payloadTruncated=false
2026-06-06 14:39:07.5447|WARN|MinigameDiagnostics|MINIGAME_DIAG|event=raw-unhandled-packet|handler=RawTcgPacketHandler|player=225|worldTunnel=n/a|tunnel=client-unhandled|opcode=16|packetName=PacketClientLogout|payload=1000;payloadTruncated=false
2026-06-06 14:39:09.5599|ERROR|Sanctuary.Gateway.GatewayConnection|Failed to save character data to database
2026-06-06 14:40:04.7277|WARN|MinigameDiagnostics|MINIGAME_DIAG|event=unhandled-packet|handler=MiniGamePacketHandler|player=225|worldTunnel=false|family=MiniGame|type=6
2026-06-06 14:41:17.1131|WARN|MinigameDiagnostics|MINIGAME_DIAG|event=raw-unhandled-packet|handler=RawTcgPacketHandler|player=225|worldTunnel=n/a|tunnel=client-unhandled|opcode=16|packetName=PacketClientLogout|payload=1000;payloadTruncated=false
2026-06-06 14:41:19.1702|ERROR|Sanctuary.Gateway.GatewayConnection|Failed to save character data to database
2026-06-06 14:41:53.8458|WARN|MinigameDiagnostics|MINIGAME_DIAG|event=raw-unhandled-packet|handler=RawTcgPacketHandler|player=225|worldTunnel=n/a|tunnel=client-unhandled|opcode=16|packetName=PacketClientLogout|payload=1000;payloadTruncated=false
2026-06-06 14:41:55.8568|ERROR|Sanctuary.Gateway.GatewayConnection|Failed to save character data to database
2026-06-06 14:43:16.2126|WARN|MinigameDiagnostics|MINIGAME_DIAG|event=raw-unhandled-packet|handler=RawTcgPacketHandler|player=225|worldTunnel=n/a|tunnel=client-unhandled|opcode=16|packetName=PacketClientLogout|payload=1000;payloadTruncated=false
2026-06-06 14:43:18.2277|ERROR|Sanctuary.Gateway.GatewayConnection|Failed to save character data to database
2026-06-06 14:46:08.5037|WARN|MinigameDiagnostics|MINIGAME_DIAG|event=raw-unhandled-packet|handler=RawTcgPacketHandler|player=225|worldTunnel=n/a|tunnel=client-unhandled|opcode=16|packetName=PacketClientLogout|payload=1000;payloadTruncated=false
2026-06-06 14:46:10.5195|ERROR|Sanctuary.Gateway.GatewayConnection|Failed to save character data to database
2026-06-06 14:47:36.4759|WARN|MinigameDiagnostics|MINIGAME_DIAG|event=raw-unhandled-packet|handler=RawTcgPacketHandler|player=321|worldTunnel=n/a|tunnel=client-unhandled|opcode=16|packetName=PacketClientLogout|payload=1000;payloadTruncated=false
2026-06-06 14:47:38.4836|ERROR|Sanctuary.Gateway.GatewayConnection|Failed to save character data to database
2026-06-06 14:48:45.1489|WARN|MinigameDiagnostics|MINIGAME_DIAG|event=raw-unhandled-packet|handler=RawTcgPacketHandler|player=225|worldTunnel=n/a|tunnel=client-unhandled|opcode=16|packetName=PacketClientLogout|payload=1000;payloadTruncated=false
2026-06-06 14:48:47.1644|ERROR|Sanctuary.Gateway.GatewayConnection|Failed to save character data to database
2026-06-06 15:10:57.5768|WARN|MinigameDiagnostics|MINIGAME_DIAG|event=raw-unhandled-packet|handler=RawTcgPacketHandler|player=321|worldTunnel=n/a|tunnel=client-unhandled|opcode=16|packetName=PacketClientLogout|payload=1000;payloadTruncated=false
2026-06-06 15:11:42.1769|WARN|MinigameDiagnostics|MINIGAME_DIAG|event=raw-unhandled-packet|handler=RawTcgPacketHandler|player=225|worldTunnel=n/a|tunnel=client-unhandled|opcode=16|packetName=PacketClientLogout|payload=1000;payloadTruncated=false
2026-06-06 15:11:44.1878|ERROR|Sanctuary.Gateway.GatewayConnection|Failed to save character data to database
2026-06-06 15:15:21.6787|WARN|MinigameDiagnostics|MINIGAME_DIAG|event=raw-unhandled-packet|handler=RawTcgPacketHandler|player=337|worldTunnel=n/a|tunnel=client-unhandled|opcode=16|packetName=PacketClientLogout|payload=1000;payloadTruncated=false
2026-06-06 15:16:32.5870|WARN|MinigameDiagnostics|MINIGAME_DIAG|event=raw-unhandled-packet|handler=RawTcgPacketHandler|player=353|worldTunnel=n/a|tunnel=client-unhandled|opcode=16|packetName=PacketClientLogout|payload=1000;payloadTruncated=false
2026-06-06 15:20:43.4812|WARN|MinigameDiagnostics|MINIGAME_DIAG|event=raw-unhandled-packet|handler=RawTcgPacketHandler|player=321|worldTunnel=n/a|tunnel=client-unhandled|opcode=16|packetName=PacketClientLogout|payload=1000;payloadTruncated=false
2026-06-06 15:21:28.6465|WARN|MinigameDiagnostics|MINIGAME_DIAG|event=raw-unhandled-packet|handler=RawTcgPacketHandler|player=353|worldTunnel=n/a|tunnel=client-unhandled|opcode=16|packetName=PacketClientLogout|payload=1000;payloadTruncated=false
2026-06-06 15:21:30.6570|ERROR|Sanctuary.Gateway.GatewayConnection|Failed to save character data to database
2026-06-06 15:29:16.5975|WARN|MinigameDiagnostics|MINIGAME_DIAG|event=raw-unhandled-packet|handler=RawTcgPacketHandler|player=337|worldTunnel=n/a|tunnel=client-unhandled|opcode=16|packetName=PacketClientLogout|payload=1000;payloadTruncated=false
2026-06-06 15:29:18.6130|ERROR|Sanctuary.Gateway.GatewayConnection|Failed to save character data to database
2026-06-06 15:30:30.3326|WARN|MinigameDiagnostics|MINIGAME_DIAG|event=raw-unhandled-packet|handler=RawTcgPacketHandler|player=321|worldTunnel=n/a|tunnel=client-unhandled|opcode=16|packetName=PacketClientLogout|payload=1000;payloadTruncated=false
2026-06-06 15:30:32.3462|ERROR|Sanctuary.Gateway.GatewayConnection|Failed to save character data to database
2026-06-06 15:41:53.4843|WARN|MinigameDiagnostics|MINIGAME_DIAG|event=raw-unhandled-packet|handler=RawTcgPacketHandler|player=353|worldTunnel=n/a|tunnel=client-unhandled|opcode=16|packetName=PacketClientLogout|payload=1000;payloadTruncated=false
2026-06-06 15:41:55.5069|ERROR|Sanctuary.Gateway.GatewayConnection|Failed to save character data to database
2026-06-06 15:47:36.7335|ERROR|Sanctuary.Gateway.GatewayConnection|Failed to save character data to database
2026-06-06 15:55:53.7734|WARN|MinigameDiagnostics|MINIGAME_DIAG|event=raw-unhandled-packet|handler=RawTcgPacketHandler|player=225|worldTunnel=n/a|tunnel=client-unhandled|opcode=16|packetName=PacketClientLogout|payload=1000;payloadTruncated=false
2026-06-06 15:55:55.7798|ERROR|Sanctuary.Gateway.GatewayConnection|Failed to save character data to database
2026-06-06 16:22:09.8381|WARN|MinigameDiagnostics|MINIGAME_DIAG|event=raw-unhandled-packet|handler=RawTcgPacketHandler|player=225|worldTunnel=n/a|tunnel=client-unhandled|opcode=16|packetName=PacketClientLogout|payload=1000;payloadTruncated=false
2026-06-06 16:22:11.8665|ERROR|Sanctuary.Gateway.GatewayConnection|Failed to save character data to database
2026-06-06 16:23:30.7638|WARN|MinigameDiagnostics|MINIGAME_DIAG|event=raw-unhandled-packet|handler=RawTcgPacketHandler|player=225|worldTunnel=n/a|tunnel=client-unhandled|opcode=16|packetName=PacketClientLogout|payload=1000;payloadTruncated=false
2026-06-06 16:23:32.7676|ERROR|Sanctuary.Gateway.GatewayConnection|Failed to save character data to database
2026-06-06 16:30:39.1860|ERROR|Sanctuary.Gateway.GatewayConnection|Failed to save character data to database
2026-06-06 16:43:41.4171|WARN|MinigameDiagnostics|MINIGAME_DIAG|event=raw-unhandled-packet|handler=RawTcgPacketHandler|player=225|worldTunnel=n/a|tunnel=client-unhandled|opcode=16|packetName=PacketClientLogout|payload=1000;payloadTruncated=false
2026-06-06 16:43:44.0954|ERROR|Sanctuary.Gateway.GatewayConnection|Failed to save character data to database
2026-06-06 19:08:17.6821|WARN|MinigameDiagnostics|MINIGAME_DIAG|event=raw-unhandled-packet|handler=RawTcgPacketHandler|player=225|worldTunnel=n/a|tunnel=client-unhandled|opcode=16|packetName=PacketClientLogout|payload=1000;payloadTruncated=false
2026-06-06 19:25:15.3460|WARN|MinigameDiagnostics|MINIGAME_DIAG|event=raw-unhandled-packet|handler=RawTcgPacketHandler|player=225|worldTunnel=n/a|tunnel=client-unhandled|opcode=16|packetName=PacketClientLogout|payload=1000;payloadTruncated=false
2026-06-06 19:29:15.7106|WARN|MinigameDiagnostics|MINIGAME_DIAG|event=raw-unhandled-packet|handler=RawTcgPacketHandler|player=225|worldTunnel=n/a|tunnel=client-unhandled|opcode=16|packetName=PacketClientLogout|payload=1000;payloadTruncated=false
2026-06-06 19:29:17.7193|ERROR|Sanctuary.Gateway.GatewayConnection|Failed to save character data to database
2026-06-06 19:48:13.6782|WARN|MinigameDiagnostics|MINIGAME_DIAG|event=unhandled-packet|handler=MiniGamePacketHandler|player=369|worldTunnel=false|family=MiniGame|type=6
2026-06-06 19:48:13.6782|WARN|MinigameDiagnostics|MINIGAME_DIAG|event=unhandled-packet|handler=MiniGamePacketHandler|player=369|worldTunnel=false|family=MiniGame|type=7
2026-06-06 19:50:54.0347|WARN|MinigameDiagnostics|MINIGAME_DIAG|event=unhandled-packet|handler=MiniGamePacketHandler|player=369|worldTunnel=false|family=MiniGame|type=6
2026-06-06 19:50:54.0347|WARN|MinigameDiagnostics|MINIGAME_DIAG|event=unhandled-packet|handler=MiniGamePacketHandler|player=369|worldTunnel=false|family=MiniGame|type=7
2026-06-06 19:53:40.1000|WARN|MinigameDiagnostics|MINIGAME_DIAG|event=raw-unhandled-packet|handler=RawTcgPacketHandler|player=369|worldTunnel=n/a|tunnel=client-unhandled|opcode=16|packetName=PacketClientLogout|payload=1000;payloadTruncated=false
2026-06-06 20:05:18.8798|ERROR|Sanctuary.Gateway.GatewayConnection|Failed to save character data to database
