2026-05-21 00:07:24.1919|WARN|MinigameDiagnostics|MINIGAME_DIAG|event=raw-unhandled-packet|handler=RawTcgPacketHandler|player=225|worldTunnel=n/a|tunnel=client-unhandled|opcode=16|packetName=PacketClientLogout|payload=1000;payloadTruncated=false
2026-05-21 00:19:28.3799|WARN|MinigameDiagnostics|MINIGAME_DIAG|event=list-queues-auto-launch|handler=MatchmakingPacketHandler|player=225|worldTunnel=true|count=1|threshold=1|reason=client repeated queue list without one-time-session, owner-launch, or owner-matchmaking packet
2026-05-21 00:54:23.0295|WARN|MinigameDiagnostics|MINIGAME_DIAG|event=raw-unhandled-packet|handler=RawTcgPacketHandler|player=225|worldTunnel=n/a|tunnel=client-unhandled|opcode=16|packetName=PacketClientLogout|payload=1000;payloadTruncated=false
2026-05-21 00:55:44.2422|WARN|MinigameDiagnostics|MINIGAME_DIAG|event=list-queues-auto-launch|handler=MatchmakingPacketHandler|player=225|worldTunnel=true|count=1|threshold=1|reason=client repeated queue list without one-time-session, owner-launch, or owner-matchmaking packet
2026-05-21 01:00:41.1683|WARN|MinigameDiagnostics|MINIGAME_DIAG|event=list-queues-auto-launch|handler=MatchmakingPacketHandler|player=225|worldTunnel=true|count=1|threshold=1|reason=client repeated queue list without one-time-session, owner-launch, or owner-matchmaking packet
2026-05-21 01:13:38.7548|WARN|MinigameDiagnostics|MINIGAME_DIAG|event=list-queues-auto-launch|handler=MatchmakingPacketHandler|player=225|worldTunnel=true|count=1|threshold=1|reason=client repeated queue list without one-time-session, owner-launch, or owner-matchmaking packet
2026-05-21 01:14:25.8799|WARN|MinigameDiagnostics|MINIGAME_DIAG|event=list-queues-auto-launch|handler=MatchmakingPacketHandler|player=225|worldTunnel=true|count=1|threshold=1|reason=client repeated queue list without one-time-session, owner-launch, or owner-matchmaking packet
2026-05-21 01:24:57.8329|WARN|MinigameDiagnostics|MINIGAME_DIAG|event=list-queues-auto-launch|handler=MatchmakingPacketHandler|player=225|worldTunnel=true|count=1|threshold=1|reason=client repeated queue list without one-time-session, owner-launch, or owner-matchmaking packet
2026-05-21 01:26:07.2089|WARN|MinigameDiagnostics|MINIGAME_DIAG|event=list-queues-auto-launch|handler=MatchmakingPacketHandler|player=225|worldTunnel=true|count=1|threshold=1|reason=client repeated queue list without one-time-session, owner-launch, or owner-matchmaking packet
2026-05-21 01:46:16.3202|WARN|MinigameDiagnostics|MINIGAME_DIAG|event=list-queues-auto-launch|handler=MatchmakingPacketHandler|player=225|worldTunnel=true|count=1|threshold=1|reason=client repeated queue list without one-time-session, owner-launch, or owner-matchmaking packet
2026-05-21 02:02:33.2973|WARN|MinigameDiagnostics|MINIGAME_DIAG|event=raw-unhandled-packet|handler=RawTcgPacketHandler|player=225|worldTunnel=n/a|tunnel=client-unhandled|opcode=16|packetName=PacketClientLogout|payload=1000;payloadTruncated=false
2026-05-21 02:07:08.5116|WARN|MinigameDiagnostics|MINIGAME_DIAG|event=list-queues-auto-launch|handler=MatchmakingPacketHandler|player=225|worldTunnel=true|count=1|threshold=1|reason=client repeated queue list without one-time-session, owner-launch, or owner-matchmaking packet
2026-05-21 02:07:24.2981|WARN|MinigameDiagnostics|MINIGAME_DIAG|event=raw-unhandled-packet|handler=RawTcgPacketHandler|player=225|worldTunnel=n/a|tunnel=client-unhandled|opcode=16|packetName=PacketClientLogout|payload=1000;payloadTruncated=false
2026-05-21 02:17:12.6170|WARN|MinigameDiagnostics|MINIGAME_DIAG|event=list-queues-auto-launch|handler=MatchmakingPacketHandler|player=225|worldTunnel=true|count=1|threshold=1|reason=client repeated queue list without one-time-session, owner-launch, or owner-matchmaking packet
2026-05-21 02:19:08.8567|WARN|MinigameDiagnostics|MINIGAME_DIAG|event=raw-unhandled-packet|handler=RawTcgPacketHandler|player=225|worldTunnel=n/a|tunnel=client-unhandled|opcode=53|packetName=PetPreviewRequestPacket|payload=350026AA94000000000000FF00000000000000;payloadTruncated=false
2026-05-21 02:19:53.7509|WARN|MinigameDiagnostics|MINIGAME_DIAG|event=list-queues-auto-launch|handler=MatchmakingPacketHandler|player=225|worldTunnel=true|count=1|threshold=1|reason=client repeated queue list without one-time-session, owner-launch, or owner-matchmaking packet
2026-05-21 02:22:03.2481|WARN|MinigameDiagnostics|MINIGAME_DIAG|event=raw-unhandled-packet|handler=RawTcgPacketHandler|player=225|worldTunnel=n/a|tunnel=client-unhandled|opcode=16|packetName=PacketClientLogout|payload=1000;payloadTruncated=false
2026-05-21 08:31:27.3876|WARN|MinigameDiagnostics|MINIGAME_DIAG|event=list-queues-auto-launch|handler=MatchmakingPacketHandler|player=225|worldTunnel=true|count=1|threshold=1|reason=client repeated queue list without one-time-session, owner-launch, or owner-matchmaking packet
2026-05-21 08:34:10.8261|WARN|MinigameDiagnostics|MINIGAME_DIAG|event=raw-unhandled-packet|handler=RawTcgPacketHandler|player=225|worldTunnel=n/a|tunnel=client-unhandled|opcode=16|packetName=PacketClientLogout|payload=1000;payloadTruncated=false
2026-05-21 08:34:52.7241|WARN|MinigameDiagnostics|MINIGAME_DIAG|event=list-queues-auto-launch|handler=MatchmakingPacketHandler|player=225|worldTunnel=true|count=1|threshold=1|reason=client repeated queue list without one-time-session, owner-launch, or owner-matchmaking packet
2026-05-21 08:41:44.4290|WARN|MinigameDiagnostics|MINIGAME_DIAG|event=raw-unhandled-packet|handler=RawTcgPacketHandler|player=225|worldTunnel=n/a|tunnel=client-unhandled|opcode=16|packetName=PacketClientLogout|payload=1000;payloadTruncated=false
2026-05-21 08:42:24.3983|WARN|MinigameDiagnostics|MINIGAME_DIAG|event=list-queues-auto-launch|handler=MatchmakingPacketHandler|player=225|worldTunnel=true|count=1|threshold=1|reason=client repeated queue list without one-time-session, owner-launch, or owner-matchmaking packet
2026-05-21 08:44:28.4798|WARN|MinigameDiagnostics|MINIGAME_DIAG|event=raw-unhandled-packet|handler=RawTcgPacketHandler|player=225|worldTunnel=n/a|tunnel=client-unhandled|opcode=16|packetName=PacketClientLogout|payload=1000;payloadTruncated=false
2026-05-21 08:44:30.4977|ERROR|Sanctuary.Gateway.GatewayConnection|Failed to save character data to database
2026-05-21 08:45:29.1179|WARN|MinigameDiagnostics|MINIGAME_DIAG|event=list-queues-auto-launch|handler=MatchmakingPacketHandler|player=225|worldTunnel=true|count=1|threshold=1|reason=client repeated queue list without one-time-session, owner-launch, or owner-matchmaking packet
2026-05-21 08:45:59.5062|WARN|MinigameDiagnostics|MINIGAME_DIAG|event=list-queues-auto-launch|handler=MatchmakingPacketHandler|player=225|worldTunnel=true|count=2|threshold=1|reason=client repeated queue list without one-time-session, owner-launch, or owner-matchmaking packet
2026-05-21 08:51:09.6729|WARN|MinigameDiagnostics|MINIGAME_DIAG|event=raw-unhandled-packet|handler=RawTcgPacketHandler|player=225|worldTunnel=n/a|tunnel=client-unhandled|opcode=16|packetName=PacketClientLogout|payload=1000;payloadTruncated=false
2026-05-21 08:51:51.5045|WARN|MinigameDiagnostics|MINIGAME_DIAG|event=list-queues-auto-launch|handler=MatchmakingPacketHandler|player=225|worldTunnel=true|count=1|threshold=1|reason=client repeated queue list without one-time-session, owner-launch, or owner-matchmaking packet
2026-05-21 08:53:09.2231|WARN|MinigameDiagnostics|MINIGAME_DIAG|event=raw-unhandled-packet|handler=RawTcgPacketHandler|player=225|worldTunnel=n/a|tunnel=client-unhandled|opcode=16|packetName=PacketClientLogout|payload=1000;payloadTruncated=false
2026-05-21 08:53:11.2292|ERROR|Sanctuary.Gateway.GatewayConnection|Failed to save character data to database
2026-05-21 08:53:31.3411|WARN|MinigameDiagnostics|MINIGAME_DIAG|event=list-queues-auto-launch|handler=MatchmakingPacketHandler|player=225|worldTunnel=true|count=1|threshold=1|reason=client repeated queue list without one-time-session, owner-launch, or owner-matchmaking packet
2026-05-21 08:56:11.9222|WARN|MinigameDiagnostics|MINIGAME_DIAG|event=raw-unhandled-packet|handler=RawTcgPacketHandler|player=225|worldTunnel=n/a|tunnel=client-unhandled|opcode=16|packetName=PacketClientLogout|payload=1000;payloadTruncated=false
2026-05-21 08:56:13.9278|ERROR|Sanctuary.Gateway.GatewayConnection|Failed to save character data to database
2026-05-21 08:56:51.0216|WARN|MinigameDiagnostics|MINIGAME_DIAG|event=list-queues-auto-launch|handler=MatchmakingPacketHandler|player=225|worldTunnel=true|count=1|threshold=1|reason=client repeated queue list without one-time-session, owner-launch, or owner-matchmaking packet
2026-05-21 08:59:35.8257|WARN|MinigameDiagnostics|MINIGAME_DIAG|event=raw-unhandled-packet|handler=RawTcgPacketHandler|player=225|worldTunnel=n/a|tunnel=client-unhandled|opcode=16|packetName=PacketClientLogout|payload=1000;payloadTruncated=false
2026-05-21 08:59:37.8340|ERROR|Sanctuary.Gateway.GatewayConnection|Failed to save character data to database
2026-05-21 09:00:10.3115|WARN|MinigameDiagnostics|MINIGAME_DIAG|event=list-queues-auto-launch|handler=MatchmakingPacketHandler|player=225|worldTunnel=true|count=1|threshold=1|reason=client repeated queue list without one-time-session, owner-launch, or owner-matchmaking packet
2026-05-21 09:01:20.3759|WARN|MinigameDiagnostics|MINIGAME_DIAG|event=raw-unhandled-packet|handler=RawTcgPacketHandler|player=225|worldTunnel=n/a|tunnel=client-unhandled|opcode=16|packetName=PacketClientLogout|payload=1000;payloadTruncated=false
2026-05-21 09:01:22.3817|ERROR|Sanctuary.Gateway.GatewayConnection|Failed to save character data to database
2026-05-21 09:01:41.2858|WARN|MinigameDiagnostics|MINIGAME_DIAG|event=list-queues-auto-launch|handler=MatchmakingPacketHandler|player=225|worldTunnel=true|count=1|threshold=1|reason=client repeated queue list without one-time-session, owner-launch, or owner-matchmaking packet
2026-05-21 09:02:37.4312|WARN|MinigameDiagnostics|MINIGAME_DIAG|event=list-queues-auto-launch|handler=MatchmakingPacketHandler|player=225|worldTunnel=true|count=1|threshold=1|reason=client repeated queue list without one-time-session, owner-launch, or owner-matchmaking packet
2026-05-21 09:03:43.3647|WARN|MinigameDiagnostics|MINIGAME_DIAG|event=list-queues-auto-launch|handler=MatchmakingPacketHandler|player=225|worldTunnel=true|count=1|threshold=1|reason=client repeated queue list without one-time-session, owner-launch, or owner-matchmaking packet
2026-05-21 09:03:44.2660|WARN|MinigameDiagnostics|MINIGAME_DIAG|event=raw-unhandled-packet|handler=RawTcgPacketHandler|player=225|worldTunnel=n/a|tunnel=client-unhandled|opcode=16|packetName=PacketClientLogout|payload=1000;payloadTruncated=false
2026-05-21 09:04:20.4788|WARN|MinigameDiagnostics|MINIGAME_DIAG|event=list-queues-auto-launch|handler=MatchmakingPacketHandler|player=225|worldTunnel=true|count=1|threshold=1|reason=client repeated queue list without one-time-session, owner-launch, or owner-matchmaking packet
2026-05-21 09:05:40.5448|WARN|MinigameDiagnostics|MINIGAME_DIAG|event=raw-unhandled-packet|handler=RawTcgPacketHandler|player=225|worldTunnel=n/a|tunnel=client-unhandled|opcode=16|packetName=PacketClientLogout|payload=1000;payloadTruncated=false
2026-05-21 09:06:05.1065|WARN|MinigameDiagnostics|MINIGAME_DIAG|event=list-queues-auto-launch|handler=MatchmakingPacketHandler|player=225|worldTunnel=true|count=1|threshold=1|reason=client repeated queue list without one-time-session, owner-launch, or owner-matchmaking packet
2026-05-21 09:14:08.9518|WARN|MinigameDiagnostics|MINIGAME_DIAG|event=raw-unhandled-packet|handler=RawTcgPacketHandler|player=225|worldTunnel=n/a|tunnel=client-unhandled|opcode=16|packetName=PacketClientLogout|payload=1000;payloadTruncated=false
2026-05-21 09:14:10.9735|ERROR|Sanctuary.Gateway.GatewayConnection|Failed to save character data to database
2026-05-21 09:21:45.6646|WARN|MinigameDiagnostics|MINIGAME_DIAG|event=list-queues-auto-launch|handler=MatchmakingPacketHandler|player=225|worldTunnel=true|count=2|threshold=2|reason=client repeated queue list without owner launch packet
2026-05-21 09:22:56.7774|WARN|MinigameDiagnostics|MINIGAME_DIAG|event=raw-unhandled-packet|handler=RawTcgPacketHandler|player=225|worldTunnel=n/a|tunnel=client-unhandled|opcode=16|packetName=PacketClientLogout|payload=1000;payloadTruncated=false
2026-05-21 09:24:31.1956|WARN|MinigameDiagnostics|MINIGAME_DIAG|event=list-queues-auto-launch|handler=MatchmakingPacketHandler|player=225|worldTunnel=true|count=2|threshold=2|reason=client repeated queue list without owner launch packet
2026-05-21 09:25:03.6790|WARN|MinigameDiagnostics|MINIGAME_DIAG|event=list-queues-auto-launch|handler=MatchmakingPacketHandler|player=225|worldTunnel=true|count=2|threshold=2|reason=client repeated queue list without owner launch packet
2026-05-21 09:25:45.9266|WARN|MinigameDiagnostics|MINIGAME_DIAG|event=list-queues-auto-launch|handler=MatchmakingPacketHandler|player=225|worldTunnel=true|count=2|threshold=2|reason=client repeated queue list without owner launch packet
2026-05-21 09:27:00.7355|WARN|MinigameDiagnostics|MINIGAME_DIAG|event=list-queues-auto-launch|handler=MatchmakingPacketHandler|player=225|worldTunnel=true|count=2|threshold=2|reason=client repeated queue list without owner launch packet
2026-05-21 09:27:43.0131|WARN|MinigameDiagnostics|MINIGAME_DIAG|event=list-queues-auto-launch|handler=MatchmakingPacketHandler|player=225|worldTunnel=true|count=2|threshold=2|reason=client repeated queue list without owner launch packet
2026-05-21 09:29:29.3060|WARN|MinigameDiagnostics|MINIGAME_DIAG|event=raw-unhandled-packet|handler=RawTcgPacketHandler|player=225|worldTunnel=n/a|tunnel=client-unhandled|opcode=16|packetName=PacketClientLogout|payload=1000;payloadTruncated=false
2026-05-21 09:35:06.3226|WARN|MinigameDiagnostics|MINIGAME_DIAG|event=raw-unhandled-packet|handler=RawTcgPacketHandler|player=225|worldTunnel=n/a|tunnel=client-unhandled|opcode=16|packetName=PacketClientLogout|payload=1000;payloadTruncated=false
2026-05-21 09:35:08.4162|ERROR|Sanctuary.Gateway.GatewayConnection|Failed to save character data to database
2026-05-21 09:39:17.6650|WARN|MinigameDiagnostics|MINIGAME_DIAG|event=raw-unhandled-packet|handler=RawTcgPacketHandler|player=225|worldTunnel=n/a|tunnel=client-unhandled|opcode=16|packetName=PacketClientLogout|payload=1000;payloadTruncated=false
2026-05-21 09:39:19.6817|ERROR|Sanctuary.Gateway.GatewayConnection|Failed to save character data to database
2026-05-21 09:52:55.1340|ERROR|Microsoft.Extensions.Hosting.Internal.Host|Hosting failed to start|System.ArgumentException: An item with the same key has already been added. Key: 1
   at System.Collections.Generic.Dictionary`2.TryInsert(TKey key, TValue value, InsertionBehavior behavior)
   at System.Collections.Generic.Dictionary`2.Add(TKey key, TValue value)
   at Sanctuary.Gateway.Handlers.LobbyGameDefinitionPacketDefinitionsRequestHandler.AddTcgEntry(LobbyGameDefinition lobbyGameDefinition, Int32 id, Int32 type, Int32 unknown, Int32 nameId)
   at Sanctuary.Gateway.Handlers.LobbyGameDefinitionPacketDefinitionsRequestHandler.HandlePacket(GatewayConnection connection, Boolean worldTunnel)
   at Sanctuary.Gateway.Handlers.BaseLobbyGameDefinitionPacketHandler.HandlePacket(GatewayConnection connection, PacketReader reader, Boolean worldTunnel)
   at Sanctuary.Gateway.Handlers.PacketTunneledClientWorldPacketHandler.HandlePacket(GatewayConnection connection, Span`1 data)
   at Sanctuary.Gateway.GatewayConnection.OnHandlePacket(Span`1 data)
   at Sanctuary.Gateway.GatewayConnection.OnRoutePacket(Span`1 data)
   at Sanctuary.UdpLibrary.UdpManager`1.CallbackRoutePacket(UdpConnection con, Span`1 data) in E:\GitHub\Free Realms\Sanctuary\src\Sanctuary.UdpLibrary\UdpManager.cs:line 767
   at Sanctuary.UdpLibrary.UdpConnection.ProcessCookedPacket(Span`1 data) in E:\GitHub\Free Realms\Sanctuary\src\Sanctuary.UdpLibrary\UdpConnection.cs:line 717
   at Sanctuary.UdpLibrary.UdpConnection.ProcessCookedPacket(Span`1 data) in E:\GitHub\Free Realms\Sanctuary\src\Sanctuary.UdpLibrary\UdpConnection.cs:line 1162
   at Sanctuary.UdpLibrary.Internal.UdpReliableChannel.ProcessPacket(ReliablePacketMode mode, Span`1 data) in E:\GitHub\Free Realms\Sanctuary\src\Sanctuary.UdpLibrary\Internal\UdpReliableChannel.cs:line 804
   at Sanctuary.UdpLibrary.Internal.UdpReliableChannel.ReliablePacket(Span`1 data) in E:\GitHub\Free Realms\Sanctuary\src\Sanctuary.UdpLibrary\Internal\UdpReliableChannel.cs:line 180
   at Sanctuary.UdpLibrary.UdpConnection.ProcessCookedPacket(Span`1 data) in E:\GitHub\Free Realms\Sanctuary\src\Sanctuary.UdpLibrary\UdpConnection.cs:line 1119
   at Sanctuary.UdpLibrary.UdpConnection.ProcessRawPacket(Span`1 data) in E:\GitHub\Free Realms\Sanctuary\src\Sanctuary.UdpLibrary\UdpConnection.cs:line 677
   at Sanctuary.UdpLibrary.UdpManager`1.ProcessRawPacket(SocketAddress socketAddress, Span`1 data) in E:\GitHub\Free Realms\Sanctuary\src\Sanctuary.UdpLibrary\UdpManager.cs:line 630
   at Sanctuary.UdpLibrary.UdpManager`1.GiveTime(Int32 maxPollingTime, Boolean giveConnectionsTime) in E:\GitHub\Free Realms\Sanctuary\src\Sanctuary.UdpLibrary\UdpManager.cs:line 341
   at Sanctuary.Gateway.GatewayService.ExecuteAsync(CancellationToken cancellationToken)
   at Microsoft.Extensions.Hosting.BackgroundService.StartAsync(CancellationToken cancellationToken)
   at Microsoft.Extensions.Hosting.Internal.Host.<StartAsync>b__14_1(IHostedService service, CancellationToken token)
   at Microsoft.Extensions.Hosting.Internal.Host.ForeachService[T](IEnumerable`1 services, CancellationToken token, Boolean concurrent, Boolean abortOnFirstException, List`1 exceptions, Func`3 operation)
2026-05-21 10:06:26.1965|WARN|MinigameDiagnostics|MINIGAME_DIAG|event=raw-unhandled-packet|handler=RawTcgPacketHandler|player=225|worldTunnel=n/a|tunnel=client-unhandled|opcode=16|packetName=PacketClientLogout|payload=1000;payloadTruncated=false
2026-05-21 10:06:28.3261|ERROR|Sanctuary.Gateway.GatewayConnection|Failed to save character data to database
2026-05-21 10:17:31.0207|WARN|MinigameDiagnostics|MINIGAME_DIAG|event=raw-unhandled-packet|handler=RawTcgPacketHandler|player=225|worldTunnel=n/a|tunnel=client-unhandled|opcode=16|packetName=PacketClientLogout|payload=1000;payloadTruncated=false
2026-05-21 10:17:33.0940|ERROR|Sanctuary.Gateway.GatewayConnection|Failed to save character data to database
2026-05-21 10:24:05.7280|WARN|MinigameDiagnostics|MINIGAME_DIAG|event=raw-unhandled-packet|handler=RawTcgPacketHandler|player=225|worldTunnel=n/a|tunnel=client-unhandled|opcode=16|packetName=PacketClientLogout|payload=1000;payloadTruncated=false
2026-05-21 10:24:07.7825|ERROR|Sanctuary.Gateway.GatewayConnection|Failed to save character data to database
2026-05-21 17:20:55.1636|WARN|MinigameDiagnostics|MINIGAME_DIAG|event=raw-unhandled-packet|handler=RawTcgPacketHandler|player=225|worldTunnel=n/a|tunnel=client-unhandled|opcode=16|packetName=PacketClientLogout|payload=1000;payloadTruncated=false
