2026-05-18 10:01:52.7989|WARN|MinigameDiagnostics|MINIGAME_DIAG|event=list-queues-auto-launch|handler=MatchmakingPacketHandler|player=225|worldTunnel=true|count=2|threshold=2|reason=client repeated queue list without owner launch packet
2026-05-18 10:02:10.8014|WARN|MinigameDiagnostics|MINIGAME_DIAG|event=raw-unhandled-packet|handler=RawTcgPacketHandler|player=225|worldTunnel=n/a|tunnel=client-unhandled|opcode=16|packetName=PacketClientLogout|payload=1000;payloadTruncated=false
2026-05-18 10:04:43.8710|WARN|MinigameDiagnostics|MINIGAME_DIAG|event=list-queues-auto-launch|handler=MatchmakingPacketHandler|player=225|worldTunnel=true|count=2|threshold=2|reason=client repeated queue list without owner launch packet
2026-05-18 10:13:40.9723|WARN|MinigameDiagnostics|MINIGAME_DIAG|event=raw-unhandled-packet|handler=RawTcgPacketHandler|player=225|worldTunnel=n/a|tunnel=client-unhandled|opcode=16|packetName=PacketClientLogout|payload=1000;payloadTruncated=false
2026-05-18 10:18:25.1391|WARN|MinigameDiagnostics|MINIGAME_DIAG|event=list-queues-auto-launch|handler=MatchmakingPacketHandler|player=225|worldTunnel=true|count=2|threshold=2|reason=client repeated queue list without owner launch packet
2026-05-18 10:18:55.5695|WARN|MinigameDiagnostics|MINIGAME_DIAG|event=raw-unhandled-packet|handler=RawTcgPacketHandler|player=225|worldTunnel=n/a|tunnel=client-unhandled|opcode=16|packetName=PacketClientLogout|payload=1000;payloadTruncated=false
2026-05-18 10:20:12.3706|WARN|MinigameDiagnostics|MINIGAME_DIAG|event=list-queues-auto-launch|handler=MatchmakingPacketHandler|player=225|worldTunnel=true|count=2|threshold=2|reason=client repeated queue list without owner launch packet
2026-05-18 10:21:47.6366|WARN|MinigameDiagnostics|MINIGAME_DIAG|event=list-queues-auto-launch|handler=MatchmakingPacketHandler|player=225|worldTunnel=true|count=2|threshold=2|reason=client repeated queue list without owner launch packet
2026-05-18 10:24:36.4361|WARN|MinigameDiagnostics|MINIGAME_DIAG|event=list-queues-auto-launch|handler=MatchmakingPacketHandler|player=225|worldTunnel=true|count=2|threshold=2|reason=client repeated queue list without owner launch packet
2026-05-18 10:26:22.2403|WARN|MinigameDiagnostics|MINIGAME_DIAG|event=raw-unhandled-packet|handler=RawTcgPacketHandler|player=225|worldTunnel=n/a|tunnel=client-unhandled|opcode=16|packetName=PacketClientLogout|payload=1000;payloadTruncated=false
2026-05-18 14:48:09.7801|WARN|MinigameDiagnostics|MINIGAME_DIAG|event=list-queues-auto-launch|handler=MatchmakingPacketHandler|player=225|worldTunnel=true|count=2|threshold=2|reason=client repeated queue list without owner launch packet
2026-05-18 14:49:58.5477|WARN|MinigameDiagnostics|MINIGAME_DIAG|event=list-queues-auto-launch|handler=MatchmakingPacketHandler|player=225|worldTunnel=true|count=2|threshold=2|reason=client repeated queue list without owner launch packet
2026-05-18 15:07:59.4684|WARN|MinigameDiagnostics|MINIGAME_DIAG|event=list-queues-awaiting-client-launch|handler=MatchmakingPacketHandler|player=225|worldTunnel=true|count=2|threshold=2|reason=client repeated queue list without one-time-session, owner-launch, or owner-matchmaking packet
2026-05-18 15:11:37.5553|WARN|MinigameDiagnostics|MINIGAME_DIAG|event=list-queues-awaiting-client-launch|handler=MatchmakingPacketHandler|player=225|worldTunnel=true|count=2|threshold=2|reason=client repeated queue list without one-time-session, owner-launch, or owner-matchmaking packet
2026-05-18 15:14:09.1759|WARN|MinigameDiagnostics|MINIGAME_DIAG|event=raw-unhandled-packet|handler=RawTcgPacketHandler|player=225|worldTunnel=n/a|tunnel=client-unhandled|opcode=16|packetName=PacketClientLogout|payload=1000;payloadTruncated=false
2026-05-18 15:15:08.2581|WARN|MinigameDiagnostics|MINIGAME_DIAG|event=list-queues-awaiting-client-launch|handler=MatchmakingPacketHandler|player=225|worldTunnel=true|count=2|threshold=2|reason=client repeated queue list without one-time-session, owner-launch, or owner-matchmaking packet
2026-05-18 15:34:50.9275|WARN|MinigameDiagnostics|MINIGAME_DIAG|event=list-queues-awaiting-client-launch|handler=MatchmakingPacketHandler|player=225|worldTunnel=true|count=2|threshold=2|reason=client repeated queue list without one-time-session, owner-launch, or owner-matchmaking packet
2026-05-18 15:50:54.4579|WARN|MinigameDiagnostics|MINIGAME_DIAG|event=list-queues-auto-launch|handler=MatchmakingPacketHandler|player=225|worldTunnel=true|count=2|threshold=2|reason=client repeated queue list without one-time-session, owner-launch, or owner-matchmaking packet
2026-05-18 15:59:11.6012|WARN|MinigameDiagnostics|MINIGAME_DIAG|event=list-queues-auto-launch|handler=MatchmakingPacketHandler|player=225|worldTunnel=true|count=2|threshold=2|reason=client repeated queue list without one-time-session, owner-launch, or owner-matchmaking packet
2026-05-18 16:11:36.1700|WARN|MinigameDiagnostics|MINIGAME_DIAG|event=list-queues-auto-launch|handler=MatchmakingPacketHandler|player=225|worldTunnel=true|count=2|threshold=2|reason=client repeated queue list without one-time-session, owner-launch, or owner-matchmaking packet
2026-05-18 16:14:48.0390|WARN|MinigameDiagnostics|MINIGAME_DIAG|event=list-queues-auto-launch|handler=MatchmakingPacketHandler|player=225|worldTunnel=true|count=2|threshold=2|reason=client repeated queue list without one-time-session, owner-launch, or owner-matchmaking packet
2026-05-18 16:22:27.4213|WARN|MinigameDiagnostics|MINIGAME_DIAG|event=list-queues-auto-launch|handler=MatchmakingPacketHandler|player=225|worldTunnel=true|count=2|threshold=2|reason=client repeated queue list without one-time-session, owner-launch, or owner-matchmaking packet
2026-05-18 16:25:21.8867|WARN|MinigameDiagnostics|MINIGAME_DIAG|event=list-queues-auto-launch|handler=MatchmakingPacketHandler|player=225|worldTunnel=true|count=2|threshold=2|reason=client repeated queue list without one-time-session, owner-launch, or owner-matchmaking packet
2026-05-18 16:26:11.1780|WARN|MinigameDiagnostics|MINIGAME_DIAG|event=list-queues-auto-launch|handler=MatchmakingPacketHandler|player=225|worldTunnel=true|count=2|threshold=2|reason=client repeated queue list without one-time-session, owner-launch, or owner-matchmaking packet
2026-05-18 16:29:54.0119|WARN|MinigameDiagnostics|MINIGAME_DIAG|event=list-queues-auto-launch|handler=MatchmakingPacketHandler|player=225|worldTunnel=true|count=2|threshold=2|reason=client repeated queue list without one-time-session, owner-launch, or owner-matchmaking packet
2026-05-18 16:57:18.6878|WARN|MinigameDiagnostics|MINIGAME_DIAG|event=list-queues-auto-launch|handler=MatchmakingPacketHandler|player=289|worldTunnel=true|count=2|threshold=2|reason=client repeated queue list without one-time-session, owner-launch, or owner-matchmaking packet
2026-05-18 16:57:30.6714|WARN|MinigameDiagnostics|MINIGAME_DIAG|event=raw-unhandled-packet|handler=RawTcgPacketHandler|player=289|worldTunnel=n/a|tunnel=client-unhandled|opcode=16|packetName=PacketClientLogout|payload=1000;payloadTruncated=false
2026-05-18 17:03:25.9889|WARN|MinigameDiagnostics|MINIGAME_DIAG|event=list-queues-auto-launch|handler=MatchmakingPacketHandler|player=225|worldTunnel=true|count=2|threshold=2|reason=client repeated queue list without one-time-session, owner-launch, or owner-matchmaking packet
2026-05-18 17:15:16.0939|WARN|MinigameDiagnostics|MINIGAME_DIAG|event=list-queues-auto-launch|handler=MatchmakingPacketHandler|player=225|worldTunnel=true|count=2|threshold=2|reason=client repeated queue list without one-time-session, owner-launch, or owner-matchmaking packet
2026-05-18 17:22:43.9958|WARN|MinigameDiagnostics|MINIGAME_DIAG|event=list-queues-auto-launch|handler=MatchmakingPacketHandler|player=225|worldTunnel=true|count=2|threshold=2|reason=client repeated queue list without one-time-session, owner-launch, or owner-matchmaking packet
2026-05-18 17:24:49.5427|WARN|MinigameDiagnostics|MINIGAME_DIAG|event=list-queues-auto-launch|handler=MatchmakingPacketHandler|player=225|worldTunnel=true|count=2|threshold=2|reason=client repeated queue list without one-time-session, owner-launch, or owner-matchmaking packet
2026-05-18 17:41:13.0196|WARN|MinigameDiagnostics|MINIGAME_DIAG|event=list-queues-auto-launch|handler=MatchmakingPacketHandler|player=225|worldTunnel=true|count=2|threshold=2|reason=client repeated queue list without one-time-session, owner-launch, or owner-matchmaking packet
2026-05-18 17:44:24.5425|WARN|MinigameDiagnostics|MINIGAME_DIAG|event=list-queues-auto-launch|handler=MatchmakingPacketHandler|player=225|worldTunnel=true|count=2|threshold=2|reason=client repeated queue list without one-time-session, owner-launch, or owner-matchmaking packet
2026-05-18 17:46:22.7775|ERROR|Sanctuary.Gateway.GatewayConnection|Failed to save character data to database
2026-05-18 17:53:16.2195|WARN|MinigameDiagnostics|MINIGAME_DIAG|event=list-queues-auto-launch|handler=MatchmakingPacketHandler|player=225|worldTunnel=true|count=2|threshold=2|reason=client repeated queue list without one-time-session, owner-launch, or owner-matchmaking packet
2026-05-18 17:54:58.5918|WARN|MinigameDiagnostics|MINIGAME_DIAG|event=list-queues-auto-launch|handler=MatchmakingPacketHandler|player=225|worldTunnel=true|count=2|threshold=2|reason=client repeated queue list without one-time-session, owner-launch, or owner-matchmaking packet
2026-05-18 17:56:02.1997|WARN|MinigameDiagnostics|MINIGAME_DIAG|event=list-queues-auto-launch|handler=MatchmakingPacketHandler|player=225|worldTunnel=true|count=2|threshold=2|reason=client repeated queue list without one-time-session, owner-launch, or owner-matchmaking packet
2026-05-18 18:00:07.2624|ERROR|Sanctuary.Gateway.GatewayConnection|Failed to save character data to database
2026-05-18 18:01:01.0269|WARN|MinigameDiagnostics|MINIGAME_DIAG|event=list-queues-auto-launch|handler=MatchmakingPacketHandler|player=225|worldTunnel=true|count=2|threshold=2|reason=client repeated queue list without one-time-session, owner-launch, or owner-matchmaking packet
2026-05-18 18:11:43.4256|WARN|MinigameDiagnostics|MINIGAME_DIAG|event=list-queues-auto-launch|handler=MatchmakingPacketHandler|player=225|worldTunnel=true|count=2|threshold=2|reason=client repeated queue list without one-time-session, owner-launch, or owner-matchmaking packet
2026-05-18 18:12:19.0581|WARN|MinigameDiagnostics|MINIGAME_DIAG|event=list-queues-auto-launch|handler=MatchmakingPacketHandler|player=225|worldTunnel=true|count=2|threshold=2|reason=client repeated queue list without one-time-session, owner-launch, or owner-matchmaking packet
2026-05-18 18:24:42.6675|WARN|MinigameDiagnostics|MINIGAME_DIAG|event=list-queues-auto-launch|handler=MatchmakingPacketHandler|player=225|worldTunnel=true|count=2|threshold=2|reason=client repeated queue list without one-time-session, owner-launch, or owner-matchmaking packet
2026-05-18 18:28:33.6678|WARN|MinigameDiagnostics|MINIGAME_DIAG|event=list-queues-auto-launch|handler=MatchmakingPacketHandler|player=225|worldTunnel=true|count=2|threshold=2|reason=client repeated queue list without one-time-session, owner-launch, or owner-matchmaking packet
2026-05-18 18:39:54.8552|WARN|MinigameDiagnostics|MINIGAME_DIAG|event=list-queues-auto-launch|handler=MatchmakingPacketHandler|player=225|worldTunnel=true|count=2|threshold=2|reason=client repeated queue list without one-time-session, owner-launch, or owner-matchmaking packet
2026-05-18 18:41:41.5334|WARN|MinigameDiagnostics|MINIGAME_DIAG|event=list-queues-auto-launch|handler=MatchmakingPacketHandler|player=225|worldTunnel=true|count=2|threshold=2|reason=client repeated queue list without one-time-session, owner-launch, or owner-matchmaking packet
2026-05-18 18:48:28.6052|WARN|MinigameDiagnostics|MINIGAME_DIAG|event=list-queues-auto-launch|handler=MatchmakingPacketHandler|player=225|worldTunnel=true|count=2|threshold=2|reason=client repeated queue list without one-time-session, owner-launch, or owner-matchmaking packet
2026-05-18 19:02:37.9120|ERROR|Sanctuary.Gateway.GatewayConnection|Failed to save character data to database
2026-05-18 19:03:16.3577|WARN|MinigameDiagnostics|MINIGAME_DIAG|event=list-queues-auto-launch|handler=MatchmakingPacketHandler|player=225|worldTunnel=true|count=2|threshold=2|reason=client repeated queue list without one-time-session, owner-launch, or owner-matchmaking packet
2026-05-18 19:32:38.2047|WARN|MinigameDiagnostics|MINIGAME_DIAG|event=list-queues-auto-launch|handler=MatchmakingPacketHandler|player=225|worldTunnel=true|count=1|threshold=1|reason=client repeated queue list without one-time-session, owner-launch, or owner-matchmaking packet
2026-05-18 19:40:42.5605|ERROR|Sanctuary.Gateway.GatewayConnection|Failed to save character data to database
2026-05-18 19:47:22.5582|WARN|MinigameDiagnostics|MINIGAME_DIAG|event=list-queues-auto-launch|handler=MatchmakingPacketHandler|player=129|worldTunnel=true|count=1|threshold=1|reason=client repeated queue list without one-time-session, owner-launch, or owner-matchmaking packet
2026-05-18 19:51:06.8272|WARN|MinigameDiagnostics|MINIGAME_DIAG|event=list-queues-auto-launch|handler=MatchmakingPacketHandler|player=129|worldTunnel=true|count=1|threshold=1|reason=client repeated queue list without one-time-session, owner-launch, or owner-matchmaking packet
2026-05-18 20:07:12.6678|WARN|MinigameDiagnostics|MINIGAME_DIAG|event=list-queues-auto-launch|handler=MatchmakingPacketHandler|player=129|worldTunnel=true|count=1|threshold=1|reason=client repeated queue list without one-time-session, owner-launch, or owner-matchmaking packet
2026-05-18 20:17:37.8252|WARN|MinigameDiagnostics|MINIGAME_DIAG|event=list-queues-auto-launch|handler=MatchmakingPacketHandler|player=129|worldTunnel=true|count=1|threshold=1|reason=client repeated queue list without one-time-session, owner-launch, or owner-matchmaking packet
2026-05-18 20:20:57.8632|WARN|MinigameDiagnostics|MINIGAME_DIAG|event=raw-unhandled-packet|handler=RawTcgPacketHandler|player=129|worldTunnel=n/a|tunnel=client-unhandled|opcode=16|packetName=PacketClientLogout|payload=1000;payloadTruncated=false
2026-05-18 20:24:12.2326|WARN|MinigameDiagnostics|MINIGAME_DIAG|event=list-queues-auto-launch|handler=MatchmakingPacketHandler|player=225|worldTunnel=true|count=1|threshold=1|reason=client repeated queue list without one-time-session, owner-launch, or owner-matchmaking packet
2026-05-18 20:24:20.4976|WARN|MinigameDiagnostics|MINIGAME_DIAG|event=raw-unhandled-packet|handler=RawTcgPacketHandler|player=225|worldTunnel=n/a|tunnel=client-unhandled|opcode=16|packetName=PacketClientLogout|payload=1000;payloadTruncated=false
2026-05-18 20:26:32.9333|WARN|MinigameDiagnostics|MINIGAME_DIAG|event=list-queues-auto-launch|handler=MatchmakingPacketHandler|player=225|worldTunnel=true|count=1|threshold=1|reason=client repeated queue list without one-time-session, owner-launch, or owner-matchmaking packet
2026-05-18 20:27:04.8708|WARN|MinigameDiagnostics|MINIGAME_DIAG|event=list-queues-auto-launch|handler=MatchmakingPacketHandler|player=225|worldTunnel=true|count=3|threshold=1|reason=client repeated queue list without one-time-session, owner-launch, or owner-matchmaking packet
2026-05-18 20:27:19.5685|WARN|MinigameDiagnostics|MINIGAME_DIAG|event=raw-unhandled-packet|handler=RawTcgPacketHandler|player=225|worldTunnel=n/a|tunnel=client-unhandled|opcode=16|packetName=PacketClientLogout|payload=1000;payloadTruncated=false
2026-05-18 22:06:16.3448|WARN|MinigameDiagnostics|MINIGAME_DIAG|event=list-queues-auto-launch|handler=MatchmakingPacketHandler|player=209|worldTunnel=true|count=1|threshold=1|reason=client repeated queue list without one-time-session, owner-launch, or owner-matchmaking packet
2026-05-18 22:06:50.9731|WARN|MinigameDiagnostics|MINIGAME_DIAG|event=raw-unhandled-packet|handler=RawTcgPacketHandler|player=209|worldTunnel=n/a|tunnel=client-unhandled|opcode=16|packetName=PacketClientLogout|payload=1000;payloadTruncated=false
