2026-05-25 10:39:47.2665|WARN|MinigameDiagnostics|MINIGAME_DIAG|event=raw-unhandled-packet|handler=RawTcgPacketHandler|player=225|worldTunnel=n/a|tunnel=client-unhandled|opcode=98|packetName=ClientPathRequestPacket|payload=620001E10000000000000000000000000000005EC184C4715888418AB094C40000803FEBAF84C4C8C6824189F893C40000803F00000000;payloadTruncated=false
2026-05-25 10:39:47.7556|WARN|MinigameDiagnostics|MINIGAME_DIAG|event=raw-unhandled-packet|handler=RawTcgPacketHandler|player=225|worldTunnel=n/a|tunnel=client-unhandled|opcode=98|packetName=ClientPathRequestPacket|payload=620001E10000000000000000000000000000000EB884C494678241274E94C40000803F177584C4F4938241C48993C40000803F00000000;payloadTruncated=false
2026-05-25 10:39:48.3514|WARN|MinigameDiagnostics|MINIGAME_DIAG|event=raw-unhandled-packet|handler=RawTcgPacketHandler|player=225|worldTunnel=n/a|tunnel=client-unhandled|opcode=98|packetName=ClientPathRequestPacket|payload=620001E1000000000000000000000000000000A88884C4652D8341FFC193C40000803FF98984C48CB88041976392C40000803F00000000;payloadTruncated=false
2026-05-25 10:39:49.1765|WARN|MinigameDiagnostics|MINIGAME_DIAG|event=raw-unhandled-packet|handler=RawTcgPacketHandler|player=225|worldTunnel=n/a|tunnel=client-unhandled|opcode=98|packetName=ClientPathRequestPacket|payload=620001E10000000000000000000000000000006B8884C4E15882419FF092C40000803F982E85C4C49E7E4164C091C40000803F00000000;payloadTruncated=false
2026-05-25 10:39:49.9040|WARN|MinigameDiagnostics|MINIGAME_DIAG|event=raw-unhandled-packet|handler=RawTcgPacketHandler|player=225|worldTunnel=n/a|tunnel=client-unhandled|opcode=98|packetName=ClientPathRequestPacket|payload=620001E1000000000000000000000000000000B5DE84C49BB780414C4D92C40000803FB97384C4FACD7A41C35991C40000803F00000000;payloadTruncated=false
2026-05-25 10:39:50.3984|WARN|MinigameDiagnostics|MINIGAME_DIAG|event=raw-unhandled-packet|handler=RawTcgPacketHandler|player=225|worldTunnel=n/a|tunnel=client-unhandled|opcode=98|packetName=ClientPathRequestPacket|payload=620001E1000000000000000000000000000000E0B884C48821804150DE91C40000803F9CEC83C4B38B80410D5291C40000803F00000000;payloadTruncated=false
2026-05-25 10:39:51.6358|WARN|MinigameDiagnostics|MINIGAME_DIAG|event=raw-unhandled-packet|handler=RawTcgPacketHandler|player=225|worldTunnel=n/a|tunnel=client-unhandled|opcode=98|packetName=ClientPathRequestPacket|payload=620001E1000000000000000000000000000000E02084C4CC23804166CF91C40000803F244984C472B47D410B9291C40000803F00000000;payloadTruncated=false
2026-05-25 10:52:15.1326|WARN|MinigameDiagnostics|MINIGAME_DIAG|event=raw-unhandled-packet|handler=RawTcgPacketHandler|player=225|worldTunnel=n/a|tunnel=client-unhandled|opcode=98|packetName=ClientPathRequestPacket|payload=620001E1000000000000000000000000000000421084C4E1328B41460C98C40000803F81CF84C4029CA641DCCE97C40000803F00000000;payloadTruncated=false
2026-05-25 10:52:17.7482|WARN|MinigameDiagnostics|MINIGAME_DIAG|event=raw-unhandled-packet|handler=RawTcgPacketHandler|player=225|worldTunnel=n/a|tunnel=client-unhandled|opcode=98|packetName=ClientPathRequestPacket|payload=620001E1000000000000000000000000000000F54083C49EE38441238D96C40000803F9B9D83C469D18A414D0396C40000803F00000000;payloadTruncated=false
2026-05-25 10:53:51.9890|WARN|MinigameDiagnostics|MINIGAME_DIAG|event=raw-unhandled-packet|handler=RawTcgPacketHandler|player=225|worldTunnel=n/a|tunnel=client-unhandled|opcode=98|packetName=ClientPathRequestPacket|payload=620001E10000000000000000000000000000005E3085C4645A1F41858D8DC40000803F8C3385C4475A334146768EC40000803F00000000;payloadTruncated=false
2026-05-25 10:53:59.8783|WARN|MinigameDiagnostics|MINIGAME_DIAG|event=raw-unhandled-packet|handler=RawTcgPacketHandler|player=225|worldTunnel=n/a|tunnel=client-unhandled|opcode=98|packetName=ClientPathRequestPacket|payload=620001E1000000000000000000000000000000F3FC83C411498341733093C40000803F801484C43C278041E8EF91C40000803F00000000;payloadTruncated=false
2026-05-25 10:54:13.4734|WARN|MinigameDiagnostics|MINIGAME_DIAG|event=raw-unhandled-packet|handler=RawTcgPacketHandler|player=225|worldTunnel=n/a|tunnel=client-unhandled|opcode=98|packetName=ClientPathRequestPacket|payload=620001E100000000000000000000000000000050DF84C4F77FCA40519B89C40000803F603A85C49406C8400A4B89C40000803F00000000;payloadTruncated=false
2026-05-25 10:54:16.0048|WARN|MinigameDiagnostics|MINIGAME_DIAG|event=raw-unhandled-packet|handler=RawTcgPacketHandler|player=225|worldTunnel=n/a|tunnel=client-unhandled|opcode=98|packetName=ClientPathRequestPacket|payload=620001E1000000000000000000000000000000654E84C4437AC740AA4989C40000803FA25284C4B0F5C740EB9489C40000803F00000000;payloadTruncated=false
2026-05-25 10:54:16.7323|WARN|MinigameDiagnostics|MINIGAME_DIAG|event=raw-unhandled-packet|handler=RawTcgPacketHandler|player=225|worldTunnel=n/a|tunnel=client-unhandled|opcode=98|packetName=ClientPathRequestPacket|payload=620001E10000000000000000000000000000000E5284C4D5A6C840A38A89C40000803F3A7784C49CFBCF4085E489C40000803F00000000;payloadTruncated=false
2026-05-25 10:54:20.3204|WARN|MinigameDiagnostics|MINIGAME_DIAG|event=raw-unhandled-packet|handler=RawTcgPacketHandler|player=225|worldTunnel=n/a|tunnel=client-unhandled|opcode=98|packetName=ClientPathRequestPacket|payload=620001E10000000000000000000000000000000D8783C470680141F8C58BC40000803F2AFD82C4D38A03415C658CC40000803F00000000;payloadTruncated=false
2026-05-25 10:54:31.5419|WARN|MinigameDiagnostics|MINIGAME_DIAG|event=raw-unhandled-packet|handler=RawTcgPacketHandler|player=225|worldTunnel=n/a|tunnel=client-unhandled|opcode=98|packetName=ClientPathRequestPacket|payload=620001E10000000000000000000000000000007BB285C4B18DE44074148BC40000803F733985C40838EA4043C88BC40000803F00000000;payloadTruncated=false
2026-05-25 10:54:43.5694|WARN|MinigameDiagnostics|MINIGAME_DIAG|event=raw-unhandled-packet|handler=RawTcgPacketHandler|player=225|worldTunnel=n/a|tunnel=client-unhandled|opcode=98|packetName=ClientPathRequestPacket|payload=620001E10000000000000000000000000000005FBA87C4EA87EB40733D8AC40000803F3E4E87C43A3C2341F0BC89C40000803F00000000;payloadTruncated=false
2026-05-25 10:54:44.3628|WARN|MinigameDiagnostics|MINIGAME_DIAG|event=raw-unhandled-packet|handler=RawTcgPacketHandler|player=225|worldTunnel=n/a|tunnel=client-unhandled|opcode=98|packetName=ClientPathRequestPacket|payload=620001E10000000000000000000000000000005F4A87C478CF1041D7E189C40000803F13E086C425F829411F8589C40000803F00000000;payloadTruncated=false
2026-05-25 10:54:44.9485|WARN|MinigameDiagnostics|MINIGAME_DIAG|event=raw-unhandled-packet|handler=RawTcgPacketHandler|player=225|worldTunnel=n/a|tunnel=client-unhandled|opcode=98|packetName=ClientPathRequestPacket|payload=620001E1000000000000000000000000000000F3EB86C4FF0D1441CEB989C40000803F8F5786C46E070141651189C40000803F00000000;payloadTruncated=false
2026-05-25 10:54:48.8973|WARN|MinigameDiagnostics|MINIGAME_DIAG|event=raw-unhandled-packet|handler=RawTcgPacketHandler|player=225|worldTunnel=n/a|tunnel=client-unhandled|opcode=98|packetName=ClientPathRequestPacket|payload=620001E10000000000000000000000000000004BD489C48D5FD94155F487C40000803F597C89C406E7F04178C586C40000803F00000000;payloadTruncated=false
2026-05-25 10:54:49.7624|WARN|MinigameDiagnostics|MINIGAME_DIAG|event=raw-unhandled-packet|handler=RawTcgPacketHandler|player=225|worldTunnel=n/a|tunnel=client-unhandled|opcode=98|packetName=ClientPathRequestPacket|payload=620001E1000000000000000000000000000000D65689C462FBD0418D3487C40000803F4FEC88C4EE38D7417FE084C40000803F00000000;payloadTruncated=false
2026-05-25 11:13:39.5971|WARN|MinigameDiagnostics|MINIGAME_DIAG|event=raw-unhandled-packet|handler=RawTcgPacketHandler|player=225|worldTunnel=n/a|tunnel=client-unhandled|opcode=16|packetName=PacketClientLogout|payload=1000;payloadTruncated=false
2026-05-25 11:18:19.5875|WARN|MinigameDiagnostics|MINIGAME_DIAG|event=raw-unhandled-packet|handler=RawTcgPacketHandler|player=225|worldTunnel=n/a|tunnel=client-unhandled|opcode=98|packetName=ClientPathRequestPacket|payload=620001E1000000000000000000000000000000000383C43DE28541C6F995C40000803F040683C4487E8541E4F695C40000803F00000000;payloadTruncated=false
2026-05-25 11:24:36.5491|WARN|MinigameDiagnostics|MINIGAME_DIAG|event=raw-unhandled-packet|handler=RawTcgPacketHandler|player=225|worldTunnel=n/a|tunnel=client-unhandled|opcode=98|packetName=ClientPathRequestPacket|payload=620001E1000000000000000000000000000000217984C418359341CBB895C40000803F01DD83C471D08A41E6C695C40000803F00000000;payloadTruncated=false
2026-05-25 11:24:37.3565|WARN|MinigameDiagnostics|MINIGAME_DIAG|event=raw-unhandled-packet|handler=RawTcgPacketHandler|player=225|worldTunnel=n/a|tunnel=client-unhandled|opcode=98|packetName=ClientPathRequestPacket|payload=620001E1000000000000000000000000000000971984C4E2288B41FACF95C40000803FECAA83C4BED08A41450396C40000803F00000000;payloadTruncated=false
2026-05-25 11:24:38.6912|WARN|MinigameDiagnostics|MINIGAME_DIAG|event=raw-unhandled-packet|handler=RawTcgPacketHandler|player=225|worldTunnel=n/a|tunnel=client-unhandled|opcode=98|packetName=ClientPathRequestPacket|payload=620001E1000000000000000000000000000000974583C4C5058541527696C40000803F973083C4E3488541A01D97C40000803F00000000;payloadTruncated=false
2026-05-25 11:26:32.7637|WARN|MinigameDiagnostics|MINIGAME_DIAG|event=raw-unhandled-packet|handler=RawTcgPacketHandler|player=225|worldTunnel=n/a|tunnel=client-unhandled|opcode=16|packetName=PacketClientLogout|payload=1000;payloadTruncated=false
2026-05-25 12:12:20.4289|WARN|MinigameDiagnostics|MINIGAME_DIAG|event=unhandled-packet|handler=MiniGamePacketHandler|player=225|worldTunnel=false|family=MiniGame|type=6
2026-05-25 12:21:22.1654|WARN|MinigameDiagnostics|MINIGAME_DIAG|event=raw-unhandled-packet|handler=RawTcgPacketHandler|player=225|worldTunnel=n/a|tunnel=client-unhandled|opcode=98|packetName=ClientPathRequestPacket|payload=620001E1000000000000000000000000000000731F82C4588721C23883E3C30000803F820B82C45F8A21C2CE72E3C30000803F00000000;payloadTruncated=false
2026-05-25 12:43:43.4010|WARN|MinigameDiagnostics|MINIGAME_DIAG|event=raw-unhandled-packet|handler=RawTcgPacketHandler|player=225|worldTunnel=n/a|tunnel=client-unhandled|opcode=16|packetName=PacketClientLogout|payload=1000;payloadTruncated=false
2026-05-25 13:24:34.0725|WARN|MinigameDiagnostics|MINIGAME_DIAG|event=raw-unhandled-packet|handler=RawTcgPacketHandler|player=225|worldTunnel=n/a|tunnel=client-unhandled|opcode=16|packetName=PacketClientLogout|payload=1000;payloadTruncated=false
2026-05-25 13:55:09.5241|WARN|InventoryPacketEquipByGuidHandler|Failed to save to database.
2026-05-25 13:55:11.7603|WARN|InventoryPacketEquipByGuidHandler|Failed to save to database.
2026-05-25 13:55:14.7936|WARN|InventoryPacketEquipByGuidHandler|Failed to save to database.
2026-05-25 13:55:23.0956|WARN|InventoryPacketEquipByGuidHandler|Failed to save to database.
2026-05-25 15:05:40.0072|WARN|MinigameDiagnostics|MINIGAME_DIAG|event=raw-unhandled-packet|handler=RawTcgPacketHandler|player=225|worldTunnel=n/a|tunnel=client-unhandled|opcode=98|packetName=ClientPathRequestPacket|payload=620001E10000000000000000000000000000005F997CC4A4B31FC264FBF6C30000803F0000000000000000000000000000803F00000000;payloadTruncated=false
2026-05-25 15:05:40.0072|WARN|MinigameDiagnostics|MINIGAME_DIAG|event=raw-unhandled-packet|handler=RawTcgPacketHandler|player=225|worldTunnel=n/a|tunnel=client-unhandled|opcode=98|packetName=ClientPathRequestPacket|payload=620001E10000000000000000000000000000005F997CC4A4B31FC264FBF6C30000803F0000000000000000000000000000803F00000000;payloadTruncated=false
2026-05-25 15:20:00.5234|WARN|MinigameDiagnostics|MINIGAME_DIAG|event=raw-unhandled-packet|handler=RawTcgPacketHandler|player=225|worldTunnel=n/a|tunnel=world-unhandled|opcode=174|packetName=RatingPacketClientDataRequest|payload=AE000307000000486F7573696E670100000000000000;payloadTruncated=false
2026-05-25 15:20:00.5234|WARN|MinigameDiagnostics|MINIGAME_DIAG|event=raw-unhandled-packet|handler=RawTcgPacketHandler|player=225|worldTunnel=n/a|tunnel=world-unhandled|opcode=174|packetName=RatingPacketRequestFeatured|payload=AE001407000000486F7573696E67A84DF509B84ED408;payloadTruncated=false
2026-05-25 15:20:29.5845|WARN|MinigameDiagnostics|MINIGAME_DIAG|event=unhandled-packet|handler=MiniGamePacketHandler|player=225|worldTunnel=false|family=MiniGame|type=6
2026-05-25 15:20:29.5845|WARN|MinigameDiagnostics|MINIGAME_DIAG|event=raw-unhandled-packet|handler=RawTcgPacketHandler|player=225|worldTunnel=n/a|tunnel=world-unhandled|opcode=142|packetName=PacketClientLuaMetrics|payload=8E0001000000711D823E1A000000486F7573696E67526174696E675F42726F7773657253686F776E01000000;payloadTruncated=false
2026-05-25 15:35:35.9599|WARN|MinigameDiagnostics|MINIGAME_DIAG|event=raw-unhandled-packet|handler=RawTcgPacketHandler|player=225|worldTunnel=n/a|tunnel=client-unhandled|opcode=16|packetName=PacketClientLogout|payload=1000;payloadTruncated=false
2026-05-25 16:12:40.9846|WARN|MinigameDiagnostics|MINIGAME_DIAG|event=raw-unhandled-packet|handler=RawTcgPacketHandler|player=225|worldTunnel=n/a|tunnel=client-unhandled|opcode=98|packetName=ClientPathRequestPacket|payload=620001E10000000000000000000000000000005DB376C4BB851FC26E79B9C30000803F0000000000000000000000000000803F00000000;payloadTruncated=false
2026-05-25 16:12:40.9846|WARN|MinigameDiagnostics|MINIGAME_DIAG|event=raw-unhandled-packet|handler=RawTcgPacketHandler|player=225|worldTunnel=n/a|tunnel=client-unhandled|opcode=98|packetName=ClientPathRequestPacket|payload=620001E10000000000000000000000000000005DB376C4BB851FC26E79B9C30000803F0000000000000000000000000000803F00000000;payloadTruncated=false
2026-05-25 17:06:49.3654|WARN|MinigameDiagnostics|MINIGAME_DIAG|event=raw-unhandled-packet|handler=RawTcgPacketHandler|player=225|worldTunnel=n/a|tunnel=client-unhandled|opcode=16|packetName=PacketClientLogout|payload=1000;payloadTruncated=false
2026-05-25 17:40:44.1252|WARN|MinigameDiagnostics|MINIGAME_DIAG|event=join-activity-ignored|handler=BaseActivityServicePacketHandler|player=225|worldTunnel=true|activity=39|remaining=C0C7FFFF;remainingTruncated=false
2026-05-25 17:40:53.9942|WARN|MinigameDiagnostics|MINIGAME_DIAG|event=join-activity-ignored|handler=BaseActivityServicePacketHandler|player=225|worldTunnel=true|activity=603|remaining=C0C7FFFF;remainingTruncated=false
2026-05-25 17:41:21.9054|WARN|MinigameDiagnostics|MINIGAME_DIAG|event=raw-unhandled-packet|handler=RawTcgPacketHandler|player=225|worldTunnel=n/a|tunnel=client-unhandled|opcode=16|packetName=PacketClientLogout|payload=1000;payloadTruncated=false
2026-05-25 18:03:09.4821|WARN|MinigameDiagnostics|MINIGAME_DIAG|event=join-activity-ignored|handler=BaseActivityServicePacketHandler|player=225|worldTunnel=true|activity=39|remaining=C0C7FFFF;remainingTruncated=false
2026-05-25 18:03:17.2077|WARN|MinigameDiagnostics|MINIGAME_DIAG|event=join-activity-ignored|handler=BaseActivityServicePacketHandler|player=225|worldTunnel=true|activity=603|remaining=C0C7FFFF;remainingTruncated=false
2026-05-25 18:35:56.5836|WARN|MinigameDiagnostics|MINIGAME_DIAG|event=raw-unhandled-packet|handler=RawTcgPacketHandler|player=225|worldTunnel=n/a|tunnel=client-unhandled|opcode=16|packetName=PacketClientLogout|payload=1000;payloadTruncated=false
2026-05-25 19:19:23.5525|WARN|MinigameDiagnostics|MINIGAME_DIAG|event=raw-unhandled-packet|handler=RawTcgPacketHandler|player=225|worldTunnel=n/a|tunnel=client-unhandled|opcode=16|packetName=PacketClientLogout|payload=1000;payloadTruncated=false
2026-05-25 19:29:23.6163|WARN|MinigameDiagnostics|MINIGAME_DIAG|event=raw-unhandled-packet|handler=RawTcgPacketHandler|player=225|worldTunnel=n/a|tunnel=client-unhandled|opcode=16|packetName=PacketClientLogout|payload=1000;payloadTruncated=false
2026-05-25 20:21:33.4067|WARN|MinigameDiagnostics|MINIGAME_DIAG|event=raw-unhandled-packet|handler=RawTcgPacketHandler|player=225|worldTunnel=n/a|tunnel=client-unhandled|opcode=16|packetName=PacketClientLogout|payload=1000;payloadTruncated=false
2026-05-25 21:00:19.4537|WARN|MinigameDiagnostics|MINIGAME_DIAG|event=raw-unhandled-packet|handler=RawTcgPacketHandler|player=225|worldTunnel=n/a|tunnel=client-unhandled|opcode=16|packetName=PacketClientLogout|payload=1000;payloadTruncated=false
2026-05-25 21:33:06.4617|WARN|MinigameDiagnostics|MINIGAME_DIAG|event=raw-unhandled-packet|handler=RawTcgPacketHandler|player=225|worldTunnel=n/a|tunnel=client-unhandled|opcode=16|packetName=PacketClientLogout|payload=1000;payloadTruncated=false
2026-05-25 21:46:16.9116|WARN|MinigameDiagnostics|MINIGAME_DIAG|event=raw-unhandled-packet|handler=RawTcgPacketHandler|player=225|worldTunnel=n/a|tunnel=client-unhandled|opcode=16|packetName=PacketClientLogout|payload=1000;payloadTruncated=false
2026-05-25 22:28:47.4317|WARN|MinigameDiagnostics|MINIGAME_DIAG|event=raw-unhandled-packet|handler=RawTcgPacketHandler|player=225|worldTunnel=n/a|tunnel=client-unhandled|opcode=98|packetName=ClientPathRequestPacket|payload=620001E100000000000000000000000000000070E38BC4E3CF1FC2E8CACAC30000803F96158CC4FCE01FC2583FCAC30000803F00000000;payloadTruncated=false
2026-05-25 22:29:42.7114|WARN|MinigameDiagnostics|MINIGAME_DIAG|event=raw-unhandled-packet|handler=RawTcgPacketHandler|player=225|worldTunnel=n/a|tunnel=client-unhandled|opcode=98|packetName=ClientPathRequestPacket|payload=620001E1000000000000000000000000000000D96391C49D9A14C24A1AD8C30000803FF1DC8EC4D04E1FC2844BD0C30000803F00000000;payloadTruncated=false
2026-05-25 22:30:21.0727|WARN|MinigameDiagnostics|MINIGAME_DIAG|event=raw-unhandled-packet|handler=RawTcgPacketHandler|player=225|worldTunnel=n/a|tunnel=client-unhandled|opcode=16|packetName=PacketClientLogout|payload=1000;payloadTruncated=false
2026-05-25 23:03:10.2374|WARN|MinigameDiagnostics|MINIGAME_DIAG|event=raw-unhandled-packet|handler=RawTcgPacketHandler|player=225|worldTunnel=n/a|tunnel=client-unhandled|opcode=16|packetName=PacketClientLogout|payload=1000;payloadTruncated=false
2026-05-25 23:08:11.5089|WARN|MinigameDiagnostics|MINIGAME_DIAG|event=raw-unhandled-packet|handler=RawTcgPacketHandler|player=225|worldTunnel=n/a|tunnel=client-unhandled|opcode=16|packetName=PacketClientLogout|payload=1000;payloadTruncated=false
2026-05-25 23:15:23.3962|WARN|MinigameDiagnostics|MINIGAME_DIAG|event=raw-unhandled-packet|handler=RawTcgPacketHandler|player=225|worldTunnel=n/a|tunnel=client-unhandled|opcode=16|packetName=PacketClientLogout|payload=1000;payloadTruncated=false
2026-05-25 23:18:16.5692|WARN|MinigameDiagnostics|MINIGAME_DIAG|event=raw-unhandled-packet|handler=RawTcgPacketHandler|player=225|worldTunnel=n/a|tunnel=client-unhandled|opcode=16|packetName=PacketClientLogout|payload=1000;payloadTruncated=false
