2026-06-02 00:04:19.6780|WARN|MinigameDiagnostics|MINIGAME_DIAG|event=raw-unhandled-packet|handler=RawTcgPacketHandler|player=225|worldTunnel=n/a|tunnel=client-unhandled|opcode=16|packetName=PacketClientLogout|payload=1000;payloadTruncated=false
2026-06-02 00:10:57.5957|WARN|MinigameDiagnostics|MINIGAME_DIAG|event=raw-unhandled-packet|handler=RawTcgPacketHandler|player=225|worldTunnel=n/a|tunnel=client-unhandled|opcode=16|packetName=PacketClientLogout|payload=1000;payloadTruncated=false
2026-06-02 01:08:22.0559|WARN|MinigameDiagnostics|MINIGAME_DIAG|event=raw-unhandled-packet|handler=RawTcgPacketHandler|player=225|worldTunnel=n/a|tunnel=client-unhandled|opcode=16|packetName=PacketClientLogout|payload=1000;payloadTruncated=false
2026-06-02 01:19:39.2238|WARN|MinigameDiagnostics|MINIGAME_DIAG|event=raw-unhandled-packet|handler=RawTcgPacketHandler|player=225|worldTunnel=n/a|tunnel=client-unhandled|opcode=16|packetName=PacketClientLogout|payload=1000;payloadTruncated=false
2026-06-02 01:30:42.6317|WARN|MinigameDiagnostics|MINIGAME_DIAG|event=raw-unhandled-packet|handler=RawTcgPacketHandler|player=225|worldTunnel=n/a|tunnel=client-unhandled|opcode=16|packetName=PacketClientLogout|payload=1000;payloadTruncated=false
2026-06-02 01:30:44.6386|ERROR|Sanctuary.Gateway.GatewayConnection|Failed to save character data to database
2026-06-02 01:34:31.0980|WARN|MinigameDiagnostics|MINIGAME_DIAG|event=raw-unhandled-packet|handler=RawTcgPacketHandler|player=225|worldTunnel=n/a|tunnel=client-unhandled|opcode=16|packetName=PacketClientLogout|payload=1000;payloadTruncated=false
2026-06-02 01:34:35.1191|ERROR|Sanctuary.Gateway.GatewayConnection|Failed to save character data to database
2026-06-02 02:12:54.1965|WARN|MinigameDiagnostics|MINIGAME_DIAG|event=raw-unhandled-packet|handler=RawTcgPacketHandler|player=225|worldTunnel=n/a|tunnel=client-unhandled|opcode=16|packetName=PacketClientLogout|payload=1000;payloadTruncated=false
2026-06-02 03:38:49.3313|WARN|MinigameDiagnostics|MINIGAME_DIAG|event=raw-unhandled-packet|handler=RawTcgPacketHandler|player=225|worldTunnel=n/a|tunnel=client-unhandled|opcode=16|packetName=PacketClientLogout|payload=1000;payloadTruncated=false
2026-06-02 03:38:51.3449|ERROR|Sanctuary.Gateway.GatewayConnection|Failed to save character data to database
2026-06-02 03:41:35.8225|WARN|MinigameDiagnostics|MINIGAME_DIAG|event=raw-unhandled-packet|handler=RawTcgPacketHandler|player=225|worldTunnel=n/a|tunnel=client-unhandled|opcode=16|packetName=PacketClientLogout|payload=1000;payloadTruncated=false
2026-06-02 03:41:37.8850|ERROR|Sanctuary.Gateway.GatewayConnection|Failed to save character data to database
2026-06-02 13:24:49.6077|WARN|MinigameDiagnostics|MINIGAME_DIAG|event=raw-unhandled-packet|handler=RawTcgPacketHandler|player=225|worldTunnel=n/a|tunnel=client-unhandled|opcode=16|packetName=PacketClientLogout|payload=1000;payloadTruncated=false
2026-06-02 13:24:51.6146|ERROR|Sanctuary.Gateway.GatewayConnection|Failed to save character data to database
2026-06-02 13:59:01.0437|WARN|MinigameDiagnostics|MINIGAME_DIAG|event=raw-unhandled-packet|handler=RawTcgPacketHandler|player=225|worldTunnel=n/a|tunnel=client-unhandled|opcode=16|packetName=PacketClientLogout|payload=1000;payloadTruncated=false
2026-06-02 13:59:04.3020|ERROR|Sanctuary.Gateway.GatewayConnection|Failed to save character data to database
2026-06-02 14:06:32.3253|WARN|MinigameDiagnostics|MINIGAME_DIAG|event=raw-unhandled-packet|handler=RawTcgPacketHandler|player=225|worldTunnel=n/a|tunnel=client-unhandled|opcode=16|packetName=PacketClientLogout|payload=1000;payloadTruncated=false
2026-06-02 14:33:52.4919|WARN|MinigameDiagnostics|MINIGAME_DIAG|event=raw-unhandled-packet|handler=RawTcgPacketHandler|player=225|worldTunnel=n/a|tunnel=client-unhandled|opcode=16|packetName=PacketClientLogout|payload=1000;payloadTruncated=false
2026-06-02 14:33:54.5051|ERROR|Sanctuary.Gateway.GatewayConnection|Failed to save character data to database
2026-06-02 15:14:33.0481|WARN|MinigameDiagnostics|MINIGAME_DIAG|event=unhandled-packet|handler=MiniGamePacketHandler|player=225|worldTunnel=false|family=MiniGame|type=6
2026-06-02 15:18:48.9321|WARN|MinigameDiagnostics|MINIGAME_DIAG|event=raw-unhandled-packet|handler=RawTcgPacketHandler|player=225|worldTunnel=n/a|tunnel=client-unhandled|opcode=16|packetName=PacketClientLogout|payload=1000;payloadTruncated=false
2026-06-02 15:18:53.8957|ERROR|Sanctuary.Gateway.GatewayConnection|Failed to save character data to database
2026-06-02 15:43:29.8475|WARN|MinigameDiagnostics|MINIGAME_DIAG|event=raw-unhandled-packet|handler=RawTcgPacketHandler|player=225|worldTunnel=n/a|tunnel=client-unhandled|opcode=98|packetName=ClientPathRequestPacket|payload=620001E10000000000000000000000000000002138F1C3E0865040A6F22CC40000803F3C1EE8C31023BCBE7E912EC40000803F00000000;payloadTruncated=false
2026-06-02 15:43:30.6641|WARN|MinigameDiagnostics|MINIGAME_DIAG|event=raw-unhandled-packet|handler=RawTcgPacketHandler|player=225|worldTunnel=n/a|tunnel=client-unhandled|opcode=98|packetName=ClientPathRequestPacket|payload=620001E100000000000000000000000000000072ABEEC3A93EBB3F04672DC40000803F0CBEECC3707FE83F00EB2DC40000803F00000000;payloadTruncated=false
2026-06-02 15:43:31.6570|WARN|MinigameDiagnostics|MINIGAME_DIAG|event=raw-unhandled-packet|handler=RawTcgPacketHandler|player=225|worldTunnel=n/a|tunnel=client-unhandled|opcode=16|packetName=PacketClientLogout|payload=1000;payloadTruncated=false
2026-06-02 15:56:50.3434|WARN|MinigameDiagnostics|MINIGAME_DIAG|event=raw-unhandled-packet|handler=RawTcgPacketHandler|player=225|worldTunnel=n/a|tunnel=client-unhandled|opcode=16|packetName=PacketClientLogout|payload=1000;payloadTruncated=false
2026-06-02 16:44:42.1109|WARN|MinigameDiagnostics|MINIGAME_DIAG|event=raw-unhandled-packet|handler=RawTcgPacketHandler|player=225|worldTunnel=n/a|tunnel=client-unhandled|opcode=16|packetName=PacketClientLogout|payload=1000;payloadTruncated=false
2026-06-02 17:51:52.6138|WARN|MinigameDiagnostics|MINIGAME_DIAG|event=raw-unhandled-packet|handler=RawTcgPacketHandler|player=225|worldTunnel=n/a|tunnel=client-unhandled|opcode=98|packetName=ClientPathRequestPacket|payload=620001E100000000000000000000000000000098F2ECC3B2A8773FC0DD2DC40000803F9F0DDEC3FA42B73F026431C40000803F00000000;payloadTruncated=false
2026-06-02 18:04:10.4172|WARN|MinigameDiagnostics|MINIGAME_DIAG|event=raw-unhandled-packet|handler=RawTcgPacketHandler|player=225|worldTunnel=n/a|tunnel=client-unhandled|opcode=16|packetName=PacketClientLogout|payload=1000;payloadTruncated=false
2026-06-02 18:13:01.6573|WARN|MinigameDiagnostics|MINIGAME_DIAG|event=raw-unhandled-packet|handler=RawTcgPacketHandler|player=225|worldTunnel=n/a|tunnel=client-unhandled|opcode=16|packetName=PacketClientLogout|payload=1000;payloadTruncated=false
2026-06-02 18:47:50.8200|WARN|MinigameDiagnostics|MINIGAME_DIAG|event=raw-unhandled-packet|handler=RawTcgPacketHandler|player=225|worldTunnel=n/a|tunnel=client-unhandled|opcode=16|packetName=PacketClientLogout|payload=1000;payloadTruncated=false
2026-06-02 18:48:02.7672|ERROR|Sanctuary.Gateway.GatewayConnection|Failed to save character data to database
2026-06-02 19:33:31.4910|WARN|MinigameDiagnostics|MINIGAME_DIAG|event=raw-unhandled-packet|handler=RawTcgPacketHandler|player=225|worldTunnel=n/a|tunnel=client-unhandled|opcode=16|packetName=PacketClientLogout|payload=1000;payloadTruncated=false
2026-06-02 20:49:00.0210|WARN|MinigameDiagnostics|MINIGAME_DIAG|event=raw-unhandled-packet|handler=RawTcgPacketHandler|player=225|worldTunnel=n/a|tunnel=client-unhandled|opcode=16|packetName=PacketClientLogout|payload=1000;payloadTruncated=false
2026-06-02 20:49:03.8625|ERROR|Sanctuary.Gateway.GatewayConnection|Failed to save character data to database
2026-06-02 21:21:32.8918|WARN|MinigameDiagnostics|MINIGAME_DIAG|event=raw-unhandled-packet|handler=RawTcgPacketHandler|player=225|worldTunnel=n/a|tunnel=client-unhandled|opcode=16|packetName=PacketClientLogout|payload=1000;payloadTruncated=false
2026-06-02 22:25:38.7690|WARN|MinigameDiagnostics|MINIGAME_DIAG|event=raw-unhandled-packet|handler=RawTcgPacketHandler|player=225|worldTunnel=n/a|tunnel=client-unhandled|opcode=16|packetName=PacketClientLogout|payload=1000;payloadTruncated=false
2026-06-02 23:42:14.9832|WARN|MinigameDiagnostics|MINIGAME_DIAG|event=raw-unhandled-packet|handler=RawTcgPacketHandler|player=225|worldTunnel=n/a|tunnel=client-unhandled|opcode=16|packetName=PacketClientLogout|payload=1000;payloadTruncated=false
