2025-12-01 11:33:11.9400|ERROR|Microsoft.EntityFrameworkCore.Database.Connection|An error occurred using the connection to database 'main' on server 'D:\Games\Free Realms\sanctuary.db'.
2025-12-01 11:33:11.9400|FATAL|Sanctuary.Login.LoginService|Cannot start LoginService. Failed to reach database.|Microsoft.Data.Sqlite.SqliteException (0x80004005): SQLite Error 14: 'unable to open database file'.
   at Microsoft.Data.Sqlite.SqliteException.ThrowExceptionForRC(Int32 rc, sqlite3 db)
   at Microsoft.Data.Sqlite.SqliteConnectionInternal..ctor(SqliteConnectionStringBuilder connectionOptions, SqliteConnectionPool pool)
   at Microsoft.Data.Sqlite.SqliteConnectionPool.GetConnection()
   at Microsoft.Data.Sqlite.SqliteConnectionFactory.GetConnection(SqliteConnection outerConnection)
   at Microsoft.Data.Sqlite.SqliteConnection.Open()
   at Microsoft.EntityFrameworkCore.Storage.RelationalConnection.OpenDbConnection(Boolean errorsExpected)
   at Microsoft.EntityFrameworkCore.Storage.RelationalConnection.OpenInternal(Boolean errorsExpected)
   at Microsoft.EntityFrameworkCore.Storage.RelationalConnection.Open(Boolean errorsExpected)
   at Microsoft.EntityFrameworkCore.Sqlite.Storage.Internal.SqliteDatabaseCreator.Create()
   at Microsoft.EntityFrameworkCore.Migrations.Internal.Migrator.Migrate(String targetMigration)
   at Microsoft.EntityFrameworkCore.RelationalDatabaseFacadeExtensions.Migrate(DatabaseFacade databaseFacade)
   at Sanctuary.Login.LoginService.ExecuteAsync(CancellationToken cancellationToken) in E:\GitHub\Free Realms\Sanctuary\src\Sanctuary.Login\LoginService.cs:line 47
2025-12-01 11:45:09.0412|ERROR|Microsoft.EntityFrameworkCore.Database.Connection|An error occurred using the connection to database 'main' on server 'D:\Games\Free Realms\sanctuary.db'.
2025-12-01 11:45:09.0412|FATAL|Sanctuary.Login.LoginService|Cannot start LoginService. Failed to reach database.|Microsoft.Data.Sqlite.SqliteException (0x80004005): SQLite Error 14: 'unable to open database file'.
   at Microsoft.Data.Sqlite.SqliteException.ThrowExceptionForRC(Int32 rc, sqlite3 db)
   at Microsoft.Data.Sqlite.SqliteConnectionInternal..ctor(SqliteConnectionStringBuilder connectionOptions, SqliteConnectionPool pool)
   at Microsoft.Data.Sqlite.SqliteConnectionPool.GetConnection()
   at Microsoft.Data.Sqlite.SqliteConnectionFactory.GetConnection(SqliteConnection outerConnection)
   at Microsoft.Data.Sqlite.SqliteConnection.Open()
   at Microsoft.EntityFrameworkCore.Storage.RelationalConnection.OpenDbConnection(Boolean errorsExpected)
   at Microsoft.EntityFrameworkCore.Storage.RelationalConnection.OpenInternal(Boolean errorsExpected)
   at Microsoft.EntityFrameworkCore.Storage.RelationalConnection.Open(Boolean errorsExpected)
   at Microsoft.EntityFrameworkCore.Sqlite.Storage.Internal.SqliteDatabaseCreator.Create()
   at Microsoft.EntityFrameworkCore.Migrations.Internal.Migrator.Migrate(String targetMigration)
   at Microsoft.EntityFrameworkCore.RelationalDatabaseFacadeExtensions.Migrate(DatabaseFacade databaseFacade)
   at Sanctuary.Login.LoginService.ExecuteAsync(CancellationToken cancellationToken) in E:\GitHub\Free Realms\Sanctuary\src\Sanctuary.Login\LoginService.cs:line 47
2025-12-01 11:47:57.1266|ERROR|Microsoft.EntityFrameworkCore.Database.Connection|An error occurred using the connection to database 'main' on server 'D:\Games\Free Realms\sanctuary.db'.
2025-12-01 11:47:57.1270|FATAL|Sanctuary.Login.LoginService|Cannot start LoginService. Failed to reach database.|Microsoft.Data.Sqlite.SqliteException (0x80004005): SQLite Error 14: 'unable to open database file'.
   at Microsoft.Data.Sqlite.SqliteException.ThrowExceptionForRC(Int32 rc, sqlite3 db)
   at Microsoft.Data.Sqlite.SqliteConnectionInternal..ctor(SqliteConnectionStringBuilder connectionOptions, SqliteConnectionPool pool)
   at Microsoft.Data.Sqlite.SqliteConnectionPool.GetConnection()
   at Microsoft.Data.Sqlite.SqliteConnectionFactory.GetConnection(SqliteConnection outerConnection)
   at Microsoft.Data.Sqlite.SqliteConnection.Open()
   at Microsoft.EntityFrameworkCore.Storage.RelationalConnection.OpenDbConnection(Boolean errorsExpected)
   at Microsoft.EntityFrameworkCore.Storage.RelationalConnection.OpenInternal(Boolean errorsExpected)
   at Microsoft.EntityFrameworkCore.Storage.RelationalConnection.Open(Boolean errorsExpected)
   at Microsoft.EntityFrameworkCore.Sqlite.Storage.Internal.SqliteDatabaseCreator.Create()
   at Microsoft.EntityFrameworkCore.Migrations.Internal.Migrator.Migrate(String targetMigration)
   at Microsoft.EntityFrameworkCore.RelationalDatabaseFacadeExtensions.Migrate(DatabaseFacade databaseFacade)
   at Sanctuary.Login.LoginService.ExecuteAsync(CancellationToken cancellationToken) in E:\GitHub\Free Realms\Sanctuary\src\Sanctuary.Login\LoginService.cs:line 47
2025-12-01 11:49:53.3632|ERROR|Microsoft.EntityFrameworkCore.Database.Connection|An error occurred using the connection to database 'main' on server 'D:\Games\Free Realms\sanctuary.db'.
2025-12-01 11:49:53.3632|FATAL|Sanctuary.Login.LoginService|Cannot start LoginService. Failed to reach database.|Microsoft.Data.Sqlite.SqliteException (0x80004005): SQLite Error 14: 'unable to open database file'.
   at Microsoft.Data.Sqlite.SqliteException.ThrowExceptionForRC(Int32 rc, sqlite3 db)
   at Microsoft.Data.Sqlite.SqliteConnectionInternal..ctor(SqliteConnectionStringBuilder connectionOptions, SqliteConnectionPool pool)
   at Microsoft.Data.Sqlite.SqliteConnectionPool.GetConnection()
   at Microsoft.Data.Sqlite.SqliteConnectionFactory.GetConnection(SqliteConnection outerConnection)
   at Microsoft.Data.Sqlite.SqliteConnection.Open()
   at Microsoft.EntityFrameworkCore.Storage.RelationalConnection.OpenDbConnection(Boolean errorsExpected)
   at Microsoft.EntityFrameworkCore.Storage.RelationalConnection.OpenInternal(Boolean errorsExpected)
   at Microsoft.EntityFrameworkCore.Storage.RelationalConnection.Open(Boolean errorsExpected)
   at Microsoft.EntityFrameworkCore.Sqlite.Storage.Internal.SqliteDatabaseCreator.Create()
   at Microsoft.EntityFrameworkCore.Migrations.Internal.Migrator.Migrate(String targetMigration)
   at Microsoft.EntityFrameworkCore.RelationalDatabaseFacadeExtensions.Migrate(DatabaseFacade databaseFacade)
   at Sanctuary.Login.LoginService.ExecuteAsync(CancellationToken cancellationToken) in E:\GitHub\Free Realms\Sanctuary\src\Sanctuary.Login\LoginService.cs:line 47
2025-12-01 11:50:02.9569|ERROR|Microsoft.EntityFrameworkCore.Database.Connection|An error occurred using the connection to database 'main' on server 'D:\Games\Free Realms\sanctuary.db'.
2025-12-01 11:50:02.9569|FATAL|Sanctuary.Login.LoginService|Cannot start LoginService. Failed to reach database.|Microsoft.Data.Sqlite.SqliteException (0x80004005): SQLite Error 14: 'unable to open database file'.
   at Microsoft.Data.Sqlite.SqliteException.ThrowExceptionForRC(Int32 rc, sqlite3 db)
   at Microsoft.Data.Sqlite.SqliteConnectionInternal..ctor(SqliteConnectionStringBuilder connectionOptions, SqliteConnectionPool pool)
   at Microsoft.Data.Sqlite.SqliteConnectionPool.GetConnection()
   at Microsoft.Data.Sqlite.SqliteConnectionFactory.GetConnection(SqliteConnection outerConnection)
   at Microsoft.Data.Sqlite.SqliteConnection.Open()
   at Microsoft.EntityFrameworkCore.Storage.RelationalConnection.OpenDbConnection(Boolean errorsExpected)
   at Microsoft.EntityFrameworkCore.Storage.RelationalConnection.OpenInternal(Boolean errorsExpected)
   at Microsoft.EntityFrameworkCore.Storage.RelationalConnection.Open(Boolean errorsExpected)
   at Microsoft.EntityFrameworkCore.Sqlite.Storage.Internal.SqliteDatabaseCreator.Create()
   at Microsoft.EntityFrameworkCore.Migrations.Internal.Migrator.Migrate(String targetMigration)
   at Microsoft.EntityFrameworkCore.RelationalDatabaseFacadeExtensions.Migrate(DatabaseFacade databaseFacade)
   at Sanctuary.Login.LoginService.ExecuteAsync(CancellationToken cancellationToken) in E:\GitHub\Free Realms\Sanctuary\src\Sanctuary.Login\LoginService.cs:line 47
2025-12-01 13:02:18.6899|WARN|LoginRequestHandler|User tried to login with an invalid session. ( Session: 1_1764586929 )
2025-12-01 13:03:23.3910|WARN|LoginRequestHandler|User tried to login with an invalid session. ( Session: 1_1764587000 )
2025-12-01 13:05:32.0608|WARN|LoginRequestHandler|User tried to login with an invalid session. ( Session: 1_1764587128 )
2025-12-01 13:17:16.7609|ERROR|Microsoft.EntityFrameworkCore.Database.Command|Failed executing DbCommand (1ms) [Parameters=[], CommandType='Text', CommandTimeout='30']
CREATE UNIQUE INDEX "IX_Mounts_Tint_Definition_CharacterId" ON "Mounts" ("Tint", "Definition", "CharacterId");
2025-12-01 13:17:16.7696|FATAL|Sanctuary.Login.LoginService|Cannot start LoginService. Failed to reach database.|Microsoft.Data.Sqlite.SqliteException (0x80004005): SQLite Error 19: 'UNIQUE constraint failed: Mounts.Tint, Mounts.Definition, Mounts.CharacterId'.
   at Microsoft.Data.Sqlite.SqliteException.ThrowExceptionForRC(Int32 rc, sqlite3 db)
   at Microsoft.Data.Sqlite.SqliteDataReader.NextResult()
   at Microsoft.Data.Sqlite.SqliteCommand.ExecuteReader(CommandBehavior behavior)
   at Microsoft.Data.Sqlite.SqliteCommand.ExecuteReader()
   at Microsoft.Data.Sqlite.SqliteCommand.ExecuteNonQuery()
   at Microsoft.EntityFrameworkCore.Storage.RelationalCommand.ExecuteNonQuery(RelationalCommandParameterObject parameterObject)
   at Microsoft.EntityFrameworkCore.Migrations.MigrationCommand.ExecuteNonQuery(IRelationalConnection connection, IReadOnlyDictionary`2 parameterValues)
   at Microsoft.EntityFrameworkCore.Migrations.Internal.MigrationCommandExecutor.Execute(IReadOnlyList`1 migrationCommands, IRelationalConnection connection, MigrationExecutionState executionState, Boolean beginTransaction, Boolean commitTransaction, Nullable`1 isolationLevel)
   at Microsoft.EntityFrameworkCore.Migrations.Internal.MigrationCommandExecutor.<>c.<ExecuteNonQuery>b__3_1(DbContext _, ValueTuple`6 s)
   at Microsoft.EntityFrameworkCore.Storage.NonRetryingExecutionStrategy.Execute[TState,TResult](TState state, Func`3 operation, Func`3 verifySucceeded)
   at Microsoft.EntityFrameworkCore.Migrations.Internal.MigrationCommandExecutor.ExecuteNonQuery(IReadOnlyList`1 migrationCommands, IRelationalConnection connection, MigrationExecutionState executionState, Boolean commitTransaction, Nullable`1 isolationLevel)
   at Microsoft.EntityFrameworkCore.Migrations.Internal.Migrator.MigrateImplementation(DbContext context, String targetMigration, MigrationExecutionState state, Boolean useTransaction)
   at Microsoft.EntityFrameworkCore.Migrations.Internal.Migrator.<>c.<Migrate>b__20_1(DbContext c, ValueTuple`4 s)
   at Microsoft.EntityFrameworkCore.Storage.NonRetryingExecutionStrategy.Execute[TState,TResult](TState state, Func`3 operation, Func`3 verifySucceeded)
   at Microsoft.EntityFrameworkCore.Migrations.Internal.Migrator.Migrate(String targetMigration)
   at Microsoft.EntityFrameworkCore.RelationalDatabaseFacadeExtensions.Migrate(DatabaseFacade databaseFacade)
   at Sanctuary.Login.LoginService.ExecuteAsync(CancellationToken cancellationToken) in E:\GitHub\Free Realms\Sanctuary\src\Sanctuary.Login\LoginService.cs:line 47
2025-12-01 13:18:06.1139|ERROR|Microsoft.EntityFrameworkCore.Database.Command|Failed executing DbCommand (1ms) [Parameters=[], CommandType='Text', CommandTimeout='30']
CREATE UNIQUE INDEX "IX_Mounts_Tint_Definition_CharacterId" ON "Mounts" ("Tint", "Definition", "CharacterId");
2025-12-01 13:18:06.1288|FATAL|Sanctuary.Login.LoginService|Cannot start LoginService. Failed to reach database.|Microsoft.Data.Sqlite.SqliteException (0x80004005): SQLite Error 19: 'UNIQUE constraint failed: Mounts.Tint, Mounts.Definition, Mounts.CharacterId'.
   at Microsoft.Data.Sqlite.SqliteException.ThrowExceptionForRC(Int32 rc, sqlite3 db)
   at Microsoft.Data.Sqlite.SqliteDataReader.NextResult()
   at Microsoft.Data.Sqlite.SqliteCommand.ExecuteReader(CommandBehavior behavior)
   at Microsoft.Data.Sqlite.SqliteCommand.ExecuteReader()
   at Microsoft.Data.Sqlite.SqliteCommand.ExecuteNonQuery()
   at Microsoft.EntityFrameworkCore.Storage.RelationalCommand.ExecuteNonQuery(RelationalCommandParameterObject parameterObject)
   at Microsoft.EntityFrameworkCore.Migrations.MigrationCommand.ExecuteNonQuery(IRelationalConnection connection, IReadOnlyDictionary`2 parameterValues)
   at Microsoft.EntityFrameworkCore.Migrations.Internal.MigrationCommandExecutor.Execute(IReadOnlyList`1 migrationCommands, IRelationalConnection connection, MigrationExecutionState executionState, Boolean beginTransaction, Boolean commitTransaction, Nullable`1 isolationLevel)
   at Microsoft.EntityFrameworkCore.Migrations.Internal.MigrationCommandExecutor.<>c.<ExecuteNonQuery>b__3_1(DbContext _, ValueTuple`6 s)
   at Microsoft.EntityFrameworkCore.Storage.NonRetryingExecutionStrategy.Execute[TState,TResult](TState state, Func`3 operation, Func`3 verifySucceeded)
   at Microsoft.EntityFrameworkCore.Migrations.Internal.MigrationCommandExecutor.ExecuteNonQuery(IReadOnlyList`1 migrationCommands, IRelationalConnection connection, MigrationExecutionState executionState, Boolean commitTransaction, Nullable`1 isolationLevel)
   at Microsoft.EntityFrameworkCore.Migrations.Internal.Migrator.MigrateImplementation(DbContext context, String targetMigration, MigrationExecutionState state, Boolean useTransaction)
   at Microsoft.EntityFrameworkCore.Migrations.Internal.Migrator.<>c.<Migrate>b__20_1(DbContext c, ValueTuple`4 s)
   at Microsoft.EntityFrameworkCore.Storage.NonRetryingExecutionStrategy.Execute[TState,TResult](TState state, Func`3 operation, Func`3 verifySucceeded)
   at Microsoft.EntityFrameworkCore.Migrations.Internal.Migrator.Migrate(String targetMigration)
   at Microsoft.EntityFrameworkCore.RelationalDatabaseFacadeExtensions.Migrate(DatabaseFacade databaseFacade)
   at Sanctuary.Login.LoginService.ExecuteAsync(CancellationToken cancellationToken) in E:\GitHub\Free Realms\Sanctuary\src\Sanctuary.Login\LoginService.cs:line 47
