2025-11-27 08:32:59.4193|DEBUG|Microsoft.Extensions.Hosting.Internal.Host|Hosting starting
2025-11-27 08:33:00.0922|INFO|Sanctuary.Game.ResourceManager|Loaded 5 interactions.
2025-11-27 08:33:00.1044|INFO|Sanctuary.Gateway.GatewayService|GatewayServer started and is listening on port '20260'.
2025-11-27 08:33:00.1644|INFO|Sanctuary.Gateway.LoginConnection|127.0.0.1:20041 connected.
2025-11-27 08:33:00.2766|TRACE|GatewayLoginReplyHandler|Received GatewayLoginReply packet. ( Sanctuary.Packet.GatewayLoginReply )
2025-11-27 12:15:04.0956|INFO|Sanctuary.Gateway.GatewayServer|127.0.0.1:56697 connected.
2025-11-27 12:15:04.2042|TRACE|PacketLoginHandler|Received PacketLogin packet. ( ( Ticket: "beca0139-0461-449f-955d-4d5857bba307", Guid: 1, Version: "1.910.1.530630", Unknown: "" ) )
2025-11-27 12:15:04.6410|TRACE|PacketSetLocaleHandler|Received PacketSetLocale packet. ( Sanctuary.Packet.PacketSetLocale )
2025-11-27 12:15:04.6410|TRACE|PacketClientInitializationDetailsHandler|Received PacketClientInitializationDetails packet. ( Sanctuary.Packet.PacketClientInitializationDetails )
2025-11-27 12:15:04.6410|TRACE|PacketClientLogHandler|Received PacketClientLog packet. ( Filename: ClientCas.log, Message: CasApi - Invalid CAS Authentication Token. )
2025-11-27 12:15:04.6410|TRACE|PacketClientLogHandler|Received PacketClientLog packet. ( Filename: ClientUram.log, Message: UramManager - URAM GameCode: FR, Version: 11, UriDomain: account.station.sony.com, Certificate: soe-ssl-certs.pem. )
2025-11-27 12:15:04.7624|TRACE|PacketPortraitDataRequestHandler|Received PacketPortraitDataRequest packet. ( Sanctuary.Packet.PacketPortraitDataRequest )
2025-11-27 12:15:10.0424|TRACE|PacketClientIsReadyHandler|Received PacketClientIsReady packet.
2025-11-27 12:15:10.2601|TRACE|PacketClientFinishedLoadingHandler|Received PacketClientFinishedLoading packet.
2025-11-27 12:15:10.2601|TRACE|PacketClientLogHandler|Received PacketClientLog packet. ( Filename: ClientZoneTime.log, Message: 5529 ms )
2025-11-27 12:15:10.2601|TRACE|PacketClientLogHandler|Received PacketClientLog packet. ( Filename: MarketingData.log, Message: Viewed loading screen loadscreen_vendor.swf for 5.53 seconds.  Member=true, Zoning=true, Minigame Type=0 )
2025-11-27 12:15:10.2601|TRACE|PacketClientLogHandler|Received PacketClientLog packet. ( Filename: ClientStartTime.log, Message: 135377 ms )
2025-11-27 12:15:10.2601|TRACE|PacketClientLogHandler|Received PacketClientLog packet. ( Filename: ClientSystemInfo.log, Message: DriverVersion=00200000-000f1ff4 Device=000010de-00002c05-f3221569-161 Whql=00000000 VideoMem=3072 VShader=3.0 PShader=3.0 Desktop=2560x1440 Game=2560x1369 FullScreen=0 GraphicsQuality=3 ShadowQuality=3 TextureQuality=0 PhysicalMem=31811 VirtualMem=4095 MemoryLoadPercent=68 CpuCount=16 CpuType=586 CpuArchitecture=0 CpuLevel=0x001a CpuRevision=17408 DriverName=nvldumd.dll DeviceName=\\.\DISPLAY2 DeviceDescription=NVIDIA GeForce RTX 5070 Ti EffectFailures=None )
2025-11-27 12:15:12.2334|TRACE|WallOfDataUIEventPacketHandler|Received WallOfDataUIEventPacket packet. ( TableName: SocialHandler, Callback: Show, Param:  )
2025-11-27 12:15:12.2680|TRACE|WallOfDataUIEventPacketHandler|Received WallOfDataUIEventPacket packet. ( TableName: WelcomeHandler, Callback: closeWindow, Param: intotheworld )
2025-11-27 12:15:12.2905|TRACE|WallOfDataUIEventPacketHandler|Received WallOfDataUIEventPacket packet. ( TableName: SocialHandler, Callback: getFriends, Param:  )
2025-11-27 12:15:12.2961|TRACE|CommandPacketSetChatBubbleColorHandler|Received CommandPacketSetChatBubbleColor packet. ( Sanctuary.Packet.CommandPacketSetChatBubbleColor )
2025-11-27 12:15:12.2961|TRACE|CommandPacketChatChannelOnHandler|Received CommandPacketChatChannelOn packet. ( Sanctuary.Packet.CommandPacketChatChannelOn )
2025-11-27 12:15:12.2961|TRACE|CommandPacketChatChannelOnHandler|Received CommandPacketChatChannelOn packet. ( Sanctuary.Packet.CommandPacketChatChannelOn )
2025-11-27 12:15:12.2961|TRACE|CommandPacketChatChannelOffHandler|Received CommandPacketChatChannelOff packet. ( Sanctuary.Packet.CommandPacketChatChannelOff )
2025-11-27 12:15:12.2961|TRACE|CommandPacketChatChannelOffHandler|Received CommandPacketChatChannelOff packet. ( Sanctuary.Packet.CommandPacketChatChannelOff )
2025-11-27 12:15:12.2961|TRACE|CommandPacketChatChannelOnHandler|Received CommandPacketChatChannelOn packet. ( Sanctuary.Packet.CommandPacketChatChannelOn )
2025-11-27 12:15:12.2961|TRACE|CommandPacketChatChannelOnHandler|Received CommandPacketChatChannelOn packet. ( Sanctuary.Packet.CommandPacketChatChannelOn )
2025-11-27 12:15:12.2961|TRACE|CommandPacketChatChannelOffHandler|Received CommandPacketChatChannelOff packet. ( Sanctuary.Packet.CommandPacketChatChannelOff )
2025-11-27 12:15:12.2961|TRACE|CommandPacketChatChannelOffHandler|Received CommandPacketChatChannelOff packet. ( Sanctuary.Packet.CommandPacketChatChannelOff )
2025-11-27 12:15:12.2961|TRACE|CommandPacketChatChannelOnHandler|Received CommandPacketChatChannelOn packet. ( Sanctuary.Packet.CommandPacketChatChannelOn )
2025-11-27 12:15:12.2961|TRACE|CommandPacketChatChannelOffHandler|Received CommandPacketChatChannelOff packet. ( Sanctuary.Packet.CommandPacketChatChannelOff )
2025-11-27 12:15:12.2961|TRACE|CommandPacketChatChannelOffHandler|Received CommandPacketChatChannelOff packet. ( Sanctuary.Packet.CommandPacketChatChannelOff )
2025-11-27 12:15:12.2961|TRACE|CommandPacketChatChannelOnHandler|Received CommandPacketChatChannelOn packet. ( Sanctuary.Packet.CommandPacketChatChannelOn )
2025-11-27 12:15:12.2961|TRACE|CommandPacketChatChannelOnHandler|Received CommandPacketChatChannelOn packet. ( Sanctuary.Packet.CommandPacketChatChannelOn )
2025-11-27 12:15:12.2961|TRACE|CommandPacketChatChannelOffHandler|Received CommandPacketChatChannelOff packet. ( Sanctuary.Packet.CommandPacketChatChannelOff )
2025-11-27 12:15:12.2961|TRACE|CommandPacketChatChannelOffHandler|Received CommandPacketChatChannelOff packet. ( Sanctuary.Packet.CommandPacketChatChannelOff )
2025-11-27 12:15:12.2961|TRACE|CommandPacketChatChannelOnHandler|Received CommandPacketChatChannelOn packet. ( Sanctuary.Packet.CommandPacketChatChannelOn )
2025-11-27 12:15:16.5347|TRACE|WallOfDataUIEventPacketHandler|Received WallOfDataUIEventPacket packet. ( TableName: BrowserV2, Callback: ShowMounts, Param:  )
2025-11-27 12:15:17.7407|TRACE|WallOfDataUIEventPacketHandler|Received WallOfDataUIEventPacket packet. ( TableName: BrowserV2, Callback: Hide, Param:  )
2025-11-27 12:15:17.7462|TRACE|WallOfDataUIEventPacketHandler|Received WallOfDataUIEventPacket packet. ( TableName: SocialHandler, Callback: Show, Param:  )
2025-11-27 12:15:17.7462|TRACE|CommandPacketChatChannelOnHandler|Received CommandPacketChatChannelOn packet. ( Sanctuary.Packet.CommandPacketChatChannelOn )
2025-11-27 12:15:17.7462|TRACE|CommandPacketChatChannelOffHandler|Received CommandPacketChatChannelOff packet. ( Sanctuary.Packet.CommandPacketChatChannelOff )
2025-11-27 12:15:17.7462|TRACE|CommandPacketChatChannelOffHandler|Received CommandPacketChatChannelOff packet. ( Sanctuary.Packet.CommandPacketChatChannelOff )
2025-11-27 12:15:17.7462|TRACE|CommandPacketChatChannelOnHandler|Received CommandPacketChatChannelOn packet. ( Sanctuary.Packet.CommandPacketChatChannelOn )
2025-11-27 12:15:19.0545|TRACE|WallOfDataUIEventPacketHandler|Received WallOfDataUIEventPacket packet. ( TableName: GameDock, Callback: About Me, Param: 0 )
2025-11-27 12:15:19.8192|TRACE|WallOfDataUIEventPacketHandler|Received WallOfDataUIEventPacket packet. ( TableName: MyStuffBrowser, Callback: GotoAboutMe, Param:  )
2025-11-27 12:15:19.8247|TRACE|WallOfDataUIEventPacketHandler|Received WallOfDataUIEventPacket packet. ( TableName: SocialHandler, Callback: Show, Param:  )
2025-11-27 12:15:19.8247|TRACE|CommandPacketChatChannelOnHandler|Received CommandPacketChatChannelOn packet. ( Sanctuary.Packet.CommandPacketChatChannelOn )
2025-11-27 12:15:19.8247|TRACE|CommandPacketChatChannelOffHandler|Received CommandPacketChatChannelOff packet. ( Sanctuary.Packet.CommandPacketChatChannelOff )
2025-11-27 12:15:19.8247|TRACE|CommandPacketChatChannelOffHandler|Received CommandPacketChatChannelOff packet. ( Sanctuary.Packet.CommandPacketChatChannelOff )
2025-11-27 12:15:19.8247|TRACE|CommandPacketChatChannelOnHandler|Received CommandPacketChatChannelOn packet. ( Sanctuary.Packet.CommandPacketChatChannelOn )
2025-11-27 12:15:23.7466|TRACE|WallOfDataUIEventPacketHandler|Received WallOfDataUIEventPacket packet. ( TableName: SocialHandler, Callback: Show, Param:  )
2025-11-27 12:15:23.7466|TRACE|CommandPacketChatChannelOnHandler|Received CommandPacketChatChannelOn packet. ( Sanctuary.Packet.CommandPacketChatChannelOn )
2025-11-27 12:15:23.7466|TRACE|CommandPacketChatChannelOffHandler|Received CommandPacketChatChannelOff packet. ( Sanctuary.Packet.CommandPacketChatChannelOff )
2025-11-27 12:15:23.7466|TRACE|CommandPacketChatChannelOffHandler|Received CommandPacketChatChannelOff packet. ( Sanctuary.Packet.CommandPacketChatChannelOff )
2025-11-27 12:15:23.7466|TRACE|CommandPacketChatChannelOnHandler|Received CommandPacketChatChannelOn packet. ( Sanctuary.Packet.CommandPacketChatChannelOn )
2025-11-27 12:15:23.7466|TRACE|WallOfDataUIEventPacketHandler|Received WallOfDataUIEventPacket packet. ( TableName: SocialHandler, Callback: Show, Param:  )
2025-11-27 12:15:35.2630|TRACE|PacketClientMetricsHandler|Received PacketClientMetrics packet. ( Sanctuary.Packet.PacketClientMetrics )
2025-11-27 12:15:50.2679|TRACE|PacketClientMetricsHandler|Received PacketClientMetrics packet. ( Sanctuary.Packet.PacketClientMetrics )
2025-11-27 12:16:05.2735|TRACE|PacketClientMetricsHandler|Received PacketClientMetrics packet. ( Sanctuary.Packet.PacketClientMetrics )
2025-11-27 12:16:20.2794|TRACE|PacketClientMetricsHandler|Received PacketClientMetrics packet. ( Sanctuary.Packet.PacketClientMetrics )
2025-11-27 12:16:35.2840|TRACE|PacketClientMetricsHandler|Received PacketClientMetrics packet. ( Sanctuary.Packet.PacketClientMetrics )
2025-11-27 12:16:50.2876|TRACE|PacketClientMetricsHandler|Received PacketClientMetrics packet. ( Sanctuary.Packet.PacketClientMetrics )
2025-11-27 12:17:05.2889|TRACE|PacketClientMetricsHandler|Received PacketClientMetrics packet. ( Sanctuary.Packet.PacketClientMetrics )
2025-11-27 12:17:20.2948|TRACE|PacketClientMetricsHandler|Received PacketClientMetrics packet. ( Sanctuary.Packet.PacketClientMetrics )
2025-11-27 12:17:35.3031|TRACE|PacketClientMetricsHandler|Received PacketClientMetrics packet. ( Sanctuary.Packet.PacketClientMetrics )
2025-11-27 12:17:50.3080|TRACE|PacketClientMetricsHandler|Received PacketClientMetrics packet. ( Sanctuary.Packet.PacketClientMetrics )
2025-11-27 12:18:05.3053|TRACE|PacketClientMetricsHandler|Received PacketClientMetrics packet. ( Sanctuary.Packet.PacketClientMetrics )
2025-11-27 12:18:20.3139|TRACE|PacketClientMetricsHandler|Received PacketClientMetrics packet. ( Sanctuary.Packet.PacketClientMetrics )
2025-11-27 12:18:35.3171|TRACE|PacketClientMetricsHandler|Received PacketClientMetrics packet. ( Sanctuary.Packet.PacketClientMetrics )
2025-11-27 12:18:50.3261|TRACE|PacketClientMetricsHandler|Received PacketClientMetrics packet. ( Sanctuary.Packet.PacketClientMetrics )
2025-11-27 12:19:05.3263|TRACE|PacketClientMetricsHandler|Received PacketClientMetrics packet. ( Sanctuary.Packet.PacketClientMetrics )
2025-11-27 12:19:20.3368|TRACE|PacketClientMetricsHandler|Received PacketClientMetrics packet. ( Sanctuary.Packet.PacketClientMetrics )
2025-11-27 12:19:35.3338|TRACE|PacketClientMetricsHandler|Received PacketClientMetrics packet. ( Sanctuary.Packet.PacketClientMetrics )
2025-11-27 12:19:50.3399|TRACE|PacketClientMetricsHandler|Received PacketClientMetrics packet. ( Sanctuary.Packet.PacketClientMetrics )
2025-11-27 12:20:05.3452|TRACE|PacketClientMetricsHandler|Received PacketClientMetrics packet. ( Sanctuary.Packet.PacketClientMetrics )
2025-11-27 12:20:20.3473|TRACE|PacketClientMetricsHandler|Received PacketClientMetrics packet. ( Sanctuary.Packet.PacketClientMetrics )
2025-11-27 12:20:35.3512|TRACE|PacketClientMetricsHandler|Received PacketClientMetrics packet. ( Sanctuary.Packet.PacketClientMetrics )
2025-11-27 12:20:50.3520|TRACE|PacketClientMetricsHandler|Received PacketClientMetrics packet. ( Sanctuary.Packet.PacketClientMetrics )
2025-11-27 12:21:05.3565|TRACE|PacketClientMetricsHandler|Received PacketClientMetrics packet. ( Sanctuary.Packet.PacketClientMetrics )
2025-11-27 12:21:20.3590|TRACE|PacketClientMetricsHandler|Received PacketClientMetrics packet. ( Sanctuary.Packet.PacketClientMetrics )
2025-11-27 12:21:35.3643|TRACE|PacketClientMetricsHandler|Received PacketClientMetrics packet. ( Sanctuary.Packet.PacketClientMetrics )
2025-11-27 12:21:50.3719|TRACE|PacketClientMetricsHandler|Received PacketClientMetrics packet. ( Sanctuary.Packet.PacketClientMetrics )
2025-11-27 12:22:05.3753|TRACE|PacketClientMetricsHandler|Received PacketClientMetrics packet. ( Sanctuary.Packet.PacketClientMetrics )
2025-11-27 12:22:20.3818|TRACE|PacketClientMetricsHandler|Received PacketClientMetrics packet. ( Sanctuary.Packet.PacketClientMetrics )
2025-11-27 12:22:35.3802|TRACE|PacketClientMetricsHandler|Received PacketClientMetrics packet. ( Sanctuary.Packet.PacketClientMetrics )
2025-11-27 12:22:50.3856|TRACE|PacketClientMetricsHandler|Received PacketClientMetrics packet. ( Sanctuary.Packet.PacketClientMetrics )
2025-11-27 12:23:05.3869|TRACE|PacketClientMetricsHandler|Received PacketClientMetrics packet. ( Sanctuary.Packet.PacketClientMetrics )
2025-11-27 12:23:20.3908|TRACE|PacketClientMetricsHandler|Received PacketClientMetrics packet. ( Sanctuary.Packet.PacketClientMetrics )
2025-11-27 12:23:35.3982|TRACE|PacketClientMetricsHandler|Received PacketClientMetrics packet. ( Sanctuary.Packet.PacketClientMetrics )
2025-11-27 12:23:50.4012|TRACE|PacketClientMetricsHandler|Received PacketClientMetrics packet. ( Sanctuary.Packet.PacketClientMetrics )
2025-11-27 12:24:05.4059|TRACE|PacketClientMetricsHandler|Received PacketClientMetrics packet. ( Sanctuary.Packet.PacketClientMetrics )
2025-11-27 12:24:20.4065|TRACE|PacketClientMetricsHandler|Received PacketClientMetrics packet. ( Sanctuary.Packet.PacketClientMetrics )
2025-11-27 12:24:35.4128|TRACE|PacketClientMetricsHandler|Received PacketClientMetrics packet. ( Sanctuary.Packet.PacketClientMetrics )
2025-11-27 12:24:50.4144|TRACE|PacketClientMetricsHandler|Received PacketClientMetrics packet. ( Sanctuary.Packet.PacketClientMetrics )
2025-11-27 12:25:05.4230|TRACE|PacketClientMetricsHandler|Received PacketClientMetrics packet. ( Sanctuary.Packet.PacketClientMetrics )
2025-11-27 12:25:20.4283|TRACE|PacketClientMetricsHandler|Received PacketClientMetrics packet. ( Sanctuary.Packet.PacketClientMetrics )
2025-11-27 12:25:35.4341|TRACE|PacketClientMetricsHandler|Received PacketClientMetrics packet. ( Sanctuary.Packet.PacketClientMetrics )
2025-11-27 12:25:50.4337|TRACE|PacketClientMetricsHandler|Received PacketClientMetrics packet. ( Sanctuary.Packet.PacketClientMetrics )
2025-11-27 12:26:05.4397|TRACE|PacketClientMetricsHandler|Received PacketClientMetrics packet. ( Sanctuary.Packet.PacketClientMetrics )
2025-11-27 12:26:20.4421|TRACE|PacketClientMetricsHandler|Received PacketClientMetrics packet. ( Sanctuary.Packet.PacketClientMetrics )
2025-11-27 12:26:35.4479|TRACE|PacketClientMetricsHandler|Received PacketClientMetrics packet. ( Sanctuary.Packet.PacketClientMetrics )
2025-11-27 12:26:50.4537|TRACE|PacketClientMetricsHandler|Received PacketClientMetrics packet. ( Sanctuary.Packet.PacketClientMetrics )
2025-11-27 12:27:05.4579|TRACE|PacketClientMetricsHandler|Received PacketClientMetrics packet. ( Sanctuary.Packet.PacketClientMetrics )
2025-11-27 12:27:20.4576|TRACE|PacketClientMetricsHandler|Received PacketClientMetrics packet. ( Sanctuary.Packet.PacketClientMetrics )
2025-11-27 12:27:35.4610|TRACE|PacketClientMetricsHandler|Received PacketClientMetrics packet. ( Sanctuary.Packet.PacketClientMetrics )
2025-11-27 12:27:50.4700|TRACE|PacketClientMetricsHandler|Received PacketClientMetrics packet. ( Sanctuary.Packet.PacketClientMetrics )
2025-11-27 12:28:05.4732|TRACE|PacketClientMetricsHandler|Received PacketClientMetrics packet. ( Sanctuary.Packet.PacketClientMetrics )
2025-11-27 12:28:20.4753|TRACE|PacketClientMetricsHandler|Received PacketClientMetrics packet. ( Sanctuary.Packet.PacketClientMetrics )
2025-11-27 12:28:35.4801|TRACE|PacketClientMetricsHandler|Received PacketClientMetrics packet. ( Sanctuary.Packet.PacketClientMetrics )
2025-11-27 12:28:50.4871|TRACE|PacketClientMetricsHandler|Received PacketClientMetrics packet. ( Sanctuary.Packet.PacketClientMetrics )
2025-11-27 12:29:05.4881|TRACE|PacketClientMetricsHandler|Received PacketClientMetrics packet. ( Sanctuary.Packet.PacketClientMetrics )
2025-11-27 12:29:20.4951|TRACE|PacketClientMetricsHandler|Received PacketClientMetrics packet. ( Sanctuary.Packet.PacketClientMetrics )
2025-11-27 12:29:35.5016|TRACE|PacketClientMetricsHandler|Received PacketClientMetrics packet. ( Sanctuary.Packet.PacketClientMetrics )
2025-11-27 12:29:50.5088|TRACE|PacketClientMetricsHandler|Received PacketClientMetrics packet. ( Sanctuary.Packet.PacketClientMetrics )
2025-11-27 12:30:05.5101|TRACE|PacketClientMetricsHandler|Received PacketClientMetrics packet. ( Sanctuary.Packet.PacketClientMetrics )
2025-11-27 12:30:20.5125|TRACE|PacketClientMetricsHandler|Received PacketClientMetrics packet. ( Sanctuary.Packet.PacketClientMetrics )
2025-11-27 12:30:35.5216|TRACE|PacketClientMetricsHandler|Received PacketClientMetrics packet. ( Sanctuary.Packet.PacketClientMetrics )
2025-11-27 12:30:50.5244|TRACE|PacketClientMetricsHandler|Received PacketClientMetrics packet. ( Sanctuary.Packet.PacketClientMetrics )
2025-11-27 12:31:05.5248|TRACE|PacketClientMetricsHandler|Received PacketClientMetrics packet. ( Sanctuary.Packet.PacketClientMetrics )
2025-11-27 12:31:20.5309|TRACE|PacketClientMetricsHandler|Received PacketClientMetrics packet. ( Sanctuary.Packet.PacketClientMetrics )
2025-11-27 12:31:35.5368|TRACE|PacketClientMetricsHandler|Received PacketClientMetrics packet. ( Sanctuary.Packet.PacketClientMetrics )
2025-11-27 12:31:50.5400|TRACE|PacketClientMetricsHandler|Received PacketClientMetrics packet. ( Sanctuary.Packet.PacketClientMetrics )
2025-11-27 12:32:05.5419|TRACE|PacketClientMetricsHandler|Received PacketClientMetrics packet. ( Sanctuary.Packet.PacketClientMetrics )
2025-11-27 12:32:20.5484|TRACE|PacketClientMetricsHandler|Received PacketClientMetrics packet. ( Sanctuary.Packet.PacketClientMetrics )
2025-11-27 12:32:35.5517|TRACE|PacketClientMetricsHandler|Received PacketClientMetrics packet. ( Sanctuary.Packet.PacketClientMetrics )
2025-11-27 12:32:50.5548|TRACE|PacketClientMetricsHandler|Received PacketClientMetrics packet. ( Sanctuary.Packet.PacketClientMetrics )
2025-11-27 12:33:05.5612|TRACE|PacketClientMetricsHandler|Received PacketClientMetrics packet. ( Sanctuary.Packet.PacketClientMetrics )
2025-11-27 12:33:20.5674|TRACE|PacketClientMetricsHandler|Received PacketClientMetrics packet. ( Sanctuary.Packet.PacketClientMetrics )
2025-11-27 12:33:35.5687|TRACE|PacketClientMetricsHandler|Received PacketClientMetrics packet. ( Sanctuary.Packet.PacketClientMetrics )
2025-11-27 12:33:50.5721|TRACE|PacketClientMetricsHandler|Received PacketClientMetrics packet. ( Sanctuary.Packet.PacketClientMetrics )
2025-11-27 12:34:05.5795|TRACE|PacketClientMetricsHandler|Received PacketClientMetrics packet. ( Sanctuary.Packet.PacketClientMetrics )
2025-11-27 12:34:20.5815|TRACE|PacketClientMetricsHandler|Received PacketClientMetrics packet. ( Sanctuary.Packet.PacketClientMetrics )
2025-11-27 12:34:35.5863|TRACE|PacketClientMetricsHandler|Received PacketClientMetrics packet. ( Sanctuary.Packet.PacketClientMetrics )
2025-11-27 12:34:50.5905|TRACE|PacketClientMetricsHandler|Received PacketClientMetrics packet. ( Sanctuary.Packet.PacketClientMetrics )
2025-11-27 12:35:05.5982|TRACE|PacketClientMetricsHandler|Received PacketClientMetrics packet. ( Sanctuary.Packet.PacketClientMetrics )
2025-11-27 12:35:20.6014|TRACE|PacketClientMetricsHandler|Received PacketClientMetrics packet. ( Sanctuary.Packet.PacketClientMetrics )
2025-11-27 12:35:35.6046|TRACE|PacketClientMetricsHandler|Received PacketClientMetrics packet. ( Sanctuary.Packet.PacketClientMetrics )
2025-11-27 12:35:50.6068|TRACE|PacketClientMetricsHandler|Received PacketClientMetrics packet. ( Sanctuary.Packet.PacketClientMetrics )
2025-11-27 12:36:05.6134|TRACE|PacketClientMetricsHandler|Received PacketClientMetrics packet. ( Sanctuary.Packet.PacketClientMetrics )
2025-11-27 12:36:20.6172|TRACE|PacketClientMetricsHandler|Received PacketClientMetrics packet. ( Sanctuary.Packet.PacketClientMetrics )
2025-11-27 12:36:35.6193|TRACE|PacketClientMetricsHandler|Received PacketClientMetrics packet. ( Sanctuary.Packet.PacketClientMetrics )
2025-11-27 12:36:50.6249|TRACE|PacketClientMetricsHandler|Received PacketClientMetrics packet. ( Sanctuary.Packet.PacketClientMetrics )
2025-11-27 12:37:05.6318|TRACE|PacketClientMetricsHandler|Received PacketClientMetrics packet. ( Sanctuary.Packet.PacketClientMetrics )
2025-11-27 12:37:20.6322|TRACE|PacketClientMetricsHandler|Received PacketClientMetrics packet. ( Sanctuary.Packet.PacketClientMetrics )
2025-11-27 12:37:35.6394|TRACE|PacketClientMetricsHandler|Received PacketClientMetrics packet. ( Sanctuary.Packet.PacketClientMetrics )
2025-11-27 12:37:50.6454|TRACE|PacketClientMetricsHandler|Received PacketClientMetrics packet. ( Sanctuary.Packet.PacketClientMetrics )
2025-11-27 12:38:05.6455|TRACE|PacketClientMetricsHandler|Received PacketClientMetrics packet. ( Sanctuary.Packet.PacketClientMetrics )
2025-11-27 12:38:20.6537|TRACE|PacketClientMetricsHandler|Received PacketClientMetrics packet. ( Sanctuary.Packet.PacketClientMetrics )
2025-11-27 12:38:35.6566|TRACE|PacketClientMetricsHandler|Received PacketClientMetrics packet. ( Sanctuary.Packet.PacketClientMetrics )
2025-11-27 12:38:50.6595|TRACE|PacketClientMetricsHandler|Received PacketClientMetrics packet. ( Sanctuary.Packet.PacketClientMetrics )
2025-11-27 12:39:05.6647|TRACE|PacketClientMetricsHandler|Received PacketClientMetrics packet. ( Sanctuary.Packet.PacketClientMetrics )
2025-11-27 12:39:20.6691|TRACE|PacketClientMetricsHandler|Received PacketClientMetrics packet. ( Sanctuary.Packet.PacketClientMetrics )
2025-11-27 12:39:35.6737|TRACE|PacketClientMetricsHandler|Received PacketClientMetrics packet. ( Sanctuary.Packet.PacketClientMetrics )
2025-11-27 12:39:50.6745|TRACE|PacketClientMetricsHandler|Received PacketClientMetrics packet. ( Sanctuary.Packet.PacketClientMetrics )
2025-11-27 12:40:05.6796|TRACE|PacketClientMetricsHandler|Received PacketClientMetrics packet. ( Sanctuary.Packet.PacketClientMetrics )
2025-11-27 12:40:20.6853|TRACE|PacketClientMetricsHandler|Received PacketClientMetrics packet. ( Sanctuary.Packet.PacketClientMetrics )
2025-11-27 12:40:35.6927|TRACE|PacketClientMetricsHandler|Received PacketClientMetrics packet. ( Sanctuary.Packet.PacketClientMetrics )
2025-11-27 12:40:50.6927|TRACE|PacketClientMetricsHandler|Received PacketClientMetrics packet. ( Sanctuary.Packet.PacketClientMetrics )
2025-11-27 12:41:05.7004|TRACE|PacketClientMetricsHandler|Received PacketClientMetrics packet. ( Sanctuary.Packet.PacketClientMetrics )
2025-11-27 12:41:20.7023|TRACE|PacketClientMetricsHandler|Received PacketClientMetrics packet. ( Sanctuary.Packet.PacketClientMetrics )
2025-11-27 12:41:35.7099|TRACE|PacketClientMetricsHandler|Received PacketClientMetrics packet. ( Sanctuary.Packet.PacketClientMetrics )
2025-11-27 12:41:50.7116|TRACE|PacketClientMetricsHandler|Received PacketClientMetrics packet. ( Sanctuary.Packet.PacketClientMetrics )
2025-11-27 12:42:05.7165|TRACE|PacketClientMetricsHandler|Received PacketClientMetrics packet. ( Sanctuary.Packet.PacketClientMetrics )
2025-11-27 12:42:20.7222|TRACE|PacketClientMetricsHandler|Received PacketClientMetrics packet. ( Sanctuary.Packet.PacketClientMetrics )
2025-11-27 12:42:35.7249|TRACE|PacketClientMetricsHandler|Received PacketClientMetrics packet. ( Sanctuary.Packet.PacketClientMetrics )
2025-11-27 12:42:50.7310|TRACE|PacketClientMetricsHandler|Received PacketClientMetrics packet. ( Sanctuary.Packet.PacketClientMetrics )
2025-11-27 12:43:05.7292|TRACE|PacketClientMetricsHandler|Received PacketClientMetrics packet. ( Sanctuary.Packet.PacketClientMetrics )
2025-11-27 12:43:20.7340|TRACE|PacketClientMetricsHandler|Received PacketClientMetrics packet. ( Sanctuary.Packet.PacketClientMetrics )
2025-11-27 12:43:35.7381|TRACE|PacketClientMetricsHandler|Received PacketClientMetrics packet. ( Sanctuary.Packet.PacketClientMetrics )
2025-11-27 12:43:50.7454|TRACE|PacketClientMetricsHandler|Received PacketClientMetrics packet. ( Sanctuary.Packet.PacketClientMetrics )
2025-11-27 12:44:05.7457|TRACE|PacketClientMetricsHandler|Received PacketClientMetrics packet. ( Sanctuary.Packet.PacketClientMetrics )
2025-11-27 12:44:20.7536|TRACE|PacketClientMetricsHandler|Received PacketClientMetrics packet. ( Sanctuary.Packet.PacketClientMetrics )
2025-11-27 12:44:35.7580|TRACE|PacketClientMetricsHandler|Received PacketClientMetrics packet. ( Sanctuary.Packet.PacketClientMetrics )
2025-11-27 12:44:50.7600|TRACE|PacketClientMetricsHandler|Received PacketClientMetrics packet. ( Sanctuary.Packet.PacketClientMetrics )
2025-11-27 12:45:05.7641|TRACE|PacketClientMetricsHandler|Received PacketClientMetrics packet. ( Sanctuary.Packet.PacketClientMetrics )
2025-11-27 12:45:20.7677|TRACE|PacketClientMetricsHandler|Received PacketClientMetrics packet. ( Sanctuary.Packet.PacketClientMetrics )
2025-11-27 12:45:35.7760|TRACE|PacketClientMetricsHandler|Received PacketClientMetrics packet. ( Sanctuary.Packet.PacketClientMetrics )
2025-11-27 12:45:50.7760|TRACE|PacketClientMetricsHandler|Received PacketClientMetrics packet. ( Sanctuary.Packet.PacketClientMetrics )
2025-11-27 12:46:05.7805|TRACE|PacketClientMetricsHandler|Received PacketClientMetrics packet. ( Sanctuary.Packet.PacketClientMetrics )
2025-11-27 12:46:20.7837|TRACE|PacketClientMetricsHandler|Received PacketClientMetrics packet. ( Sanctuary.Packet.PacketClientMetrics )
2025-11-27 12:46:35.7918|TRACE|PacketClientMetricsHandler|Received PacketClientMetrics packet. ( Sanctuary.Packet.PacketClientMetrics )
2025-11-27 12:46:50.7936|TRACE|PacketClientMetricsHandler|Received PacketClientMetrics packet. ( Sanctuary.Packet.PacketClientMetrics )
2025-11-27 12:47:05.7995|TRACE|PacketClientMetricsHandler|Received PacketClientMetrics packet. ( Sanctuary.Packet.PacketClientMetrics )
2025-11-27 12:47:20.8054|TRACE|PacketClientMetricsHandler|Received PacketClientMetrics packet. ( Sanctuary.Packet.PacketClientMetrics )
2025-11-27 12:47:35.8090|TRACE|PacketClientMetricsHandler|Received PacketClientMetrics packet. ( Sanctuary.Packet.PacketClientMetrics )
2025-11-27 12:47:50.8120|TRACE|PacketClientMetricsHandler|Received PacketClientMetrics packet. ( Sanctuary.Packet.PacketClientMetrics )
2025-11-27 12:48:05.8166|TRACE|PacketClientMetricsHandler|Received PacketClientMetrics packet. ( Sanctuary.Packet.PacketClientMetrics )
2025-11-27 12:48:20.8222|TRACE|PacketClientMetricsHandler|Received PacketClientMetrics packet. ( Sanctuary.Packet.PacketClientMetrics )
2025-11-27 12:48:35.8277|TRACE|PacketClientMetricsHandler|Received PacketClientMetrics packet. ( Sanctuary.Packet.PacketClientMetrics )
2025-11-27 12:48:50.8267|TRACE|PacketClientMetricsHandler|Received PacketClientMetrics packet. ( Sanctuary.Packet.PacketClientMetrics )
2025-11-27 12:49:05.8314|TRACE|PacketClientMetricsHandler|Received PacketClientMetrics packet. ( Sanctuary.Packet.PacketClientMetrics )
2025-11-27 12:49:20.8348|TRACE|PacketClientMetricsHandler|Received PacketClientMetrics packet. ( Sanctuary.Packet.PacketClientMetrics )
2025-11-27 12:49:35.8407|TRACE|PacketClientMetricsHandler|Received PacketClientMetrics packet. ( Sanctuary.Packet.PacketClientMetrics )
2025-11-27 12:49:50.8450|TRACE|PacketClientMetricsHandler|Received PacketClientMetrics packet. ( Sanctuary.Packet.PacketClientMetrics )
2025-11-27 12:50:05.8524|TRACE|PacketClientMetricsHandler|Received PacketClientMetrics packet. ( Sanctuary.Packet.PacketClientMetrics )
2025-11-27 12:50:20.8569|TRACE|PacketClientMetricsHandler|Received PacketClientMetrics packet. ( Sanctuary.Packet.PacketClientMetrics )
2025-11-27 12:50:35.8620|TRACE|PacketClientMetricsHandler|Received PacketClientMetrics packet. ( Sanctuary.Packet.PacketClientMetrics )
2025-11-27 12:50:50.8718|TRACE|PacketClientMetricsHandler|Received PacketClientMetrics packet. ( Sanctuary.Packet.PacketClientMetrics )
2025-11-27 12:51:05.8887|TRACE|PacketClientMetricsHandler|Received PacketClientMetrics packet. ( Sanctuary.Packet.PacketClientMetrics )
2025-11-27 12:51:20.8922|TRACE|PacketClientMetricsHandler|Received PacketClientMetrics packet. ( Sanctuary.Packet.PacketClientMetrics )
2025-11-27 12:51:35.9246|TRACE|PacketClientMetricsHandler|Received PacketClientMetrics packet. ( Sanctuary.Packet.PacketClientMetrics )
2025-11-27 12:51:50.9385|TRACE|PacketClientMetricsHandler|Received PacketClientMetrics packet. ( Sanctuary.Packet.PacketClientMetrics )
2025-11-27 12:52:05.9470|TRACE|PacketClientMetricsHandler|Received PacketClientMetrics packet. ( Sanctuary.Packet.PacketClientMetrics )
2025-11-27 12:52:20.9805|TRACE|PacketClientMetricsHandler|Received PacketClientMetrics packet. ( Sanctuary.Packet.PacketClientMetrics )
2025-11-27 12:52:35.9981|TRACE|PacketClientMetricsHandler|Received PacketClientMetrics packet. ( Sanctuary.Packet.PacketClientMetrics )
2025-11-27 12:52:51.0241|TRACE|PacketClientMetricsHandler|Received PacketClientMetrics packet. ( Sanctuary.Packet.PacketClientMetrics )
2025-11-27 12:53:06.0460|TRACE|PacketClientMetricsHandler|Received PacketClientMetrics packet. ( Sanctuary.Packet.PacketClientMetrics )
2025-11-27 12:53:21.0553|TRACE|PacketClientMetricsHandler|Received PacketClientMetrics packet. ( Sanctuary.Packet.PacketClientMetrics )
2025-11-27 12:53:36.0712|TRACE|PacketClientMetricsHandler|Received PacketClientMetrics packet. ( Sanctuary.Packet.PacketClientMetrics )
2025-11-27 12:53:51.0775|TRACE|PacketClientMetricsHandler|Received PacketClientMetrics packet. ( Sanctuary.Packet.PacketClientMetrics )
2025-11-27 12:54:06.0959|TRACE|PacketClientMetricsHandler|Received PacketClientMetrics packet. ( Sanctuary.Packet.PacketClientMetrics )
2025-11-27 12:54:21.1148|TRACE|PacketClientMetricsHandler|Received PacketClientMetrics packet. ( Sanctuary.Packet.PacketClientMetrics )
2025-11-27 12:54:36.1253|TRACE|PacketClientMetricsHandler|Received PacketClientMetrics packet. ( Sanctuary.Packet.PacketClientMetrics )
2025-11-27 12:54:51.1288|TRACE|PacketClientMetricsHandler|Received PacketClientMetrics packet. ( Sanctuary.Packet.PacketClientMetrics )
2025-11-27 12:55:06.1576|TRACE|PacketClientMetricsHandler|Received PacketClientMetrics packet. ( Sanctuary.Packet.PacketClientMetrics )
2025-11-27 12:55:21.1845|TRACE|PacketClientMetricsHandler|Received PacketClientMetrics packet. ( Sanctuary.Packet.PacketClientMetrics )
2025-11-27 12:55:36.1914|TRACE|PacketClientMetricsHandler|Received PacketClientMetrics packet. ( Sanctuary.Packet.PacketClientMetrics )
2025-11-27 12:55:51.2157|TRACE|PacketClientMetricsHandler|Received PacketClientMetrics packet. ( Sanctuary.Packet.PacketClientMetrics )
2025-11-27 12:56:06.2187|TRACE|PacketClientMetricsHandler|Received PacketClientMetrics packet. ( Sanctuary.Packet.PacketClientMetrics )
2025-11-27 12:56:21.2306|TRACE|PacketClientMetricsHandler|Received PacketClientMetrics packet. ( Sanctuary.Packet.PacketClientMetrics )
2025-11-27 12:56:36.2569|TRACE|PacketClientMetricsHandler|Received PacketClientMetrics packet. ( Sanctuary.Packet.PacketClientMetrics )
2025-11-27 12:56:51.2636|TRACE|PacketClientMetricsHandler|Received PacketClientMetrics packet. ( Sanctuary.Packet.PacketClientMetrics )
2025-11-27 12:57:06.2869|TRACE|PacketClientMetricsHandler|Received PacketClientMetrics packet. ( Sanctuary.Packet.PacketClientMetrics )
2025-11-27 12:57:21.2965|TRACE|PacketClientMetricsHandler|Received PacketClientMetrics packet. ( Sanctuary.Packet.PacketClientMetrics )
2025-11-27 12:57:36.2973|TRACE|PacketClientMetricsHandler|Received PacketClientMetrics packet. ( Sanctuary.Packet.PacketClientMetrics )
2025-11-27 12:57:51.3104|TRACE|PacketClientMetricsHandler|Received PacketClientMetrics packet. ( Sanctuary.Packet.PacketClientMetrics )
2025-11-27 12:58:06.3362|TRACE|PacketClientMetricsHandler|Received PacketClientMetrics packet. ( Sanctuary.Packet.PacketClientMetrics )
2025-11-27 12:58:21.3382|TRACE|PacketClientMetricsHandler|Received PacketClientMetrics packet. ( Sanctuary.Packet.PacketClientMetrics )
2025-11-27 12:58:36.3608|TRACE|PacketClientMetricsHandler|Received PacketClientMetrics packet. ( Sanctuary.Packet.PacketClientMetrics )
2025-11-27 12:58:51.3848|TRACE|PacketClientMetricsHandler|Received PacketClientMetrics packet. ( Sanctuary.Packet.PacketClientMetrics )
2025-11-27 12:59:06.3947|TRACE|PacketClientMetricsHandler|Received PacketClientMetrics packet. ( Sanctuary.Packet.PacketClientMetrics )
2025-11-27 12:59:21.3937|TRACE|PacketClientMetricsHandler|Received PacketClientMetrics packet. ( Sanctuary.Packet.PacketClientMetrics )
2025-11-27 12:59:36.4188|TRACE|PacketClientMetricsHandler|Received PacketClientMetrics packet. ( Sanctuary.Packet.PacketClientMetrics )
2025-11-27 12:59:51.4458|TRACE|PacketClientMetricsHandler|Received PacketClientMetrics packet. ( Sanctuary.Packet.PacketClientMetrics )
2025-11-27 13:00:06.4506|TRACE|PacketClientMetricsHandler|Received PacketClientMetrics packet. ( Sanctuary.Packet.PacketClientMetrics )
2025-11-27 13:00:21.4559|TRACE|PacketClientMetricsHandler|Received PacketClientMetrics packet. ( Sanctuary.Packet.PacketClientMetrics )
2025-11-27 13:00:36.4701|TRACE|PacketClientMetricsHandler|Received PacketClientMetrics packet. ( Sanctuary.Packet.PacketClientMetrics )
2025-11-27 13:00:51.4880|TRACE|PacketClientMetricsHandler|Received PacketClientMetrics packet. ( Sanctuary.Packet.PacketClientMetrics )
2025-11-27 13:01:06.4907|TRACE|PacketClientMetricsHandler|Received PacketClientMetrics packet. ( Sanctuary.Packet.PacketClientMetrics )
2025-11-27 13:01:21.5240|TRACE|PacketClientMetricsHandler|Received PacketClientMetrics packet. ( Sanctuary.Packet.PacketClientMetrics )
2025-11-27 13:01:36.5356|TRACE|PacketClientMetricsHandler|Received PacketClientMetrics packet. ( Sanctuary.Packet.PacketClientMetrics )
2025-11-27 13:01:51.5576|TRACE|PacketClientMetricsHandler|Received PacketClientMetrics packet. ( Sanctuary.Packet.PacketClientMetrics )
2025-11-27 13:02:06.5569|TRACE|PacketClientMetricsHandler|Received PacketClientMetrics packet. ( Sanctuary.Packet.PacketClientMetrics )
2025-11-27 13:02:21.5643|TRACE|PacketClientMetricsHandler|Received PacketClientMetrics packet. ( Sanctuary.Packet.PacketClientMetrics )
2025-11-27 13:02:36.5895|TRACE|PacketClientMetricsHandler|Received PacketClientMetrics packet. ( Sanctuary.Packet.PacketClientMetrics )
2025-11-27 13:02:51.5922|TRACE|PacketClientMetricsHandler|Received PacketClientMetrics packet. ( Sanctuary.Packet.PacketClientMetrics )
2025-11-27 13:03:06.5999|TRACE|PacketClientMetricsHandler|Received PacketClientMetrics packet. ( Sanctuary.Packet.PacketClientMetrics )
2025-11-27 13:03:21.6160|TRACE|PacketClientMetricsHandler|Received PacketClientMetrics packet. ( Sanctuary.Packet.PacketClientMetrics )
2025-11-27 13:03:36.6393|TRACE|PacketClientMetricsHandler|Received PacketClientMetrics packet. ( Sanctuary.Packet.PacketClientMetrics )
2025-11-27 13:03:51.6420|TRACE|PacketClientMetricsHandler|Received PacketClientMetrics packet. ( Sanctuary.Packet.PacketClientMetrics )
2025-11-27 13:04:06.6555|TRACE|PacketClientMetricsHandler|Received PacketClientMetrics packet. ( Sanctuary.Packet.PacketClientMetrics )
2025-11-27 13:04:21.6599|TRACE|PacketClientMetricsHandler|Received PacketClientMetrics packet. ( Sanctuary.Packet.PacketClientMetrics )
2025-11-27 13:04:36.6736|TRACE|PacketClientMetricsHandler|Received PacketClientMetrics packet. ( Sanctuary.Packet.PacketClientMetrics )
2025-11-27 13:04:51.6957|TRACE|PacketClientMetricsHandler|Received PacketClientMetrics packet. ( Sanctuary.Packet.PacketClientMetrics )
2025-11-27 13:05:06.7248|TRACE|PacketClientMetricsHandler|Received PacketClientMetrics packet. ( Sanctuary.Packet.PacketClientMetrics )
2025-11-27 13:05:21.7275|TRACE|PacketClientMetricsHandler|Received PacketClientMetrics packet. ( Sanctuary.Packet.PacketClientMetrics )
2025-11-27 13:05:36.9797|DEBUG|Microsoft.Extensions.Hosting.Internal.Host|Hosting starting
2025-11-27 13:05:37.7334|INFO|Sanctuary.Game.ResourceManager|Loaded 5 interactions.
2025-11-27 13:05:37.7474|INFO|Sanctuary.Gateway.GatewayService|GatewayServer started and is listening on port '20260'.
2025-11-27 13:05:37.8055|INFO|Sanctuary.Gateway.LoginConnection|127.0.0.1:20041 connected.
2025-11-27 13:05:37.9339|TRACE|GatewayLoginReplyHandler|Received GatewayLoginReply packet. ( Sanctuary.Packet.GatewayLoginReply )
2025-11-27 13:47:07.3891|DEBUG|Microsoft.Extensions.Hosting.Internal.Host|Hosting starting
2025-11-27 13:47:22.8734|DEBUG|Microsoft.Extensions.Hosting.Internal.Host|Hosting starting
2025-11-27 13:47:23.5648|INFO|Sanctuary.Game.ResourceManager|Loaded 5 interactions.
2025-11-27 13:47:23.5763|INFO|Sanctuary.Gateway.GatewayService|GatewayServer started and is listening on port '20260'.
2025-11-27 13:47:23.6896|INFO|Sanctuary.Gateway.LoginConnection|127.0.0.1:20041 connected.
2025-11-27 13:47:23.8089|TRACE|GatewayLoginReplyHandler|Received GatewayLoginReply packet. ( Sanctuary.Packet.GatewayLoginReply )
2025-11-27 13:57:10.7641|INFO|Sanctuary.Gateway.GatewayServer|127.0.0.1:56065 connected.
2025-11-27 13:57:10.8854|TRACE|PacketLoginHandler|Received PacketLogin packet. ( ( Ticket: "074093a6-34b8-4f19-a86d-f61eee322e4f", Guid: 1, Version: "1.910.1.530630", Unknown: "" ) )
2025-11-27 13:57:11.3252|TRACE|PacketSetLocaleHandler|Received PacketSetLocale packet. ( Sanctuary.Packet.PacketSetLocale )
2025-11-27 13:57:11.3252|TRACE|PacketClientInitializationDetailsHandler|Received PacketClientInitializationDetails packet. ( Sanctuary.Packet.PacketClientInitializationDetails )
2025-11-27 13:57:11.3424|TRACE|PacketClientLogHandler|Received PacketClientLog packet. ( Filename: ClientCas.log, Message: CasApi - Invalid CAS Authentication Token. )
2025-11-27 13:57:11.3424|TRACE|PacketClientLogHandler|Received PacketClientLog packet. ( Filename: ClientUram.log, Message: UramManager - URAM GameCode: FR, Version: 11, UriDomain: account.station.sony.com, Certificate: soe-ssl-certs.pem. )
2025-11-27 13:57:11.4795|TRACE|PacketPortraitDataRequestHandler|Received PacketPortraitDataRequest packet. ( Sanctuary.Packet.PacketPortraitDataRequest )
2025-11-27 13:57:22.6370|TRACE|PacketClientIsReadyHandler|Received PacketClientIsReady packet.
2025-11-27 13:57:22.8200|TRACE|PacketClientFinishedLoadingHandler|Received PacketClientFinishedLoading packet.
2025-11-27 13:57:22.8247|TRACE|PacketClientLogHandler|Received PacketClientLog packet. ( Filename: ClientZoneTime.log, Message: 11383 ms )
2025-11-27 13:57:22.8247|TRACE|PacketClientLogHandler|Received PacketClientLog packet. ( Filename: MarketingData.log, Message: Viewed loading screen loadscreen_vendor.swf for 11.38 seconds.  Member=true, Zoning=true, Minigame Type=0 )
2025-11-27 13:57:22.8247|TRACE|PacketClientLogHandler|Received PacketClientLog packet. ( Filename: ClientStartTime.log, Message: 39690 ms )
2025-11-27 13:57:22.8247|TRACE|PacketClientLogHandler|Received PacketClientLog packet. ( Filename: ClientSystemInfo.log, Message: DriverVersion=00200000-000f1ff4 Device=000010de-00002c05-f3221569-161 Whql=00000000 VideoMem=3072 VShader=3.0 PShader=3.0 Desktop=2560x1440 Game=2560x1369 FullScreen=0 GraphicsQuality=3 ShadowQuality=3 TextureQuality=0 PhysicalMem=31811 VirtualMem=4095 MemoryLoadPercent=66 CpuCount=16 CpuType=586 CpuArchitecture=0 CpuLevel=0x001a CpuRevision=17408 DriverName=nvldumd.dll DeviceName=\\.\DISPLAY2 DeviceDescription=NVIDIA GeForce RTX 5070 Ti EffectFailures=None )
2025-11-27 13:57:36.2692|TRACE|WallOfDataUIEventPacketHandler|Received WallOfDataUIEventPacket packet. ( TableName: SocialHandler, Callback: Show, Param:  )
2025-11-27 13:57:37.3146|TRACE|WallOfDataUIEventPacketHandler|Received WallOfDataUIEventPacket packet. ( TableName: WelcomeHandler, Callback: closeWindow, Param: intotheworld )
2025-11-27 13:57:37.3541|TRACE|CommandPacketSetChatBubbleColorHandler|Received CommandPacketSetChatBubbleColor packet. ( Sanctuary.Packet.CommandPacketSetChatBubbleColor )
2025-11-27 13:57:37.3541|TRACE|CommandPacketChatChannelOnHandler|Received CommandPacketChatChannelOn packet. ( Sanctuary.Packet.CommandPacketChatChannelOn )
2025-11-27 13:57:37.3541|TRACE|CommandPacketChatChannelOnHandler|Received CommandPacketChatChannelOn packet. ( Sanctuary.Packet.CommandPacketChatChannelOn )
2025-11-27 13:57:37.3541|TRACE|CommandPacketChatChannelOffHandler|Received CommandPacketChatChannelOff packet. ( Sanctuary.Packet.CommandPacketChatChannelOff )
2025-11-27 13:57:37.3541|TRACE|CommandPacketChatChannelOffHandler|Received CommandPacketChatChannelOff packet. ( Sanctuary.Packet.CommandPacketChatChannelOff )
2025-11-27 13:57:37.3541|TRACE|CommandPacketChatChannelOnHandler|Received CommandPacketChatChannelOn packet. ( Sanctuary.Packet.CommandPacketChatChannelOn )
2025-11-27 13:57:37.3541|TRACE|CommandPacketChatChannelOnHandler|Received CommandPacketChatChannelOn packet. ( Sanctuary.Packet.CommandPacketChatChannelOn )
2025-11-27 13:57:37.3541|TRACE|CommandPacketChatChannelOffHandler|Received CommandPacketChatChannelOff packet. ( Sanctuary.Packet.CommandPacketChatChannelOff )
2025-11-27 13:57:37.3541|TRACE|CommandPacketChatChannelOffHandler|Received CommandPacketChatChannelOff packet. ( Sanctuary.Packet.CommandPacketChatChannelOff )
2025-11-27 13:57:37.3541|TRACE|CommandPacketChatChannelOnHandler|Received CommandPacketChatChannelOn packet. ( Sanctuary.Packet.CommandPacketChatChannelOn )
2025-11-27 13:57:37.3541|TRACE|CommandPacketChatChannelOffHandler|Received CommandPacketChatChannelOff packet. ( Sanctuary.Packet.CommandPacketChatChannelOff )
2025-11-27 13:57:37.3541|TRACE|CommandPacketChatChannelOffHandler|Received CommandPacketChatChannelOff packet. ( Sanctuary.Packet.CommandPacketChatChannelOff )
2025-11-27 13:57:37.3541|TRACE|CommandPacketChatChannelOnHandler|Received CommandPacketChatChannelOn packet. ( Sanctuary.Packet.CommandPacketChatChannelOn )
2025-11-27 13:57:37.3541|TRACE|CommandPacketChatChannelOnHandler|Received CommandPacketChatChannelOn packet. ( Sanctuary.Packet.CommandPacketChatChannelOn )
2025-11-27 13:57:37.3541|TRACE|CommandPacketChatChannelOffHandler|Received CommandPacketChatChannelOff packet. ( Sanctuary.Packet.CommandPacketChatChannelOff )
2025-11-27 13:57:37.3541|TRACE|CommandPacketChatChannelOffHandler|Received CommandPacketChatChannelOff packet. ( Sanctuary.Packet.CommandPacketChatChannelOff )
2025-11-27 13:57:37.3541|TRACE|CommandPacketChatChannelOnHandler|Received CommandPacketChatChannelOn packet. ( Sanctuary.Packet.CommandPacketChatChannelOn )
2025-11-27 13:57:37.3541|TRACE|WallOfDataUIEventPacketHandler|Received WallOfDataUIEventPacket packet. ( TableName: SocialHandler, Callback: getFriends, Param:  )
2025-11-27 13:57:47.8260|TRACE|PacketClientMetricsHandler|Received PacketClientMetrics packet. ( Sanctuary.Packet.PacketClientMetrics )
2025-11-27 13:58:02.8323|TRACE|PacketClientMetricsHandler|Received PacketClientMetrics packet. ( Sanctuary.Packet.PacketClientMetrics )
2025-11-27 13:58:17.8613|TRACE|PacketClientMetricsHandler|Received PacketClientMetrics packet. ( Sanctuary.Packet.PacketClientMetrics )
2025-11-27 13:58:32.8948|TRACE|PacketClientMetricsHandler|Received PacketClientMetrics packet. ( Sanctuary.Packet.PacketClientMetrics )
2025-11-27 14:03:46.5882|DEBUG|Microsoft.Extensions.Hosting.Internal.Host|Hosting starting
2025-11-27 14:03:47.3859|INFO|Sanctuary.Game.ResourceManager|Loaded 5 interactions.
2025-11-27 14:03:47.3859|INFO|Sanctuary.Gateway.GatewayService|GatewayServer started and is listening on port '20260'.
2025-11-27 14:03:47.4671|INFO|Sanctuary.Gateway.LoginConnection|127.0.0.1:20041 connected.
2025-11-27 14:03:47.5898|TRACE|GatewayLoginReplyHandler|Received GatewayLoginReply packet. ( Sanctuary.Packet.GatewayLoginReply )
2025-11-27 14:06:07.6379|INFO|Sanctuary.Gateway.GatewayServer|127.0.0.1:61898 connected.
2025-11-27 14:06:07.7210|TRACE|PacketLoginHandler|Received PacketLogin packet. ( ( Ticket: "f47bf60a-fb8e-42af-89ff-973b2cb14e0e", Guid: 1, Version: "1.910.1.530630", Unknown: "" ) )
2025-11-27 14:06:08.0775|TRACE|PacketSetLocaleHandler|Received PacketSetLocale packet. ( Sanctuary.Packet.PacketSetLocale )
2025-11-27 14:06:08.0775|TRACE|PacketClientInitializationDetailsHandler|Received PacketClientInitializationDetails packet. ( Sanctuary.Packet.PacketClientInitializationDetails )
2025-11-27 14:06:08.0775|TRACE|PacketClientLogHandler|Received PacketClientLog packet. ( Filename: ClientCas.log, Message: CasApi - Invalid CAS Authentication Token. )
2025-11-27 14:06:08.0775|TRACE|PacketClientLogHandler|Received PacketClientLog packet. ( Filename: ClientUram.log, Message: UramManager - URAM GameCode: FR, Version: 11, UriDomain: account.station.sony.com, Certificate: soe-ssl-certs.pem. )
2025-11-27 14:06:08.2089|TRACE|PacketPortraitDataRequestHandler|Received PacketPortraitDataRequest packet. ( Sanctuary.Packet.PacketPortraitDataRequest )
2025-11-27 14:06:13.5403|TRACE|PacketClientIsReadyHandler|Received PacketClientIsReady packet.
2025-11-27 14:06:13.6429|TRACE|PacketClientFinishedLoadingHandler|Received PacketClientFinishedLoading packet.
2025-11-27 14:06:13.6429|TRACE|PacketClientLogHandler|Received PacketClientLog packet. ( Filename: ClientZoneTime.log, Message: 5476 ms )
2025-11-27 14:06:13.6429|TRACE|PacketClientLogHandler|Received PacketClientLog packet. ( Filename: MarketingData.log, Message: Viewed loading screen loadscreen_vendor.swf for 5.48 seconds.  Member=true, Zoning=true, Minigame Type=0 )
2025-11-27 14:06:13.6429|TRACE|PacketClientLogHandler|Received PacketClientLog packet. ( Filename: ClientStartTime.log, Message: 26568 ms )
2025-11-27 14:06:13.6429|TRACE|PacketClientLogHandler|Received PacketClientLog packet. ( Filename: ClientSystemInfo.log, Message: DriverVersion=00200000-000f1ff4 Device=000010de-00002c05-f3221569-161 Whql=00000000 VideoMem=3072 VShader=3.0 PShader=3.0 Desktop=2560x1440 Game=2560x1369 FullScreen=0 GraphicsQuality=3 ShadowQuality=3 TextureQuality=0 PhysicalMem=31811 VirtualMem=4095 MemoryLoadPercent=53 CpuCount=16 CpuType=586 CpuArchitecture=0 CpuLevel=0x001a CpuRevision=17408 DriverName=nvldumd.dll DeviceName=\\.\DISPLAY2 DeviceDescription=NVIDIA GeForce RTX 5070 Ti EffectFailures=None )
2025-11-27 14:06:17.4761|TRACE|WallOfDataUIEventPacketHandler|Received WallOfDataUIEventPacket packet. ( TableName: SocialHandler, Callback: Show, Param:  )
2025-11-27 14:06:18.3361|TRACE|WallOfDataUIEventPacketHandler|Received WallOfDataUIEventPacket packet. ( TableName: WelcomeHandler, Callback: closeWindow, Param: intotheworld )
2025-11-27 14:06:18.3592|TRACE|CommandPacketSetChatBubbleColorHandler|Received CommandPacketSetChatBubbleColor packet. ( Sanctuary.Packet.CommandPacketSetChatBubbleColor )
2025-11-27 14:06:18.3592|TRACE|CommandPacketChatChannelOnHandler|Received CommandPacketChatChannelOn packet. ( Sanctuary.Packet.CommandPacketChatChannelOn )
2025-11-27 14:06:18.3592|TRACE|CommandPacketChatChannelOnHandler|Received CommandPacketChatChannelOn packet. ( Sanctuary.Packet.CommandPacketChatChannelOn )
2025-11-27 14:06:18.3592|TRACE|CommandPacketChatChannelOffHandler|Received CommandPacketChatChannelOff packet. ( Sanctuary.Packet.CommandPacketChatChannelOff )
2025-11-27 14:06:18.3592|TRACE|CommandPacketChatChannelOffHandler|Received CommandPacketChatChannelOff packet. ( Sanctuary.Packet.CommandPacketChatChannelOff )
2025-11-27 14:06:18.3592|TRACE|CommandPacketChatChannelOnHandler|Received CommandPacketChatChannelOn packet. ( Sanctuary.Packet.CommandPacketChatChannelOn )
2025-11-27 14:06:18.3592|TRACE|CommandPacketChatChannelOnHandler|Received CommandPacketChatChannelOn packet. ( Sanctuary.Packet.CommandPacketChatChannelOn )
2025-11-27 14:06:18.3592|TRACE|CommandPacketChatChannelOffHandler|Received CommandPacketChatChannelOff packet. ( Sanctuary.Packet.CommandPacketChatChannelOff )
2025-11-27 14:06:18.3592|TRACE|CommandPacketChatChannelOffHandler|Received CommandPacketChatChannelOff packet. ( Sanctuary.Packet.CommandPacketChatChannelOff )
2025-11-27 14:06:18.3592|TRACE|CommandPacketChatChannelOnHandler|Received CommandPacketChatChannelOn packet. ( Sanctuary.Packet.CommandPacketChatChannelOn )
2025-11-27 14:06:18.3592|TRACE|CommandPacketChatChannelOffHandler|Received CommandPacketChatChannelOff packet. ( Sanctuary.Packet.CommandPacketChatChannelOff )
2025-11-27 14:06:18.3592|TRACE|CommandPacketChatChannelOffHandler|Received CommandPacketChatChannelOff packet. ( Sanctuary.Packet.CommandPacketChatChannelOff )
2025-11-27 14:06:18.3592|TRACE|CommandPacketChatChannelOnHandler|Received CommandPacketChatChannelOn packet. ( Sanctuary.Packet.CommandPacketChatChannelOn )
2025-11-27 14:06:18.3592|TRACE|CommandPacketChatChannelOnHandler|Received CommandPacketChatChannelOn packet. ( Sanctuary.Packet.CommandPacketChatChannelOn )
2025-11-27 14:06:18.3592|TRACE|CommandPacketChatChannelOffHandler|Received CommandPacketChatChannelOff packet. ( Sanctuary.Packet.CommandPacketChatChannelOff )
2025-11-27 14:06:18.3592|TRACE|CommandPacketChatChannelOffHandler|Received CommandPacketChatChannelOff packet. ( Sanctuary.Packet.CommandPacketChatChannelOff )
2025-11-27 14:06:18.3592|TRACE|CommandPacketChatChannelOnHandler|Received CommandPacketChatChannelOn packet. ( Sanctuary.Packet.CommandPacketChatChannelOn )
2025-11-27 14:06:18.3592|TRACE|WallOfDataUIEventPacketHandler|Received WallOfDataUIEventPacket packet. ( TableName: SocialHandler, Callback: getFriends, Param:  )
2025-11-27 14:06:38.6440|TRACE|PacketClientMetricsHandler|Received PacketClientMetrics packet. ( Sanctuary.Packet.PacketClientMetrics )
2025-11-27 14:06:53.6518|TRACE|PacketClientMetricsHandler|Received PacketClientMetrics packet. ( Sanctuary.Packet.PacketClientMetrics )
2025-11-27 14:07:08.6552|TRACE|PacketClientMetricsHandler|Received PacketClientMetrics packet. ( Sanctuary.Packet.PacketClientMetrics )
2025-11-27 14:07:23.6575|TRACE|PacketClientMetricsHandler|Received PacketClientMetrics packet. ( Sanctuary.Packet.PacketClientMetrics )
2025-11-27 14:07:38.6633|TRACE|PacketClientMetricsHandler|Received PacketClientMetrics packet. ( Sanctuary.Packet.PacketClientMetrics )
2025-11-27 14:07:53.6671|TRACE|PacketClientMetricsHandler|Received PacketClientMetrics packet. ( Sanctuary.Packet.PacketClientMetrics )
2025-11-27 14:08:08.6725|TRACE|PacketClientMetricsHandler|Received PacketClientMetrics packet. ( Sanctuary.Packet.PacketClientMetrics )
2025-11-27 14:08:23.6788|TRACE|PacketClientMetricsHandler|Received PacketClientMetrics packet. ( Sanctuary.Packet.PacketClientMetrics )
2025-11-27 14:08:38.6783|TRACE|PacketClientMetricsHandler|Received PacketClientMetrics packet. ( Sanctuary.Packet.PacketClientMetrics )
2025-11-27 14:08:53.6841|TRACE|PacketClientMetricsHandler|Received PacketClientMetrics packet. ( Sanctuary.Packet.PacketClientMetrics )
2025-11-27 14:09:08.6903|TRACE|PacketClientMetricsHandler|Received PacketClientMetrics packet. ( Sanctuary.Packet.PacketClientMetrics )
2025-11-27 14:09:23.6908|TRACE|PacketClientMetricsHandler|Received PacketClientMetrics packet. ( Sanctuary.Packet.PacketClientMetrics )
2025-11-27 14:09:38.6982|TRACE|PacketClientMetricsHandler|Received PacketClientMetrics packet. ( Sanctuary.Packet.PacketClientMetrics )
2025-11-27 14:09:53.7004|TRACE|PacketClientMetricsHandler|Received PacketClientMetrics packet. ( Sanctuary.Packet.PacketClientMetrics )
2025-11-27 14:10:08.7047|TRACE|PacketClientMetricsHandler|Received PacketClientMetrics packet. ( Sanctuary.Packet.PacketClientMetrics )
2025-11-27 14:10:23.7093|TRACE|PacketClientMetricsHandler|Received PacketClientMetrics packet. ( Sanctuary.Packet.PacketClientMetrics )
2025-11-27 14:10:38.7148|TRACE|PacketClientMetricsHandler|Received PacketClientMetrics packet. ( Sanctuary.Packet.PacketClientMetrics )
2025-11-27 14:10:53.7176|TRACE|PacketClientMetricsHandler|Received PacketClientMetrics packet. ( Sanctuary.Packet.PacketClientMetrics )
2025-11-27 14:11:08.7202|TRACE|PacketClientMetricsHandler|Received PacketClientMetrics packet. ( Sanctuary.Packet.PacketClientMetrics )
2025-11-27 14:11:23.7279|TRACE|PacketClientMetricsHandler|Received PacketClientMetrics packet. ( Sanctuary.Packet.PacketClientMetrics )
2025-11-27 14:11:38.7294|TRACE|PacketClientMetricsHandler|Received PacketClientMetrics packet. ( Sanctuary.Packet.PacketClientMetrics )
2025-11-27 14:11:53.7351|TRACE|PacketClientMetricsHandler|Received PacketClientMetrics packet. ( Sanctuary.Packet.PacketClientMetrics )
2025-11-27 14:12:08.7376|TRACE|PacketClientMetricsHandler|Received PacketClientMetrics packet. ( Sanctuary.Packet.PacketClientMetrics )
2025-11-27 14:12:23.7405|TRACE|PacketClientMetricsHandler|Received PacketClientMetrics packet. ( Sanctuary.Packet.PacketClientMetrics )
2025-11-27 14:12:38.7532|TRACE|PacketClientMetricsHandler|Received PacketClientMetrics packet. ( Sanctuary.Packet.PacketClientMetrics )
2025-11-27 14:12:53.7587|TRACE|PacketClientMetricsHandler|Received PacketClientMetrics packet. ( Sanctuary.Packet.PacketClientMetrics )
2025-11-27 14:13:08.7622|TRACE|PacketClientMetricsHandler|Received PacketClientMetrics packet. ( Sanctuary.Packet.PacketClientMetrics )
2025-11-27 14:13:23.7685|TRACE|PacketClientMetricsHandler|Received PacketClientMetrics packet. ( Sanctuary.Packet.PacketClientMetrics )
2025-11-27 14:13:29.4344|INFO|Sanctuary.Gateway.GatewayConnection|127.0.0.1:61898 disconnected. Application
2025-11-27 14:20:03.3389|DEBUG|Microsoft.Extensions.Hosting.Internal.Host|Hosting starting
2025-11-27 14:20:29.4008|DEBUG|Microsoft.Extensions.Hosting.Internal.Host|Hosting starting
2025-11-27 14:20:52.3897|DEBUG|Microsoft.Extensions.Hosting.Internal.Host|Hosting starting
2025-11-27 14:21:40.5293|DEBUG|Microsoft.Extensions.Hosting.Internal.Host|Hosting starting
2025-11-27 14:21:41.1882|INFO|Sanctuary.Game.ResourceManager|Loaded 5 interactions.
2025-11-27 14:21:41.1995|INFO|Sanctuary.Gateway.GatewayService|GatewayServer started and is listening on port '20260'.
2025-11-27 14:21:49.7041|DEBUG|Microsoft.Extensions.Hosting.Internal.Host|Hosting starting
2025-11-27 14:21:50.3573|INFO|Sanctuary.Game.ResourceManager|Loaded 5 interactions.
2025-11-27 14:21:50.3573|INFO|Sanctuary.Gateway.GatewayService|GatewayServer started and is listening on port '20260'.
2025-11-27 14:21:50.3850|INFO|Sanctuary.Gateway.LoginConnection|127.0.0.1:20041 connected.
2025-11-27 14:21:50.5111|TRACE|GatewayLoginReplyHandler|Received GatewayLoginReply packet. ( Sanctuary.Packet.GatewayLoginReply )
2025-11-27 14:22:37.4238|DEBUG|Microsoft.Extensions.Hosting.Internal.Host|Hosting starting
2025-11-27 14:23:10.4026|DEBUG|Microsoft.Extensions.Hosting.Internal.Host|Hosting starting
2025-11-27 14:25:34.3743|DEBUG|Microsoft.Extensions.Hosting.Internal.Host|Hosting starting
2025-11-27 14:25:35.0486|INFO|Sanctuary.Game.ResourceManager|Loaded 5 interactions.
2025-11-27 14:25:35.0605|INFO|Sanctuary.Gateway.GatewayService|GatewayServer started and is listening on port '20260'.
2025-11-27 14:25:35.0773|INFO|Sanctuary.Gateway.LoginConnection|127.0.0.1:20041 connected.
2025-11-27 14:25:35.1990|TRACE|GatewayLoginReplyHandler|Received GatewayLoginReply packet. ( Sanctuary.Packet.GatewayLoginReply )
2025-11-27 14:26:22.3860|DEBUG|Microsoft.Extensions.Hosting.Internal.Host|Hosting starting
2025-11-27 14:26:23.1270|INFO|Sanctuary.Game.ResourceManager|Loaded 5 interactions.
2025-11-27 14:26:23.1392|INFO|Sanctuary.Gateway.GatewayService|GatewayServer started and is listening on port '20260'.
2025-11-27 14:26:23.1563|INFO|Sanctuary.Gateway.LoginConnection|127.0.0.1:20041 connected.
2025-11-27 14:26:23.2775|TRACE|GatewayLoginReplyHandler|Received GatewayLoginReply packet. ( Sanctuary.Packet.GatewayLoginReply )
2025-11-27 14:26:42.1262|INFO|Sanctuary.Gateway.GatewayServer|127.0.0.1:62942 connected.
2025-11-27 14:26:42.1614|TRACE|PacketLoginHandler|Received PacketLogin packet. ( ( Ticket: "8d397342-a00c-4f1c-9a80-222935c443c7", Guid: 1, Version: "1.910.1.530630", Unknown: "" ) )
2025-11-27 14:26:42.4930|TRACE|PacketSetLocaleHandler|Received PacketSetLocale packet. ( Sanctuary.Packet.PacketSetLocale )
2025-11-27 14:26:42.4930|TRACE|PacketClientInitializationDetailsHandler|Received PacketClientInitializationDetails packet. ( Sanctuary.Packet.PacketClientInitializationDetails )
2025-11-27 14:26:42.4930|TRACE|PacketClientLogHandler|Received PacketClientLog packet. ( Filename: ClientCas.log, Message: CasApi - Invalid CAS Authentication Token. )
2025-11-27 14:26:42.4930|TRACE|PacketClientLogHandler|Received PacketClientLog packet. ( Filename: ClientUram.log, Message: UramManager - URAM GameCode: FR, Version: 11, UriDomain: account.station.sony.com, Certificate: soe-ssl-certs.pem. )
2025-11-27 14:26:42.5882|TRACE|PacketPortraitDataRequestHandler|Received PacketPortraitDataRequest packet. ( Sanctuary.Packet.PacketPortraitDataRequest )
2025-11-27 14:26:49.2296|TRACE|PacketClientIsReadyHandler|Received PacketClientIsReady packet.
2025-11-27 14:26:49.3339|TRACE|PacketClientFinishedLoadingHandler|Received PacketClientFinishedLoading packet.
2025-11-27 14:26:49.3339|TRACE|PacketClientLogHandler|Received PacketClientLog packet. ( Filename: ClientZoneTime.log, Message: 6770 ms )
2025-11-27 14:26:49.3339|TRACE|PacketClientLogHandler|Received PacketClientLog packet. ( Filename: MarketingData.log, Message: Viewed loading screen loadscreen_membershipupsell.swf for 6.77 seconds.  Member=true, Zoning=true, Minigame Type=0 )
2025-11-27 14:26:49.3385|TRACE|PacketClientLogHandler|Received PacketClientLog packet. ( Filename: ClientStartTime.log, Message: 15940 ms )
2025-11-27 14:26:49.3385|TRACE|PacketClientLogHandler|Received PacketClientLog packet. ( Filename: ClientSystemInfo.log, Message: DriverVersion=00200000-000f1ff4 Device=000010de-00002c05-f3221569-161 Whql=00000000 VideoMem=3072 VShader=3.0 PShader=3.0 Desktop=2560x1440 Game=2560x1369 FullScreen=0 GraphicsQuality=3 ShadowQuality=3 TextureQuality=0 PhysicalMem=31811 VirtualMem=4095 MemoryLoadPercent=54 CpuCount=16 CpuType=586 CpuArchitecture=0 CpuLevel=0x001a CpuRevision=17408 DriverName=nvldumd.dll DeviceName=\\.\DISPLAY2 DeviceDescription=NVIDIA GeForce RTX 5070 Ti EffectFailures=None )
2025-11-27 14:26:55.4127|TRACE|WallOfDataUIEventPacketHandler|Received WallOfDataUIEventPacket packet. ( TableName: SocialHandler, Callback: Show, Param:  )
2025-11-27 14:26:55.4184|TRACE|WallOfDataUIEventPacketHandler|Received WallOfDataUIEventPacket packet. ( TableName: WelcomeHandler, Callback: closeWindow, Param: intotheworld )
2025-11-27 14:26:55.4465|TRACE|WallOfDataUIEventPacketHandler|Received WallOfDataUIEventPacket packet. ( TableName: SocialHandler, Callback: getFriends, Param:  )
2025-11-27 14:26:55.4696|TRACE|CommandPacketSetChatBubbleColorHandler|Received CommandPacketSetChatBubbleColor packet. ( Sanctuary.Packet.CommandPacketSetChatBubbleColor )
2025-11-27 14:26:55.4696|TRACE|CommandPacketChatChannelOnHandler|Received CommandPacketChatChannelOn packet. ( Sanctuary.Packet.CommandPacketChatChannelOn )
2025-11-27 14:26:55.4696|TRACE|CommandPacketChatChannelOnHandler|Received CommandPacketChatChannelOn packet. ( Sanctuary.Packet.CommandPacketChatChannelOn )
2025-11-27 14:26:55.4696|TRACE|CommandPacketChatChannelOffHandler|Received CommandPacketChatChannelOff packet. ( Sanctuary.Packet.CommandPacketChatChannelOff )
2025-11-27 14:26:55.4696|TRACE|CommandPacketChatChannelOffHandler|Received CommandPacketChatChannelOff packet. ( Sanctuary.Packet.CommandPacketChatChannelOff )
2025-11-27 14:26:55.4696|TRACE|CommandPacketChatChannelOnHandler|Received CommandPacketChatChannelOn packet. ( Sanctuary.Packet.CommandPacketChatChannelOn )
2025-11-27 14:26:55.4696|TRACE|CommandPacketChatChannelOnHandler|Received CommandPacketChatChannelOn packet. ( Sanctuary.Packet.CommandPacketChatChannelOn )
2025-11-27 14:26:55.4696|TRACE|CommandPacketChatChannelOffHandler|Received CommandPacketChatChannelOff packet. ( Sanctuary.Packet.CommandPacketChatChannelOff )
2025-11-27 14:26:55.4696|TRACE|CommandPacketChatChannelOffHandler|Received CommandPacketChatChannelOff packet. ( Sanctuary.Packet.CommandPacketChatChannelOff )
2025-11-27 14:26:55.4696|TRACE|CommandPacketChatChannelOnHandler|Received CommandPacketChatChannelOn packet. ( Sanctuary.Packet.CommandPacketChatChannelOn )
2025-11-27 14:26:55.4696|TRACE|CommandPacketChatChannelOffHandler|Received CommandPacketChatChannelOff packet. ( Sanctuary.Packet.CommandPacketChatChannelOff )
2025-11-27 14:26:55.4696|TRACE|CommandPacketChatChannelOffHandler|Received CommandPacketChatChannelOff packet. ( Sanctuary.Packet.CommandPacketChatChannelOff )
2025-11-27 14:26:55.4696|TRACE|CommandPacketChatChannelOnHandler|Received CommandPacketChatChannelOn packet. ( Sanctuary.Packet.CommandPacketChatChannelOn )
2025-11-27 14:26:55.4696|TRACE|CommandPacketChatChannelOnHandler|Received CommandPacketChatChannelOn packet. ( Sanctuary.Packet.CommandPacketChatChannelOn )
2025-11-27 14:26:55.4696|TRACE|CommandPacketChatChannelOffHandler|Received CommandPacketChatChannelOff packet. ( Sanctuary.Packet.CommandPacketChatChannelOff )
2025-11-27 14:26:55.4696|TRACE|CommandPacketChatChannelOffHandler|Received CommandPacketChatChannelOff packet. ( Sanctuary.Packet.CommandPacketChatChannelOff )
2025-11-27 14:26:55.4696|TRACE|CommandPacketChatChannelOnHandler|Received CommandPacketChatChannelOn packet. ( Sanctuary.Packet.CommandPacketChatChannelOn )
2025-11-27 14:27:14.3400|TRACE|PacketClientMetricsHandler|Received PacketClientMetrics packet. ( Sanctuary.Packet.PacketClientMetrics )
2025-11-27 14:27:28.6201|INFO|Sanctuary.Gateway.GatewayConnection|127.0.0.1:62942 disconnected. Application
2025-11-27 14:28:56.2974|DEBUG|Microsoft.Extensions.Hosting.Internal.Host|Hosting starting
2025-11-27 14:29:14.4370|DEBUG|Microsoft.Extensions.Hosting.Internal.Host|Hosting starting
2025-11-27 14:29:15.1880|INFO|Sanctuary.Game.ResourceManager|Loaded 5 interactions.
2025-11-27 14:29:15.2022|INFO|Sanctuary.Gateway.GatewayService|GatewayServer started and is listening on port '20260'.
2025-11-27 14:29:15.2193|INFO|Sanctuary.Gateway.LoginConnection|127.0.0.1:20041 connected.
2025-11-27 14:29:15.3401|TRACE|GatewayLoginReplyHandler|Received GatewayLoginReply packet. ( Sanctuary.Packet.GatewayLoginReply )
2025-11-27 14:34:37.5153|DEBUG|Microsoft.Extensions.Hosting.Internal.Host|Hosting starting
2025-11-27 14:34:38.4206|INFO|Sanctuary.Game.ResourceManager|Loaded 5 interactions.
2025-11-27 14:34:38.4329|INFO|Sanctuary.Gateway.GatewayService|GatewayServer started and is listening on port '20260'.
2025-11-27 14:34:38.5048|INFO|Sanctuary.Gateway.LoginConnection|127.0.0.1:20041 connected.
2025-11-27 14:34:38.6211|TRACE|GatewayLoginReplyHandler|Received GatewayLoginReply packet. ( Sanctuary.Packet.GatewayLoginReply )
2025-11-27 14:36:04.6607|INFO|Sanctuary.Gateway.GatewayServer|127.0.0.1:50463 connected.
2025-11-27 14:36:04.7525|TRACE|PacketLoginHandler|Received PacketLogin packet. ( ( Ticket: "1547c23b-30c4-4977-9944-eb85113279d9", Guid: 1, Version: "1.910.1.530630", Unknown: "" ) )
2025-11-27 14:36:05.0773|TRACE|PacketSetLocaleHandler|Received PacketSetLocale packet. ( Sanctuary.Packet.PacketSetLocale )
2025-11-27 14:36:05.0773|TRACE|PacketClientInitializationDetailsHandler|Received PacketClientInitializationDetails packet. ( Sanctuary.Packet.PacketClientInitializationDetails )
2025-11-27 14:36:05.0773|TRACE|PacketClientLogHandler|Received PacketClientLog packet. ( Filename: ClientCas.log, Message: CasApi - Invalid CAS Authentication Token. )
2025-11-27 14:36:05.0773|TRACE|PacketClientLogHandler|Received PacketClientLog packet. ( Filename: ClientUram.log, Message: UramManager - URAM GameCode: FR, Version: 11, UriDomain: account.station.sony.com, Certificate: soe-ssl-certs.pem. )
2025-11-27 14:36:05.2088|TRACE|PacketPortraitDataRequestHandler|Received PacketPortraitDataRequest packet. ( Sanctuary.Packet.PacketPortraitDataRequest )
2025-11-27 14:36:12.8928|TRACE|PacketClientIsReadyHandler|Received PacketClientIsReady packet.
2025-11-27 14:36:12.9853|TRACE|PacketClientFinishedLoadingHandler|Received PacketClientFinishedLoading packet.
2025-11-27 14:36:12.9853|TRACE|PacketClientLogHandler|Received PacketClientLog packet. ( Filename: ClientZoneTime.log, Message: 7826 ms )
2025-11-27 14:36:12.9853|TRACE|PacketClientLogHandler|Received PacketClientLog packet. ( Filename: MarketingData.log, Message: Viewed loading screen loadscreen_membershipupsell.swf for 7.83 seconds.  Member=true, Zoning=true, Minigame Type=0 )
2025-11-27 14:36:12.9853|TRACE|PacketClientLogHandler|Received PacketClientLog packet. ( Filename: ClientStartTime.log, Message: 43340 ms )
2025-11-27 14:36:12.9853|TRACE|PacketClientLogHandler|Received PacketClientLog packet. ( Filename: ClientSystemInfo.log, Message: DriverVersion=00200000-000f1ff4 Device=000010de-00002c05-f3221569-161 Whql=00000000 VideoMem=3072 VShader=3.0 PShader=3.0 Desktop=2560x1440 Game=2560x1369 FullScreen=0 GraphicsQuality=3 ShadowQuality=3 TextureQuality=0 PhysicalMem=31811 VirtualMem=4095 MemoryLoadPercent=55 CpuCount=16 CpuType=586 CpuArchitecture=0 CpuLevel=0x001a CpuRevision=17408 DriverName=nvldumd.dll DeviceName=\\.\DISPLAY2 DeviceDescription=NVIDIA GeForce RTX 5070 Ti EffectFailures=None )
2025-11-27 14:36:21.0788|TRACE|WallOfDataUIEventPacketHandler|Received WallOfDataUIEventPacket packet. ( TableName: SocialHandler, Callback: Show, Param:  )
2025-11-27 14:36:22.1237|TRACE|WallOfDataUIEventPacketHandler|Received WallOfDataUIEventPacket packet. ( TableName: WelcomeHandler, Callback: closeWindow, Param: intotheworld )
2025-11-27 14:36:22.1470|TRACE|CommandPacketSetChatBubbleColorHandler|Received CommandPacketSetChatBubbleColor packet. ( Sanctuary.Packet.CommandPacketSetChatBubbleColor )
2025-11-27 14:36:22.1470|TRACE|CommandPacketChatChannelOnHandler|Received CommandPacketChatChannelOn packet. ( Sanctuary.Packet.CommandPacketChatChannelOn )
2025-11-27 14:36:22.1470|TRACE|CommandPacketChatChannelOnHandler|Received CommandPacketChatChannelOn packet. ( Sanctuary.Packet.CommandPacketChatChannelOn )
2025-11-27 14:36:22.1507|TRACE|CommandPacketChatChannelOffHandler|Received CommandPacketChatChannelOff packet. ( Sanctuary.Packet.CommandPacketChatChannelOff )
2025-11-27 14:36:22.1507|TRACE|CommandPacketChatChannelOffHandler|Received CommandPacketChatChannelOff packet. ( Sanctuary.Packet.CommandPacketChatChannelOff )
2025-11-27 14:36:22.1507|TRACE|CommandPacketChatChannelOnHandler|Received CommandPacketChatChannelOn packet. ( Sanctuary.Packet.CommandPacketChatChannelOn )
2025-11-27 14:36:22.1507|TRACE|CommandPacketChatChannelOnHandler|Received CommandPacketChatChannelOn packet. ( Sanctuary.Packet.CommandPacketChatChannelOn )
2025-11-27 14:36:22.1507|TRACE|CommandPacketChatChannelOffHandler|Received CommandPacketChatChannelOff packet. ( Sanctuary.Packet.CommandPacketChatChannelOff )
2025-11-27 14:36:22.1507|TRACE|CommandPacketChatChannelOffHandler|Received CommandPacketChatChannelOff packet. ( Sanctuary.Packet.CommandPacketChatChannelOff )
2025-11-27 14:36:22.1507|TRACE|CommandPacketChatChannelOnHandler|Received CommandPacketChatChannelOn packet. ( Sanctuary.Packet.CommandPacketChatChannelOn )
2025-11-27 14:36:22.1507|TRACE|CommandPacketChatChannelOffHandler|Received CommandPacketChatChannelOff packet. ( Sanctuary.Packet.CommandPacketChatChannelOff )
2025-11-27 14:36:22.1507|TRACE|CommandPacketChatChannelOffHandler|Received CommandPacketChatChannelOff packet. ( Sanctuary.Packet.CommandPacketChatChannelOff )
2025-11-27 14:36:22.1507|TRACE|CommandPacketChatChannelOnHandler|Received CommandPacketChatChannelOn packet. ( Sanctuary.Packet.CommandPacketChatChannelOn )
2025-11-27 14:36:22.1507|TRACE|CommandPacketChatChannelOnHandler|Received CommandPacketChatChannelOn packet. ( Sanctuary.Packet.CommandPacketChatChannelOn )
2025-11-27 14:36:22.1507|TRACE|CommandPacketChatChannelOffHandler|Received CommandPacketChatChannelOff packet. ( Sanctuary.Packet.CommandPacketChatChannelOff )
2025-11-27 14:36:22.1507|TRACE|CommandPacketChatChannelOffHandler|Received CommandPacketChatChannelOff packet. ( Sanctuary.Packet.CommandPacketChatChannelOff )
2025-11-27 14:36:22.1507|TRACE|CommandPacketChatChannelOnHandler|Received CommandPacketChatChannelOn packet. ( Sanctuary.Packet.CommandPacketChatChannelOn )
2025-11-27 14:36:22.1507|TRACE|WallOfDataUIEventPacketHandler|Received WallOfDataUIEventPacket packet. ( TableName: SocialHandler, Callback: getFriends, Param:  )
2025-11-27 14:36:26.9790|TRACE|WallOfDataUIEventPacketHandler|Received WallOfDataUIEventPacket packet. ( TableName: Atlas, Callback: Show, Param:  )
2025-11-27 14:36:28.6029|TRACE|WallOfDataUIEventPacketHandler|Received WallOfDataUIEventPacket packet. ( TableName: FRUtilNavigation, Callback: openAtlas, Param: openAtlas )
2025-11-27 14:36:30.0352|TRACE|WallOfDataUIEventPacketHandler|Received WallOfDataUIEventPacket packet. ( TableName: SocialHandler, Callback: Show, Param:  )
2025-11-27 14:36:30.0352|TRACE|WallOfDataUIEventPacketHandler|Received WallOfDataUIEventPacket packet. ( TableName: SocialHandler, Callback: Show, Param:  )
2025-11-27 14:36:30.0352|TRACE|CommandPacketChatChannelOnHandler|Received CommandPacketChatChannelOn packet. ( Sanctuary.Packet.CommandPacketChatChannelOn )
2025-11-27 14:36:30.0352|TRACE|CommandPacketChatChannelOffHandler|Received CommandPacketChatChannelOff packet. ( Sanctuary.Packet.CommandPacketChatChannelOff )
2025-11-27 14:36:30.0352|TRACE|CommandPacketChatChannelOffHandler|Received CommandPacketChatChannelOff packet. ( Sanctuary.Packet.CommandPacketChatChannelOff )
2025-11-27 14:36:30.0352|TRACE|CommandPacketChatChannelOnHandler|Received CommandPacketChatChannelOn packet. ( Sanctuary.Packet.CommandPacketChatChannelOn )
2025-11-27 14:36:37.9981|TRACE|PacketClientMetricsHandler|Received PacketClientMetrics packet. ( Sanctuary.Packet.PacketClientMetrics )
2025-11-27 14:36:52.9998|TRACE|PacketClientMetricsHandler|Received PacketClientMetrics packet. ( Sanctuary.Packet.PacketClientMetrics )
2025-11-27 14:37:08.0011|TRACE|PacketClientMetricsHandler|Received PacketClientMetrics packet. ( Sanctuary.Packet.PacketClientMetrics )
2025-11-27 14:37:23.0091|TRACE|PacketClientMetricsHandler|Received PacketClientMetrics packet. ( Sanctuary.Packet.PacketClientMetrics )
2025-11-27 14:37:38.0157|TRACE|PacketClientMetricsHandler|Received PacketClientMetrics packet. ( Sanctuary.Packet.PacketClientMetrics )
2025-11-27 14:37:53.0206|TRACE|PacketClientMetricsHandler|Received PacketClientMetrics packet. ( Sanctuary.Packet.PacketClientMetrics )
2025-11-27 14:38:08.0202|TRACE|PacketClientMetricsHandler|Received PacketClientMetrics packet. ( Sanctuary.Packet.PacketClientMetrics )
2025-11-27 14:38:23.0284|TRACE|PacketClientMetricsHandler|Received PacketClientMetrics packet. ( Sanctuary.Packet.PacketClientMetrics )
2025-11-27 14:38:38.0309|TRACE|PacketClientMetricsHandler|Received PacketClientMetrics packet. ( Sanctuary.Packet.PacketClientMetrics )
2025-11-27 14:38:53.0323|TRACE|PacketClientMetricsHandler|Received PacketClientMetrics packet. ( Sanctuary.Packet.PacketClientMetrics )
2025-11-27 14:39:08.0400|TRACE|PacketClientMetricsHandler|Received PacketClientMetrics packet. ( Sanctuary.Packet.PacketClientMetrics )
2025-11-27 14:39:23.0436|TRACE|PacketClientMetricsHandler|Received PacketClientMetrics packet. ( Sanctuary.Packet.PacketClientMetrics )
2025-11-27 14:39:38.0494|TRACE|PacketClientMetricsHandler|Received PacketClientMetrics packet. ( Sanctuary.Packet.PacketClientMetrics )
2025-11-27 14:39:53.0506|TRACE|PacketClientMetricsHandler|Received PacketClientMetrics packet. ( Sanctuary.Packet.PacketClientMetrics )
2025-11-27 14:40:08.0532|TRACE|PacketClientMetricsHandler|Received PacketClientMetrics packet. ( Sanctuary.Packet.PacketClientMetrics )
2025-11-27 14:40:23.0588|TRACE|PacketClientMetricsHandler|Received PacketClientMetrics packet. ( Sanctuary.Packet.PacketClientMetrics )
2025-11-27 14:40:38.0680|TRACE|PacketClientMetricsHandler|Received PacketClientMetrics packet. ( Sanctuary.Packet.PacketClientMetrics )
2025-11-27 14:40:53.0697|TRACE|PacketClientMetricsHandler|Received PacketClientMetrics packet. ( Sanctuary.Packet.PacketClientMetrics )
2025-11-27 14:41:08.0743|TRACE|PacketClientMetricsHandler|Received PacketClientMetrics packet. ( Sanctuary.Packet.PacketClientMetrics )
2025-11-27 14:41:23.0790|TRACE|PacketClientMetricsHandler|Received PacketClientMetrics packet. ( Sanctuary.Packet.PacketClientMetrics )
2025-11-27 14:41:38.0873|TRACE|PacketClientMetricsHandler|Received PacketClientMetrics packet. ( Sanctuary.Packet.PacketClientMetrics )
2025-11-27 14:41:53.0900|TRACE|PacketClientMetricsHandler|Received PacketClientMetrics packet. ( Sanctuary.Packet.PacketClientMetrics )
2025-11-27 14:42:08.0860|TRACE|PacketClientMetricsHandler|Received PacketClientMetrics packet. ( Sanctuary.Packet.PacketClientMetrics )
2025-11-27 14:42:23.0908|TRACE|PacketClientMetricsHandler|Received PacketClientMetrics packet. ( Sanctuary.Packet.PacketClientMetrics )
2025-11-27 14:42:38.0931|TRACE|PacketClientMetricsHandler|Received PacketClientMetrics packet. ( Sanctuary.Packet.PacketClientMetrics )
2025-11-27 14:42:53.0983|TRACE|PacketClientMetricsHandler|Received PacketClientMetrics packet. ( Sanctuary.Packet.PacketClientMetrics )
2025-11-27 14:43:08.1042|TRACE|PacketClientMetricsHandler|Received PacketClientMetrics packet. ( Sanctuary.Packet.PacketClientMetrics )
2025-11-27 14:43:15.6790|TRACE|WallOfDataUIEventPacketHandler|Received WallOfDataUIEventPacket packet. ( TableName: Atlas, Callback: Show, Param:  )
2025-11-27 14:43:15.7020|TRACE|WallOfDataUIEventPacketHandler|Received WallOfDataUIEventPacket packet. ( TableName: FRUtilNavigation, Callback: openAtlas, Param: openAtlas )
2025-11-27 14:43:18.3240|TRACE|PacketZoneTeleportRequestHandler|Received PacketZoneTeleportRequest packet. ( Sanctuary.Packet.PacketZoneTeleportRequest )
2025-11-27 14:43:18.3240|TRACE|WallOfDataUIEventPacketHandler|Received WallOfDataUIEventPacket packet. ( TableName: Atlas, Callback: teleportPlayerToPointOfInterest, Param: 33 )
2025-11-27 14:43:25.0310|TRACE|PacketClientLogHandler|Received PacketClientLog packet. ( Filename: MarketingData.log, Message: Viewed loading screen loadscreen_vendor.swf for 6.61 seconds.  Member=true, Zoning=false, Minigame Type=0 )
2025-11-27 14:43:25.0424|TRACE|WallOfDataUIEventPacketHandler|Received WallOfDataUIEventPacket packet. ( TableName: SocialHandler, Callback: Show, Param:  )
2025-11-27 14:43:25.0424|TRACE|WallOfDataUIEventPacketHandler|Received WallOfDataUIEventPacket packet. ( TableName: SocialHandler, Callback: Show, Param:  )
2025-11-27 14:43:25.0424|TRACE|CommandPacketChatChannelOnHandler|Received CommandPacketChatChannelOn packet. ( Sanctuary.Packet.CommandPacketChatChannelOn )
2025-11-27 14:43:25.0424|TRACE|CommandPacketChatChannelOffHandler|Received CommandPacketChatChannelOff packet. ( Sanctuary.Packet.CommandPacketChatChannelOff )
2025-11-27 14:43:25.0424|TRACE|CommandPacketChatChannelOffHandler|Received CommandPacketChatChannelOff packet. ( Sanctuary.Packet.CommandPacketChatChannelOff )
2025-11-27 14:43:25.0424|TRACE|CommandPacketChatChannelOnHandler|Received CommandPacketChatChannelOn packet. ( Sanctuary.Packet.CommandPacketChatChannelOn )
2025-11-27 14:43:40.0357|TRACE|PacketClientMetricsHandler|Received PacketClientMetrics packet. ( Sanctuary.Packet.PacketClientMetrics )
2025-11-27 14:43:55.0375|TRACE|PacketClientMetricsHandler|Received PacketClientMetrics packet. ( Sanctuary.Packet.PacketClientMetrics )
2025-11-27 14:44:10.0410|TRACE|PacketClientMetricsHandler|Received PacketClientMetrics packet. ( Sanctuary.Packet.PacketClientMetrics )
2025-11-27 14:44:25.0466|TRACE|PacketClientMetricsHandler|Received PacketClientMetrics packet. ( Sanctuary.Packet.PacketClientMetrics )
2025-11-27 14:44:32.7468|INFO|Sanctuary.Gateway.GatewayConnection|127.0.0.1:50463 disconnected. Application
2025-11-27 15:26:08.3869|DEBUG|Microsoft.Extensions.Hosting.Internal.Host|Hosting starting
2025-11-27 15:26:09.1125|INFO|Sanctuary.Game.ResourceManager|Loaded 5 interactions.
2025-11-27 15:26:09.1252|INFO|Sanctuary.Gateway.GatewayService|GatewayServer started and is listening on port '20260'.
2025-11-27 15:26:09.1430|INFO|Sanctuary.Gateway.LoginConnection|127.0.0.1:20041 connected.
2025-11-27 15:26:09.2778|TRACE|GatewayLoginReplyHandler|Received GatewayLoginReply packet. ( Sanctuary.Packet.GatewayLoginReply )
2025-11-27 15:27:39.4056|INFO|Sanctuary.Gateway.GatewayServer|127.0.0.1:65349 connected.
2025-11-27 15:27:39.4408|TRACE|PacketLoginHandler|Received PacketLogin packet. ( ( Ticket: "b03ea231-f4bc-4355-a6db-8cfacba099a7", Guid: 1, Version: "1.910.1.530630", Unknown: "" ) )
2025-11-27 15:27:39.8290|TRACE|PacketSetLocaleHandler|Received PacketSetLocale packet. ( Sanctuary.Packet.PacketSetLocale )
2025-11-27 15:27:39.8290|TRACE|PacketClientInitializationDetailsHandler|Received PacketClientInitializationDetails packet. ( Sanctuary.Packet.PacketClientInitializationDetails )
2025-11-27 15:27:39.8290|TRACE|PacketClientLogHandler|Received PacketClientLog packet. ( Filename: ClientCas.log, Message: CasApi - Invalid CAS Authentication Token. )
2025-11-27 15:27:39.8290|TRACE|PacketClientLogHandler|Received PacketClientLog packet. ( Filename: ClientUram.log, Message: UramManager - URAM GameCode: FR, Version: 11, UriDomain: account.station.sony.com, Certificate: soe-ssl-certs.pem. )
2025-11-27 15:27:39.9034|TRACE|PacketPortraitDataRequestHandler|Received PacketPortraitDataRequest packet. ( Sanctuary.Packet.PacketPortraitDataRequest )
2025-11-27 15:27:46.4902|TRACE|PacketClientIsReadyHandler|Received PacketClientIsReady packet.
2025-11-27 15:27:46.5757|TRACE|PacketClientFinishedLoadingHandler|Received PacketClientFinishedLoading packet.
2025-11-27 15:27:46.5757|TRACE|PacketClientLogHandler|Received PacketClientLog packet. ( Filename: ClientZoneTime.log, Message: 6693 ms )
2025-11-27 15:27:46.5757|TRACE|PacketClientLogHandler|Received PacketClientLog packet. ( Filename: MarketingData.log, Message: Viewed loading screen loadscreen_membershipupsell.swf for 6.69 seconds.  Member=true, Zoning=true, Minigame Type=0 )
2025-11-27 15:27:46.5757|TRACE|PacketClientLogHandler|Received PacketClientLog packet. ( Filename: ClientStartTime.log, Message: 17876 ms )
2025-11-27 15:27:46.5757|TRACE|PacketClientLogHandler|Received PacketClientLog packet. ( Filename: ClientSystemInfo.log, Message: DriverVersion=00200000-000f1ff4 Device=000010de-00002c05-f3221569-161 Whql=00000000 VideoMem=3072 VShader=3.0 PShader=3.0 Desktop=2560x1440 Game=2560x1369 FullScreen=0 GraphicsQuality=3 ShadowQuality=3 TextureQuality=0 PhysicalMem=31811 VirtualMem=4095 MemoryLoadPercent=48 CpuCount=16 CpuType=586 CpuArchitecture=0 CpuLevel=0x001a CpuRevision=17408 DriverName=nvldumd.dll DeviceName=\\.\DISPLAY2 DeviceDescription=NVIDIA GeForce RTX 5070 Ti EffectFailures=None )
2025-11-27 15:27:48.5402|TRACE|WallOfDataUIEventPacketHandler|Received WallOfDataUIEventPacket packet. ( TableName: SocialHandler, Callback: Show, Param:  )
2025-11-27 15:27:48.5805|TRACE|WallOfDataUIEventPacketHandler|Received WallOfDataUIEventPacket packet. ( TableName: WelcomeHandler, Callback: closeWindow, Param: intotheworld )
2025-11-27 15:27:48.5970|TRACE|WallOfDataUIEventPacketHandler|Received WallOfDataUIEventPacket packet. ( TableName: SocialHandler, Callback: getFriends, Param:  )
2025-11-27 15:27:48.5970|TRACE|CommandPacketSetChatBubbleColorHandler|Received CommandPacketSetChatBubbleColor packet. ( Sanctuary.Packet.CommandPacketSetChatBubbleColor )
2025-11-27 15:27:48.6036|TRACE|CommandPacketChatChannelOnHandler|Received CommandPacketChatChannelOn packet. ( Sanctuary.Packet.CommandPacketChatChannelOn )
2025-11-27 15:27:48.6036|TRACE|CommandPacketChatChannelOnHandler|Received CommandPacketChatChannelOn packet. ( Sanctuary.Packet.CommandPacketChatChannelOn )
2025-11-27 15:27:48.6036|TRACE|CommandPacketChatChannelOffHandler|Received CommandPacketChatChannelOff packet. ( Sanctuary.Packet.CommandPacketChatChannelOff )
2025-11-27 15:27:48.6036|TRACE|CommandPacketChatChannelOffHandler|Received CommandPacketChatChannelOff packet. ( Sanctuary.Packet.CommandPacketChatChannelOff )
2025-11-27 15:27:48.6036|TRACE|CommandPacketChatChannelOnHandler|Received CommandPacketChatChannelOn packet. ( Sanctuary.Packet.CommandPacketChatChannelOn )
2025-11-27 15:27:48.6036|TRACE|CommandPacketChatChannelOnHandler|Received CommandPacketChatChannelOn packet. ( Sanctuary.Packet.CommandPacketChatChannelOn )
2025-11-27 15:27:48.6036|TRACE|CommandPacketChatChannelOffHandler|Received CommandPacketChatChannelOff packet. ( Sanctuary.Packet.CommandPacketChatChannelOff )
2025-11-27 15:27:48.6036|TRACE|CommandPacketChatChannelOffHandler|Received CommandPacketChatChannelOff packet. ( Sanctuary.Packet.CommandPacketChatChannelOff )
2025-11-27 15:27:48.6036|TRACE|CommandPacketChatChannelOnHandler|Received CommandPacketChatChannelOn packet. ( Sanctuary.Packet.CommandPacketChatChannelOn )
2025-11-27 15:27:48.6036|TRACE|CommandPacketChatChannelOffHandler|Received CommandPacketChatChannelOff packet. ( Sanctuary.Packet.CommandPacketChatChannelOff )
2025-11-27 15:27:48.6036|TRACE|CommandPacketChatChannelOffHandler|Received CommandPacketChatChannelOff packet. ( Sanctuary.Packet.CommandPacketChatChannelOff )
2025-11-27 15:27:48.6036|TRACE|CommandPacketChatChannelOnHandler|Received CommandPacketChatChannelOn packet. ( Sanctuary.Packet.CommandPacketChatChannelOn )
2025-11-27 15:27:48.6036|TRACE|CommandPacketChatChannelOnHandler|Received CommandPacketChatChannelOn packet. ( Sanctuary.Packet.CommandPacketChatChannelOn )
2025-11-27 15:27:48.6036|TRACE|CommandPacketChatChannelOffHandler|Received CommandPacketChatChannelOff packet. ( Sanctuary.Packet.CommandPacketChatChannelOff )
2025-11-27 15:27:48.6036|TRACE|CommandPacketChatChannelOffHandler|Received CommandPacketChatChannelOff packet. ( Sanctuary.Packet.CommandPacketChatChannelOff )
2025-11-27 15:27:48.6036|TRACE|CommandPacketChatChannelOnHandler|Received CommandPacketChatChannelOn packet. ( Sanctuary.Packet.CommandPacketChatChannelOn )
2025-11-27 15:27:54.0970|INFO|Sanctuary.Gateway.GatewayConnection|127.0.0.1:65349 disconnected. Application
2025-11-27 15:34:00.6909|DEBUG|Microsoft.Extensions.Hosting.Internal.Host|Hosting starting
2025-11-27 15:34:10.0652|INFO|Sanctuary.Game.ResourceManager|Loaded 5 interactions.
2025-11-27 15:34:10.1355|INFO|Sanctuary.Gateway.GatewayService|GatewayServer started and is listening on port '20260'.
2025-11-27 15:34:10.5433|INFO|Sanctuary.Gateway.LoginConnection|127.0.0.1:20041 connected.
2025-11-27 15:34:10.6863|TRACE|GatewayLoginReplyHandler|Received GatewayLoginReply packet. ( Sanctuary.Packet.GatewayLoginReply )
2025-11-27 15:40:20.1767|DEBUG|Microsoft.Extensions.Hosting.Internal.Host|Hosting starting
2025-11-27 15:40:24.0584|INFO|Sanctuary.Game.ResourceManager|Loaded 5 interactions.
2025-11-27 15:40:24.0838|INFO|Sanctuary.Gateway.GatewayService|GatewayServer started and is listening on port '20260'.
2025-11-27 15:40:24.2280|INFO|Sanctuary.Gateway.LoginConnection|127.0.0.1:20041 connected.
2025-11-27 15:40:24.3435|TRACE|GatewayLoginReplyHandler|Received GatewayLoginReply packet. ( Sanctuary.Packet.GatewayLoginReply )
2025-11-27 16:12:18.5734|DEBUG|Microsoft.Extensions.Hosting.Internal.Host|Hosting starting
2025-11-27 16:12:20.1050|INFO|Sanctuary.Game.ResourceManager|Loaded 5 interactions.
2025-11-27 16:12:20.1200|INFO|Sanctuary.Gateway.GatewayService|GatewayServer started and is listening on port '20260'.
2025-11-27 16:12:20.1874|INFO|Sanctuary.Gateway.LoginConnection|127.0.0.1:20041 connected.
2025-11-27 16:12:20.3089|TRACE|GatewayLoginReplyHandler|Received GatewayLoginReply packet. ( Sanctuary.Packet.GatewayLoginReply )
2025-11-27 16:18:32.5429|DEBUG|Microsoft.Extensions.Hosting.Internal.Host|Hosting starting
2025-11-27 16:18:33.3883|INFO|Sanctuary.Game.ResourceManager|Loaded 5 interactions.
2025-11-27 16:18:33.4020|INFO|Sanctuary.Gateway.GatewayService|GatewayServer started and is listening on port '20260'.
2025-11-27 16:18:33.4739|INFO|Sanctuary.Gateway.LoginConnection|127.0.0.1:20041 connected.
2025-11-27 16:18:33.5895|TRACE|GatewayLoginReplyHandler|Received GatewayLoginReply packet. ( Sanctuary.Packet.GatewayLoginReply )
2025-11-27 16:42:34.5867|DEBUG|Microsoft.Extensions.Hosting.Internal.Host|Hosting starting
2025-11-27 16:42:41.3787|INFO|Sanctuary.Game.ResourceManager|Loaded 5 interactions.
2025-11-27 16:42:41.3956|INFO|Sanctuary.Gateway.GatewayService|GatewayServer started and is listening on port '20260'.
2025-11-27 16:42:41.4842|INFO|Sanctuary.Gateway.LoginConnection|127.0.0.1:20041 connected.
2025-11-27 16:42:41.6055|TRACE|GatewayLoginReplyHandler|Received GatewayLoginReply packet. ( Sanctuary.Packet.GatewayLoginReply )
2025-11-27 18:05:06.4638|DEBUG|Microsoft.Extensions.Hosting.Internal.Host|Hosting starting
2025-11-27 18:05:07.1544|INFO|Sanctuary.Game.ResourceManager|Loaded 5 interactions.
2025-11-27 18:05:07.1544|INFO|Sanctuary.Gateway.GatewayService|GatewayServer started and is listening on port '20260'.
2025-11-27 18:05:07.1848|INFO|Sanctuary.Gateway.LoginConnection|127.0.0.1:20041 connected.
2025-11-27 18:05:07.3084|TRACE|GatewayLoginReplyHandler|Received GatewayLoginReply packet. ( Sanctuary.Packet.GatewayLoginReply )
2025-11-27 18:09:49.6093|INFO|Sanctuary.Gateway.GatewayServer|127.0.0.1:58880 connected.
2025-11-27 18:09:49.7453|TRACE|PacketLoginHandler|Received PacketLogin packet. ( ( Ticket: "00014949-0c8a-4fa8-bde9-97ad9eaf101c", Guid: 2, Version: "1.910.1.530630", Unknown: "" ) )
2025-11-27 18:09:50.7208|TRACE|PacketSetLocaleHandler|Received PacketSetLocale packet. ( Sanctuary.Packet.PacketSetLocale )
2025-11-27 18:09:50.7208|TRACE|PacketClientInitializationDetailsHandler|Received PacketClientInitializationDetails packet. ( Sanctuary.Packet.PacketClientInitializationDetails )
2025-11-27 18:09:50.7542|TRACE|PacketClientLogHandler|Received PacketClientLog packet. ( Filename: ClientCas.log, Message: CasApi - Invalid CAS Authentication Token. )
2025-11-27 18:09:50.7542|TRACE|PacketClientLogHandler|Received PacketClientLog packet. ( Filename: ClientUram.log, Message: UramManager - URAM GameCode: FR, Version: 11, UriDomain: account.station.sony.com, Certificate: soe-ssl-certs.pem. )
2025-11-27 18:09:50.9335|TRACE|PacketPortraitDataRequestHandler|Received PacketPortraitDataRequest packet. ( Sanctuary.Packet.PacketPortraitDataRequest )
2025-11-27 18:10:01.4286|TRACE|PacketClientIsReadyHandler|Received PacketClientIsReady packet.
2025-11-27 18:10:01.7906|TRACE|PacketClientFinishedLoadingHandler|Received PacketClientFinishedLoading packet.
2025-11-27 18:10:01.7960|TRACE|PacketClientLogHandler|Received PacketClientLog packet. ( Filename: ClientZoneTime.log, Message: 10908 ms )
2025-11-27 18:10:01.7960|TRACE|PacketClientLogHandler|Received PacketClientLog packet. ( Filename: MarketingData.log, Message: Viewed loading screen loadscreen_vendor.swf for 10.91 seconds.  Member=true, Zoning=true, Minigame Type=0 )
2025-11-27 18:10:01.7960|TRACE|PacketClientLogHandler|Received PacketClientLog packet. ( Filename: ClientStartTime.log, Message: 119451 ms )
2025-11-27 18:10:01.7960|TRACE|PacketClientLogHandler|Received PacketClientLog packet. ( Filename: ClientSystemInfo.log, Message: DriverVersion=00200000-000f1ff4 Device=000010de-00002c05-f3221569-161 Whql=00000000 VideoMem=3072 VShader=3.0 PShader=3.0 Desktop=2560x1440 Game=2560x1369 FullScreen=0 GraphicsQuality=3 ShadowQuality=3 TextureQuality=0 PhysicalMem=31811 VirtualMem=4095 MemoryLoadPercent=52 CpuCount=16 CpuType=586 CpuArchitecture=0 CpuLevel=0x001a CpuRevision=17408 DriverName=nvldumd.dll DeviceName=\\.\DISPLAY2 DeviceDescription=NVIDIA GeForce RTX 5070 Ti EffectFailures=None )
2025-11-27 18:10:13.4038|TRACE|WallOfDataUIEventPacketHandler|Received WallOfDataUIEventPacket packet. ( TableName: SocialHandler, Callback: Show, Param:  )
2025-11-27 18:10:14.4508|TRACE|WallOfDataUIEventPacketHandler|Received WallOfDataUIEventPacket packet. ( TableName: WelcomeHandler, Callback: closeWindow, Param: intotheworld )
2025-11-27 18:10:14.4857|TRACE|CommandPacketSetChatBubbleColorHandler|Received CommandPacketSetChatBubbleColor packet. ( Sanctuary.Packet.CommandPacketSetChatBubbleColor )
2025-11-27 18:10:14.4857|TRACE|CommandPacketChatChannelOnHandler|Received CommandPacketChatChannelOn packet. ( Sanctuary.Packet.CommandPacketChatChannelOn )
2025-11-27 18:10:14.4857|TRACE|CommandPacketChatChannelOnHandler|Received CommandPacketChatChannelOn packet. ( Sanctuary.Packet.CommandPacketChatChannelOn )
2025-11-27 18:10:14.4857|TRACE|CommandPacketChatChannelOffHandler|Received CommandPacketChatChannelOff packet. ( Sanctuary.Packet.CommandPacketChatChannelOff )
2025-11-27 18:10:14.4857|TRACE|CommandPacketChatChannelOffHandler|Received CommandPacketChatChannelOff packet. ( Sanctuary.Packet.CommandPacketChatChannelOff )
2025-11-27 18:10:14.4857|TRACE|CommandPacketChatChannelOnHandler|Received CommandPacketChatChannelOn packet. ( Sanctuary.Packet.CommandPacketChatChannelOn )
2025-11-27 18:10:14.4857|TRACE|CommandPacketChatChannelOnHandler|Received CommandPacketChatChannelOn packet. ( Sanctuary.Packet.CommandPacketChatChannelOn )
2025-11-27 18:10:14.4857|TRACE|CommandPacketChatChannelOffHandler|Received CommandPacketChatChannelOff packet. ( Sanctuary.Packet.CommandPacketChatChannelOff )
2025-11-27 18:10:14.4857|TRACE|CommandPacketChatChannelOffHandler|Received CommandPacketChatChannelOff packet. ( Sanctuary.Packet.CommandPacketChatChannelOff )
2025-11-27 18:10:14.4857|TRACE|CommandPacketChatChannelOnHandler|Received CommandPacketChatChannelOn packet. ( Sanctuary.Packet.CommandPacketChatChannelOn )
2025-11-27 18:10:14.4857|TRACE|CommandPacketChatChannelOffHandler|Received CommandPacketChatChannelOff packet. ( Sanctuary.Packet.CommandPacketChatChannelOff )
2025-11-27 18:10:14.4857|TRACE|CommandPacketChatChannelOffHandler|Received CommandPacketChatChannelOff packet. ( Sanctuary.Packet.CommandPacketChatChannelOff )
2025-11-27 18:10:14.4857|TRACE|CommandPacketChatChannelOnHandler|Received CommandPacketChatChannelOn packet. ( Sanctuary.Packet.CommandPacketChatChannelOn )
2025-11-27 18:10:14.4857|TRACE|CommandPacketChatChannelOnHandler|Received CommandPacketChatChannelOn packet. ( Sanctuary.Packet.CommandPacketChatChannelOn )
2025-11-27 18:10:14.4857|TRACE|CommandPacketChatChannelOffHandler|Received CommandPacketChatChannelOff packet. ( Sanctuary.Packet.CommandPacketChatChannelOff )
2025-11-27 18:10:14.4857|TRACE|CommandPacketChatChannelOffHandler|Received CommandPacketChatChannelOff packet. ( Sanctuary.Packet.CommandPacketChatChannelOff )
2025-11-27 18:10:14.4857|TRACE|CommandPacketChatChannelOnHandler|Received CommandPacketChatChannelOn packet. ( Sanctuary.Packet.CommandPacketChatChannelOn )
2025-11-27 18:10:14.4857|TRACE|WallOfDataUIEventPacketHandler|Received WallOfDataUIEventPacket packet. ( TableName: SocialHandler, Callback: getFriends, Param:  )
2025-11-27 18:10:26.8651|TRACE|PacketClientMetricsHandler|Received PacketClientMetrics packet. ( Sanctuary.Packet.PacketClientMetrics )
2025-11-27 18:10:41.8660|TRACE|PacketClientMetricsHandler|Received PacketClientMetrics packet. ( Sanctuary.Packet.PacketClientMetrics )
2025-11-27 18:10:56.8708|TRACE|PacketClientMetricsHandler|Received PacketClientMetrics packet. ( Sanctuary.Packet.PacketClientMetrics )
2025-11-27 18:11:11.8750|TRACE|PacketClientMetricsHandler|Received PacketClientMetrics packet. ( Sanctuary.Packet.PacketClientMetrics )
2025-11-27 18:11:26.8815|TRACE|PacketClientMetricsHandler|Received PacketClientMetrics packet. ( Sanctuary.Packet.PacketClientMetrics )
2025-11-27 18:11:41.7136|INFO|Sanctuary.Gateway.GatewayConnection|127.0.0.1:58880 disconnected. Application
