2025-11-26 13:29:16.7314|ERROR|Microsoft.EntityFrameworkCore.Database.Connection|An error occurred using the connection to database 'main' on server '../../database/sanctuary.db'.
2025-11-26 13:29:16.7314|FATAL|Sanctuary.Login.LoginService|Cannot start LoginService. Failed to reach database.|Microsoft.Data.Sqlite.SqliteException (0x80004005): SQLite Error 14: 'unable to open database file'.
   at Microsoft.Data.Sqlite.SqliteException.ThrowExceptionForRC(Int32 rc, sqlite3 db)
   at Microsoft.Data.Sqlite.SqliteConnectionInternal..ctor(SqliteConnectionStringBuilder connectionOptions, SqliteConnectionPool pool)
   at Microsoft.Data.Sqlite.SqliteConnectionPool.GetConnection()
   at Microsoft.Data.Sqlite.SqliteConnectionFactory.GetConnection(SqliteConnection outerConnection)
   at Microsoft.Data.Sqlite.SqliteConnection.Open()
   at Microsoft.EntityFrameworkCore.Storage.RelationalConnection.OpenDbConnection(Boolean errorsExpected)
   at Microsoft.EntityFrameworkCore.Storage.RelationalConnection.OpenInternal(Boolean errorsExpected)
   at Microsoft.EntityFrameworkCore.Storage.RelationalConnection.Open(Boolean errorsExpected)
   at Microsoft.EntityFrameworkCore.Sqlite.Storage.Internal.SqliteDatabaseCreator.Create()
   at Microsoft.EntityFrameworkCore.Migrations.Internal.Migrator.Migrate(String targetMigration)
   at Microsoft.EntityFrameworkCore.RelationalDatabaseFacadeExtensions.Migrate(DatabaseFacade databaseFacade)
   at Sanctuary.Login.LoginService.ExecuteAsync(CancellationToken cancellationToken) in D:\Project\FR\Emulator\src\Sanctuary.Login\LoginService.cs:line 47
2025-11-26 13:29:20.8032|ERROR|Microsoft.EntityFrameworkCore.Database.Connection|An error occurred using the connection to database 'main' on server '../../database/sanctuary.db'.
2025-11-26 13:29:20.8032|FATAL|Sanctuary.Login.LoginService|Cannot start LoginService. Failed to reach database.|Microsoft.Data.Sqlite.SqliteException (0x80004005): SQLite Error 14: 'unable to open database file'.
   at Microsoft.Data.Sqlite.SqliteException.ThrowExceptionForRC(Int32 rc, sqlite3 db)
   at Microsoft.Data.Sqlite.SqliteConnectionInternal..ctor(SqliteConnectionStringBuilder connectionOptions, SqliteConnectionPool pool)
   at Microsoft.Data.Sqlite.SqliteConnectionPool.GetConnection()
   at Microsoft.Data.Sqlite.SqliteConnectionFactory.GetConnection(SqliteConnection outerConnection)
   at Microsoft.Data.Sqlite.SqliteConnection.Open()
   at Microsoft.EntityFrameworkCore.Storage.RelationalConnection.OpenDbConnection(Boolean errorsExpected)
   at Microsoft.EntityFrameworkCore.Storage.RelationalConnection.OpenInternal(Boolean errorsExpected)
   at Microsoft.EntityFrameworkCore.Storage.RelationalConnection.Open(Boolean errorsExpected)
   at Microsoft.EntityFrameworkCore.Sqlite.Storage.Internal.SqliteDatabaseCreator.Create()
   at Microsoft.EntityFrameworkCore.Migrations.Internal.Migrator.Migrate(String targetMigration)
   at Microsoft.EntityFrameworkCore.RelationalDatabaseFacadeExtensions.Migrate(DatabaseFacade databaseFacade)
   at Sanctuary.Login.LoginService.ExecuteAsync(CancellationToken cancellationToken) in D:\Project\FR\Emulator\src\Sanctuary.Login\LoginService.cs:line 47
2025-11-26 13:35:52.2480|ERROR|Microsoft.EntityFrameworkCore.Database.Connection|An error occurred using the connection to database 'main' on server '../../database/sanctuary.db'.
2025-11-26 13:35:52.2480|FATAL|Sanctuary.Login.LoginService|Cannot start LoginService. Failed to reach database.|Microsoft.Data.Sqlite.SqliteException (0x80004005): SQLite Error 14: 'unable to open database file'.
   at Microsoft.Data.Sqlite.SqliteException.ThrowExceptionForRC(Int32 rc, sqlite3 db)
   at Microsoft.Data.Sqlite.SqliteConnectionInternal..ctor(SqliteConnectionStringBuilder connectionOptions, SqliteConnectionPool pool)
   at Microsoft.Data.Sqlite.SqliteConnectionPool.GetConnection()
   at Microsoft.Data.Sqlite.SqliteConnectionFactory.GetConnection(SqliteConnection outerConnection)
   at Microsoft.Data.Sqlite.SqliteConnection.Open()
   at Microsoft.EntityFrameworkCore.Storage.RelationalConnection.OpenDbConnection(Boolean errorsExpected)
   at Microsoft.EntityFrameworkCore.Storage.RelationalConnection.OpenInternal(Boolean errorsExpected)
   at Microsoft.EntityFrameworkCore.Storage.RelationalConnection.Open(Boolean errorsExpected)
   at Microsoft.EntityFrameworkCore.Sqlite.Storage.Internal.SqliteDatabaseCreator.Create()
   at Microsoft.EntityFrameworkCore.Migrations.Internal.Migrator.Migrate(String targetMigration)
   at Microsoft.EntityFrameworkCore.RelationalDatabaseFacadeExtensions.Migrate(DatabaseFacade databaseFacade)
   at Sanctuary.Login.LoginService.ExecuteAsync(CancellationToken cancellationToken) in D:\Project\FR\Emulator\src\Sanctuary.Login\LoginService.cs:line 47
