2026-05-14 17:45:02.3284|ERROR|Sanctuary.Gateway.GatewayConnection|[CrcReject] Guid: 241, Data: 00090002E500192B050001240000007D00F100000000000000779EF2C3CBA13FC119B891C40377D73C0000000054E97F3F0100210500011A0000007E0016DBF2C3F75612C1E3B797C44139D7BC26463D3D5AA37FBF3EA0
2026-05-14 17:45:21.0308|ERROR|Sanctuary.Gateway.GatewayConnection|[CrcReject] Guid: 241, Data: 00090002F100192B050001240000007D00F100000000000000779EF2C3CBA13FC119B891C40377D73C0000000054E97F3F0100210500011A0000007E00E72BF3C378A47BC000B797C407516EBD5B0CA33EF63672BF63E5
2026-05-14 17:45:43.2977|ERROR|Sanctuary.Gateway.GatewayConnection|[CrcReject] Guid: 241, Data: 00090002FC00192B050001240000007D00F100000000000000779EF2C3FCA93FC119B891C40377D73C0000000054E97F3F0100210500011A0000007E00E72BF3C374A47BC000B797C407516EBD5B0CA33EF63672BF81EA
2026-05-14 17:46:46.3902|ERROR|Sanctuary.Gateway.GatewayConnection|[CrcReject] Guid: 241, Data: 00090003A400192B050001240000007D00F1000000000000003FA8F2C3459557C1A73F95C425D52BBF000000000AC33DBF0000210500011A0000007E0097D0EAC3498D9CC0C38E95C4C380733F57299C3E2922413D8DFC
2026-05-14 17:48:37.3210|ERROR|Sanctuary.Gateway.GatewayConnection|[CrcReject] Guid: 241, Data: 000900051600192B050001240000007D00F100000000000000DD84DBC3AC1C3ABF7BAC91C438EE093E00000000C0AA7D3F0100210500011A0000007E0027BBDCC390D7044137A795C42E7B00BE4540BA3EAD496CBF6EA5
2026-05-14 17:49:50.6547|ERROR|Sanctuary.Gateway.GatewayConnection|[CrcReject] Guid: 241, Data: 000900062A00192B050001240000007D00F10000000000000067A510C450BC98C0848190C400DE7FBF000000006AEC033D0100210500011A0000007E0000260CC4D11616410F9490C437C76D3F5B17BD3EF019F5BC4630
2026-05-14 17:50:50.9697|ERROR|Sanctuary.Gateway.GatewayConnection|[CrcReject] Guid: 241, Data: 000900067C00192B050001240000007D00F10000000000000075030FC4EE7C3FBEC9E690C473380B3E00000000799F7D3F0100210500011A0000007E00CE790FC4C551064154AF92C46E7303BE56A9A83E82776FBF6E8A
2026-05-14 17:51:38.1953|ERROR|Sanctuary.Gateway.GatewayConnection|[CrcReject] Guid: 241, Data: 00090006C400192B050001240000007D00F10000000000000058070FC455429BC0346C90C496F37FBF00000000B4709FBC0100210500011A0000007E0067870AC44D750A41696690C405BF703F1C07AE3ED9041B3CD17B
2026-05-14 17:51:56.3351|ERROR|Sanctuary.Gateway.GatewayConnection|[CrcReject] Guid: 241, Data: 00090006D300192B050001240000007D00F10000000000000075030FC43F355EBEC9E690C4B3637ABF000000007435553E0100210500011A0000007E0069A10AC4CCC5094106B490C4F4D36E3FA694AC3E35B001BE6E61
2026-05-14 17:53:56.7593|ERROR|Sanctuary.Gateway.GatewayConnection|[CrcReject] Guid: 241, Data: 000900075400192B050001240000007D00F100000000000000686110C40000003F107490C44A557F3F0000000062B993BD0100210500011A0000007E0061DE14C45C6E2C41874A90C464A366BFDCABDB3E8F6B853D8A48
2026-05-14 17:54:46.2856|ERROR|Sanctuary.Gateway.GatewayConnection|[CrcReject] Guid: 241, Data: 00090007CC00192B050001240000007D00F100000000000000B2850EC40000D8C0D34192C49E5B79BF0000000014BF67BE0100210500011A0000007E00932305C4AABBC54073BF91C4D725553FCBDB043F6B18463E78BB
2026-05-14 17:56:09.8809|ERROR|Sanctuary.Gateway.GatewayConnection|[CrcReject] Guid: 241, Data: 000900093E00192B050001240000007D00F1000000000000005AE404C49CC4A2C1D78796C4E7DB7F3F000000009CEE07BD0100210500011A0000007E00B76309C483A606C1BD7496C40A3465BFFD8AE33E3688F33CA2A4
2026-05-14 17:56:22.4799|ERROR|Sanctuary.Gateway.GatewayConnection|[CrcReject] Guid: 241, Data: 000900094400192B050001240000007D00F1000000000000005AE404C49CC4A2C1D78796C4E7DB7F3F000000009CEE07BD0100210500011A0000007E00B76309C483A606C1BD7496C40A3465BFFD8AE33E3688F33CEC52
2026-05-14 17:56:33.0911|ERROR|Sanctuary.Gateway.GatewayConnection|[CrcReject] Guid: 241, Data: 000900095400192B050001240000007D00F1000000000000005AE404C49CC4A2C1D78796C4E7DB7F3F000000009CEE07BD0100210500011A0000007E00B76309C482A606C1BD7496C40A3465BFFD8AE33E3688F33CFF61
2026-05-14 17:56:44.2151|ERROR|Sanctuary.Gateway.GatewayConnection|[CrcReject] Guid: 241, Data: 000900096200192B050001240000007D00F1000000000000005AE404C49CC4A2C1D78796C4E7DB7F3F000000009CEE07BD0100210500011A0000007E00B86309C481A606C1BD7496C40A3465BFFD8AE33E3688F33C4C96
2026-05-14 17:59:02.2099|ERROR|Sanctuary.Gateway.GatewayConnection|[CrcReject] Guid: 241, Data: 000900002D00192B050001240000007D00F10000000000000012CB04C4F628A2C1628496C445C8773F0000000039AF803E0100210500011A0000007E0085BD06C4FA388BC1F8BE96C47E2C79BFFFDE87BC32476ABEE275
2026-05-14 17:59:15.1946|ERROR|Sanctuary.Gateway.GatewayConnection|[CrcReject] Guid: 241, Data: 000900007B00192B050001240000007D00F100000000000000E9FF03C4FC28BEC17B7096C45D647C3F000000001A502B3E0100210500011A0000007E00B5F805C44A9A78C1539B96C4867579BF8AA41B3EA65529BEC14A
2026-05-14 17:59:34.4479|ERROR|Sanctuary.Gateway.GatewayConnection|[CrcReject] Guid: 241, Data: 00090000AE00192B050001240000007D00F10000000000000012CB04C4F628A2C1628496C4F8D67FBF0000000014EA103D0100210500011A0000007E0016A502C499B865C1797696C44183723FE117A33EB46309BD8ADD
2026-05-14 18:02:50.9836|ERROR|Sanctuary.Gateway.GatewayConnection|[CrcReject] Guid: 241, Data: 000900058E00192B050001240000007D00F100000000000000A24FBFC3CBBD2AC250A28FC49DBB7EBF00000000E783CBBD0100210500011A0000007E000A5BB6C351DA34C213698FC488567D3F6107D63D4B66CA3D99C9
2026-05-14 18:32:30.2767|ERROR|Sanctuary.Gateway.GatewayConnection|Failed to save character data to database
2026-05-14 19:03:09.8705|ERROR|Sanctuary.Gateway.GatewayConnection|Failed to save character data to database
2026-05-14 19:33:04.1309|ERROR|Sanctuary.Gateway.GatewayConnection|Failed to save character data to database
2026-05-14 22:43:36.5266|ERROR|Sanctuary.Gateway.GatewayConnection|Failed to save character data to database
2026-05-14 22:44:45.7140|ERROR|Sanctuary.Gateway.GatewayConnection|Failed to save character data to database
