2025-12-01 12:52:06.5182|WARN|InventoryPacketUseStyleCardHandler|Unknown model customization mapping. 0
2025-12-01 12:52:06.5182|WARN|InventoryPacketUseStyleCardHandler|Unknown string param. 5 0
2025-12-01 12:52:17.0776|WARN|InventoryPacketPreviewStyleCardHandler|Unknown model customization mapping. 0
2025-12-01 12:52:17.0776|WARN|InventoryPacketPreviewStyleCardHandler|Unknown string param. 5 0
2025-12-01 12:52:20.4816|WARN|InventoryPacketPreviewStyleCardHandler|Unknown model customization mapping. 0
2025-12-01 12:52:20.4816|WARN|InventoryPacketPreviewStyleCardHandler|Unknown string param. 5 0
2025-12-01 14:44:32.4133|WARN|InventoryPacketPreviewStyleCardHandler|Unknown model customization mapping. 0
2025-12-01 14:44:32.4600|WARN|InventoryPacketPreviewStyleCardHandler|Unknown string param. 5 0
2025-12-01 14:44:42.0756|WARN|InventoryPacketPreviewStyleCardHandler|Unknown model customization mapping. 0
2025-12-01 14:44:42.0756|WARN|InventoryPacketPreviewStyleCardHandler|Unknown string param. 5 0
2025-12-01 14:44:43.8657|WARN|InventoryPacketUseStyleCardHandler|Unknown model customization mapping. 0
2025-12-01 14:44:43.8657|WARN|InventoryPacketUseStyleCardHandler|Unknown string param. 5 0
2025-12-01 14:44:50.1373|WARN|InventoryPacketUseStyleCardHandler|Failed to save to database.
2025-12-01 14:54:41.3486|WARN|InventoryPacketPreviewStyleCardHandler|Unknown model customization mapping. 0
2025-12-01 14:54:41.3486|WARN|InventoryPacketPreviewStyleCardHandler|Unknown string param. 5 0
2025-12-01 14:54:58.7889|WARN|InventoryPacketUseStyleCardHandler|Failed to save to database.
2025-12-01 14:54:58.7889|WARN|InventoryPacketUseStyleCardHandler|Failed to save to database.
2025-12-01 15:17:05.9656|WARN|InventoryPacketPreviewStyleCardHandler|Unknown model customization mapping. 0
2025-12-01 15:17:05.9656|WARN|InventoryPacketPreviewStyleCardHandler|Unknown string param. 5 0
2025-12-01 15:17:22.4531|WARN|InventoryPacketUseStyleCardHandler|Failed to save to database.
2025-12-01 15:17:22.4531|WARN|InventoryPacketUseStyleCardHandler|Failed to save to database.
